<?xml version="1.0" encoding="UTF-8"?>
<testsuites name="MECORP" time="53.655" tests="2" failures="1" errors="0">
   <testsuite name="MECORP" tests="2" failures="1" errors="0" time="53.655" skipped="0" timestamp="2024-01-09 15:26:43" hostname="Jerry - DESKTOP-R03MSOE" id="Test Suites/MECORP/MECORP">
      <properties>
         <property name="deviceName" value=""/>
         <property name="devicePlatform" value=""/>
         <property name="logFolder" value="C:\\Users\\Jerry\\Katalon Studio\\me-corp-add-data\\Reports\\20240109_152634\\MECORP\\MECORP\\20240109_152634"/>
         <property name="logFiles" value="C:\\Users\\Jerry\\Katalon Studio\\me-corp-add-data\\Reports\\20240109_152634\\MECORP\\MECORP\\20240109_152634\\execution0.log"/>
         <property name="attachments" value="C:\Users\Jerry\Katalon Studio\me-corp-add-data\Screenshoot\Sprint2\Web\keyes\keyes-0-memilih-button-transaksi-dan-aplikasi-baru.png, C:\Users\Jerry\Katalon Studio\me-corp-add-data\Screenshoot\Sprint2\Web\keyes\keyes-0-input-badan-usaha.png, C:\Users\Jerry\Katalon Studio\me-corp-add-data\Screenshoot\Sprint2\Web\keyes\keyes-0-page-sebelum-input-capture.png, C:\\Users\\Jerry\\Katalon Studio\\me-corp-add-data\\Reports\\20240109_152634\\MECORP\\MECORP\\20240109_152634\\1704788856748.png"/>
         <property name="hostName" value="Jerry - DESKTOP-R03MSOE"/>
         <property name="os" value="Windows 10 64bit"/>
         <property name="katalonVersion" value="8.6.6.208"/>
         <property name="browser" value="Firefox 121.0"/>
         <property name="hostAddress" value="192.168.136.1"/>
         <property name="sessionId" value="1eccc775-c069-46b6-82b4-216dd3340128"/>
         <property name="seleniumVersion" value="3.141.59"/>
         <property name="proxyInformation" value="ProxyInformation { proxyOption=NO_PROXY, proxyServerType=HTTP, username=, password=********, proxyServerAddress=, proxyServerPort=0, executionList=&quot;&quot;, isApplyToDesiredCapabilities=true }"/>
         <property name="platform" value="Windows 10"/>
      </properties>
      <testcase name="Test Cases/me corp/Login" time="12.006" classname="Test Cases/me corp/Login" status="PASSED">
         <system-out><![CDATA[2024-01-09 15:26:43 - [TEST_CASE][PASSED] - Test Cases/me corp/Login: Test Cases/me corp/Login

2024-01-09 15:26:44 - [TEST_STEP][PASSED] - username = <not implemented yet for class: org.codehaus.groovy.ast.expr.EmptyExpression>: null

2024-01-09 15:26:44 - [TEST_STEP][PASSED] - password = "Mobile123+": null

2024-01-09 15:26:44 - [TEST_STEP][PASSED] - switch (role): null

2024-01-09 15:26:44 - [TEST_STEP][PASSED] - case "cmo":: null

2024-01-09 15:26:44 - [TEST_STEP][PASSED] - username = CMO: null

2024-01-09 15:26:45 - [TEST_STEP][PASSED] - break: null

2024-01-09 15:26:45 - [TEST_STEP][PASSED] - openBrowser(""): Browser is opened with url: ''

2024-01-09 15:26:45 - [MESSAGE][INFO] - Starting 'Firefox' driver

2024-01-09 15:26:46 - [MESSAGE][INFO] - Action delay is set to 0 milliseconds

2024-01-09 15:26:50 - [MESSAGE][PASSED] - Browser is opened with url: ''

2024-01-09 15:26:50 - [TEST_STEP][PASSED] - navigateToUrl(ME_url): Navigate to 'https://mecorporate.idofocus.co.id:25443/login' successfully

2024-01-09 15:26:52 - [MESSAGE][PASSED] - Navigate to 'https://mecorporate.idofocus.co.id:25443/login' successfully

2024-01-09 15:26:52 - [TEST_STEP][PASSED] - maximizeWindow(): Current window maximized

2024-01-09 15:26:53 - [MESSAGE][PASSED] - Current window maximized

2024-01-09 15:26:53 - [TEST_STEP][PASSED] - setText(findTestObject("MEApp_AppBaru_InisiasiKonsumen/input_User ID_login"), username): Text '20160535' is set on object 'Object Repository/MEApp_AppBaru_InisiasiKonsumen/input_User ID_login'

2024-01-09 15:26:54 - [MESSAGE][PASSED] - Text '20160535' is set on object 'Object Repository/MEApp_AppBaru_InisiasiKonsumen/input_User ID_login'

2024-01-09 15:26:54 - [TEST_STEP][PASSED] - setText(findTestObject("MEApp_AppBaru_InisiasiKonsumen/input_User Password_login"), password): Text 'Mobile123+' is set on object 'Object Repository/MEApp_AppBaru_InisiasiKonsumen/input_User Password_login'

2024-01-09 15:26:54 - [MESSAGE][PASSED] - Text 'Mobile123+' is set on object 'Object Repository/MEApp_AppBaru_InisiasiKonsumen/input_User Password_login'

2024-01-09 15:26:54 - [TEST_STEP][PASSED] - click(findTestObject("MEApp_AppBaru_InisiasiKonsumen/button_Login")): Object: 'Object Repository/MEApp_AppBaru_InisiasiKonsumen/button_Login' is clicked on

2024-01-09 15:26:55 - [MESSAGE][PASSED] - Object: 'Object Repository/MEApp_AppBaru_InisiasiKonsumen/button_Login' is clicked on]]></system-out>
         <system-err><![CDATA[]]></system-err>
      </testcase>
      <testcase name="Test Cases/me corp/inisiasi" time="41.197" classname="Test Cases/me corp/inisiasi" status="FAILED">
         <failure type="FAILED" message="Test Cases/me corp/inisiasi FAILED.
Reason:
com.kms.katalon.core.exception.StepFailedException: Unable to set text '1222223334556' of object 'Object Repository/MEApp_AppBaru_InisiasiKonsumen/input_NPWP No fix'
	at com.kms.katalon.core.webui.keyword.internal.WebUIKeywordMain.stepFailed(WebUIKeywordMain.groovy:64)
	at com.kms.katalon.core.webui.keyword.internal.WebUIKeywordMain.runKeyword(WebUIKeywordMain.groovy:26)
	at com.kms.katalon.core.webui.keyword.builtin.SetTextKeyword.setText(SetTextKeyword.groovy:66)
	at com.kms.katalon.core.webui.keyword.builtin.SetTextKeyword.execute(SetTextKeyword.groovy:37)
	at com.kms.katalon.core.keyword.internal.KeywordExecutor.executeKeywordForPlatform(KeywordExecutor.groovy:74)
	at com.kms.katalon.core.webui.keyword.WebUiBuiltInKeywords.setText(WebUiBuiltInKeywords.groovy:980)
	at com.kms.katalon.core.webui.keyword.WebUiBuiltInKeywords$setText$2.call(Unknown Source)
	at inisiasi.run(inisiasi:70)
	at com.kms.katalon.core.main.ScriptEngine.run(ScriptEngine.java:194)
	at com.kms.katalon.core.main.ScriptEngine.runScriptAsRawText(ScriptEngine.java:119)
	at com.kms.katalon.core.main.TestCaseExecutor.runScript(TestCaseExecutor.java:448)
	at com.kms.katalon.core.main.TestCaseExecutor.doExecute(TestCaseExecutor.java:439)
	at com.kms.katalon.core.main.TestCaseExecutor.processExecutionPhase(TestCaseExecutor.java:418)
	at com.kms.katalon.core.main.TestCaseExecutor.accessMainPhase(TestCaseExecutor.java:410)
	at com.kms.katalon.core.main.TestCaseExecutor.execute(TestCaseExecutor.java:285)
	at com.kms.katalon.core.common.CommonExecutor.accessTestCaseMainPhase(CommonExecutor.java:65)
	at com.kms.katalon.core.main.TestSuiteExecutor.accessTestSuiteMainPhase(TestSuiteExecutor.java:148)
	at com.kms.katalon.core.main.TestSuiteExecutor.execute(TestSuiteExecutor.java:106)
	at com.kms.katalon.core.main.TestCaseMain.startTestSuite(TestCaseMain.java:187)
	at com.kms.katalon.core.main.TestCaseMain$startTestSuite$0.call(Unknown Source)
	at TempTestSuite1704788794126.run(TempTestSuite1704788794126.groovy:36)
Caused by: com.kms.katalon.core.webui.exception.WebElementNotFoundException: Web element with id: 'Object Repository/MEApp_AppBaru_InisiasiKonsumen/input_NPWP No fix' located by '//input[@type = 'text' and @formcontrolname = 'npwpNo']' not found
	at com.kms.katalon.core.webui.common.WebUiCommonHelper.findWebElement(WebUiCommonHelper.java:1381)
	at com.kms.katalon.core.webui.keyword.internal.WebUIAbstractKeyword.findWebElement(WebUIAbstractKeyword.groovy:27)
	at com.kms.katalon.core.webui.keyword.internal.WebUIAbstractKeyword.findWebElement(WebUIAbstractKeyword.groovy:26)
	at com.kms.katalon.core.webui.keyword.builtin.SetTextKeyword$_setText_closure1.doCall(SetTextKeyword.groovy:51)
	at com.kms.katalon.core.webui.keyword.builtin.SetTextKeyword$_setText_closure1.call(SetTextKeyword.groovy)
	at com.kms.katalon.core.webui.keyword.internal.WebUIKeywordMain.runKeyword(WebUIKeywordMain.groovy:20)
	... 19 more
"/>
         <system-out><![CDATA[2024-01-09 15:26:55 - [TEST_CASE][FAILED] - Test Cases/me corp/inisiasi: Test Cases/me corp/inisiasi FAILED.
Reason:
com.kms.katalon.core.exception.StepFailedException: Unable to set text '1222223334556' of object 'Object Repository/MEApp_AppBaru_InisiasiKonsumen/input_NPWP No fix'
	at com.kms.katalon.core.webui.keyword.internal.WebUIKeywordMain.stepFailed(WebUIKeywordMain.groovy:64)
	at com.kms.katalon.core.webui.keyword.internal.WebUIKeywordMain.runKeyword(WebUIKeywordMain.groovy:26)
	at com.kms.katalon.core.webui.keyword.builtin.SetTextKeyword.setText(SetTextKeyword.groovy:66)
	at com.kms.katalon.core.webui.keyword.builtin.SetTextKeyword.execute(SetTextKeyword.groovy:37)
	at com.kms.katalon.core.keyword.internal.KeywordExecutor.executeKeywordForPlatform(KeywordExecutor.groovy:74)
	at com.kms.katalon.core.webui.keyword.WebUiBuiltInKeywords.setText(WebUiBuiltInKeywords.groovy:980)
	at com.kms.katalon.core.webui.keyword.WebUiBuiltInKeywords$setText$2.call(Unknown Source)
	at inisiasi.run(inisiasi:70)
	at com.kms.katalon.core.main.ScriptEngine.run(ScriptEngine.java:194)
	at com.kms.katalon.core.main.ScriptEngine.runScriptAsRawText(ScriptEngine.java:119)
	at com.kms.katalon.core.main.TestCaseExecutor.runScript(TestCaseExecutor.java:448)
	at com.kms.katalon.core.main.TestCaseExecutor.doExecute(TestCaseExecutor.java:439)
	at com.kms.katalon.core.main.TestCaseExecutor.processExecutionPhase(TestCaseExecutor.java:418)
	at com.kms.katalon.core.main.TestCaseExecutor.accessMainPhase(TestCaseExecutor.java:410)
	at com.kms.katalon.core.main.TestCaseExecutor.execute(TestCaseExecutor.java:285)
	at com.kms.katalon.core.common.CommonExecutor.accessTestCaseMainPhase(CommonExecutor.java:65)
	at com.kms.katalon.core.main.TestSuiteExecutor.accessTestSuiteMainPhase(TestSuiteExecutor.java:148)
	at com.kms.katalon.core.main.TestSuiteExecutor.execute(TestSuiteExecutor.java:106)
	at com.kms.katalon.core.main.TestCaseMain.startTestSuite(TestCaseMain.java:187)
	at com.kms.katalon.core.main.TestCaseMain$startTestSuite$0.call(Unknown Source)
	at TempTestSuite1704788794126.run(TempTestSuite1704788794126.groovy:36)
Caused by: com.kms.katalon.core.webui.exception.WebElementNotFoundException: Web element with id: 'Object Repository/MEApp_AppBaru_InisiasiKonsumen/input_NPWP No fix' located by '//input[@type = 'text' and @formcontrolname = 'npwpNo']' not found
	at com.kms.katalon.core.webui.common.WebUiCommonHelper.findWebElement(WebUiCommonHelper.java:1381)
	at com.kms.katalon.core.webui.keyword.internal.WebUIAbstractKeyword.findWebElement(WebUIAbstractKeyword.groovy:27)
	at com.kms.katalon.core.webui.keyword.internal.WebUIAbstractKeyword.findWebElement(WebUIAbstractKeyword.groovy:26)
	at com.kms.katalon.core.webui.keyword.builtin.SetTextKeyword$_setText_closure1.doCall(SetTextKeyword.groovy:51)
	at com.kms.katalon.core.webui.keyword.builtin.SetTextKeyword$_setText_closure1.call(SetTextKeyword.groovy)
	at com.kms.katalon.core.webui.keyword.internal.WebUIKeywordMain.runKeyword(WebUIKeywordMain.groovy:20)
	... 19 more


2024-01-09 15:26:56 - [TEST_STEP][PASSED] - robot = new java.awt.Robot(): null

2024-01-09 15:26:57 - [TEST_STEP][PASSED] - driver = getWebDriver(): null

2024-01-09 15:26:57 - [TEST_STEP][PASSED] - userDir = getProjectDir(): null

2024-01-09 15:26:57 - [TEST_STEP][PASSED] - ssDir = userDir + sprint2WebScreenshotPath: null

2024-01-09 15:26:57 - [TEST_STEP][PASSED] - click(findTestObject("MEApp_AppBaru_InisiasiKonsumen/span_Transaksi")): Object: 'Object Repository/MEApp_AppBaru_InisiasiKonsumen/span_Transaksi' is clicked on

2024-01-09 15:26:57 - [MESSAGE][PASSED] - Object: 'Object Repository/MEApp_AppBaru_InisiasiKonsumen/span_Transaksi' is clicked on

2024-01-09 15:26:57 - [TEST_STEP][PASSED] - click(findTestObject("MEApp_AppBaru_InisiasiKonsumen/span_Aplikasi Baru")): Object: 'Object Repository/MEApp_AppBaru_InisiasiKonsumen/span_Aplikasi Baru' is clicked on

2024-01-09 15:26:58 - [MESSAGE][PASSED] - Object: 'Object Repository/MEApp_AppBaru_InisiasiKonsumen/span_Aplikasi Baru' is clicked on

2024-01-09 15:26:58 - [TEST_STEP][PASSED] - takeFullPageScreenshotAsCheckpoint(ssDir + matrix + "-memilih-button-transaksi-dan-aplikasi-baru.png"): Taking screenshot successfully

2024-01-09 15:26:58 - [MESSAGE][INFO] - 0 hidden object(s)

2024-01-09 15:26:58 - [MESSAGE][PASSED] - Taking screenshot successfully
[[ATTACHMENT|C:\Users\Jerry\Katalon Studio\me-corp-add-data\Screenshoot\Sprint2\Web\keyes\keyes-0-memilih-button-transaksi-dan-aplikasi-baru.png]]

2024-01-09 15:26:58 - [TEST_STEP][PASSED] - if (tipeKonsumen == "Perorangan"): Object: 'Object Repository/MEApp_AppBaru_InisiasiKonsumen/input_perorangan_radios-apptype' is clicked on

2024-01-09 15:26:58 - [TEST_STEP][PASSED] - click(findTestObject("MEApp_AppBaru_InisiasiKonsumen/input_perorangan_radios-apptype")): Object: 'Object Repository/MEApp_AppBaru_InisiasiKonsumen/input_perorangan_radios-apptype' is clicked on

2024-01-09 15:26:59 - [MESSAGE][PASSED] - Object: 'Object Repository/MEApp_AppBaru_InisiasiKonsumen/input_perorangan_radios-apptype' is clicked on

2024-01-09 15:26:59 - [TEST_STEP][PASSED] - click(findTestObject("MEApp_AppBaru_InisiasiKonsumen/input-badanusaha")): Object: 'Object Repository/MEApp_AppBaru_InisiasiKonsumen/input-badanusaha' is clicked on

2024-01-09 15:27:00 - [MESSAGE][PASSED] - Object: 'Object Repository/MEApp_AppBaru_InisiasiKonsumen/input-badanusaha' is clicked on

2024-01-09 15:27:00 - [TEST_STEP][PASSED] - setText(findTestObject("MEApp_AppBaru_InisiasiKonsumen/input-badanusaha"), "Perseroan Terbatas"): Text 'Perseroan Terbatas' is set on object 'Object Repository/MEApp_AppBaru_InisiasiKonsumen/input-badanusaha'

2024-01-09 15:27:00 - [MESSAGE][PASSED] - Text 'Perseroan Terbatas' is set on object 'Object Repository/MEApp_AppBaru_InisiasiKonsumen/input-badanusaha'

2024-01-09 15:27:00 - [TEST_STEP][PASSED] - takeFullPageScreenshotAsCheckpoint(ssDir + matrix + "-input-badan-usaha.png"): Taking screenshot successfully

2024-01-09 15:27:01 - [MESSAGE][INFO] - 0 hidden object(s)

2024-01-09 15:27:01 - [MESSAGE][PASSED] - Taking screenshot successfully
[[ATTACHMENT|C:\Users\Jerry\Katalon Studio\me-corp-add-data\Screenshoot\Sprint2\Web\keyes\keyes-0-input-badan-usaha.png]]

2024-01-09 15:27:01 - [TEST_STEP][PASSED] - click(findTestObject("MEApp_AppBaru_InisiasiKonsumen/span_Perseroan Terbatas ( PT. , NV. , LTD. )")): Object: 'Object Repository/MEApp_AppBaru_InisiasiKonsumen/span_Perseroan Terbatas ( PT. , NV. , LTD. )' is clicked on

2024-01-09 15:27:01 - [MESSAGE][PASSED] - Object: 'Object Repository/MEApp_AppBaru_InisiasiKonsumen/span_Perseroan Terbatas ( PT. , NV. , LTD. )' is clicked on

2024-01-09 15:27:01 - [TEST_STEP][PASSED] - takeFullPageScreenshotAsCheckpoint(ssDir + matrix + "-page-sebelum-input-capture.png"): Taking screenshot successfully

2024-01-09 15:27:02 - [MESSAGE][INFO] - 0 hidden object(s)

2024-01-09 15:27:02 - [MESSAGE][PASSED] - Taking screenshot successfully
[[ATTACHMENT|C:\Users\Jerry\Katalon Studio\me-corp-add-data\Screenshoot\Sprint2\Web\keyes\keyes-0-page-sebelum-input-capture.png]]

2024-01-09 15:27:02 - [TEST_STEP][PASSED] - click(findTestObject("MEApp_AppBaru_InisiasiKonsumen/button_Capture_npwp")): Object: 'Object Repository/MEApp_AppBaru_InisiasiKonsumen/button_Capture_npwp' is clicked on

2024-01-09 15:27:02 - [MESSAGE][PASSED] - Object: 'Object Repository/MEApp_AppBaru_InisiasiKonsumen/button_Capture_npwp' is clicked on

2024-01-09 15:27:02 - [TEST_STEP][PASSED] - npwpPath = userDir + pathNPWP: null

2024-01-09 15:27:02 - [TEST_STEP][PASSED] - siupPath = userDir + pathSIUP: null

2024-01-09 15:27:02 - [TEST_STEP][PASSED] - tdpPath = userDir + pathTDP: null

2024-01-09 15:27:02 - [TEST_STEP][PASSED] - npwpPath = npwpPath.replace("/", "\"): null

2024-01-09 15:27:02 - [TEST_STEP][PASSED] - siupPath = siupPath.replace("/", "\"): null

2024-01-09 15:27:02 - [TEST_STEP][PASSED] - tdpPath = tdpPath.replace("/", "\"): null

2024-01-09 15:27:02 - [TEST_STEP][PASSED] - popup.popup.uploadFile(findTestObject("Object Repository/MEApp_AppBaru_InisiasiKonsumen/Page_Mobile Entry - BCAF/button_Local File"), npwpPath): popup.popup.uploadFile is PASSED

2024-01-09 15:27:04 - [MESSAGE][PASSED] - Object: 'Object Repository/MEApp_AppBaru_InisiasiKonsumen/Page_Mobile Entry - BCAF/button_Local File' is clicked on

2024-01-09 15:27:05 - [MESSAGE][PASSED] - Delayed 0.5 second(s)

2024-01-09 15:27:05 - [MESSAGE][PASSED] - popup.popup.uploadFile is PASSED

2024-01-09 15:27:05 - [TEST_STEP][PASSED] - waitForElementPresent(findTestObject("MEApp_AppBaru_InisiasiKonsumen/button_NPWP"), 0): Object 'Object Repository/MEApp_AppBaru_InisiasiKonsumen/button_NPWP' is present

2024-01-09 15:27:05 - [MESSAGE][WARNING] - Timeout '0' is invalid. Using default page load timeout: '30'

2024-01-09 15:27:05 - [MESSAGE][PASSED] - Object 'Object Repository/MEApp_AppBaru_InisiasiKonsumen/button_NPWP' is present

2024-01-09 15:27:05 - [TEST_STEP][FAILED] - setText(findTestObject("MEApp_AppBaru_InisiasiKonsumen/input_NPWP No fix"), npwp): Unable to set text '1222223334556' of object 'Object Repository/MEApp_AppBaru_InisiasiKonsumen/input_NPWP No fix' (Root cause: com.kms.katalon.core.exception.StepFailedException: Unable to set text '1222223334556' of object 'Object Repository/MEApp_AppBaru_InisiasiKonsumen/input_NPWP No fix'
	at com.kms.katalon.core.webui.keyword.internal.WebUIKeywordMain.stepFailed(WebUIKeywordMain.groovy:64)
	at com.kms.katalon.core.webui.keyword.internal.WebUIKeywordMain.runKeyword(WebUIKeywordMain.groovy:26)
	at com.kms.katalon.core.webui.keyword.builtin.SetTextKeyword.setText(SetTextKeyword.groovy:66)
	at com.kms.katalon.core.webui.keyword.builtin.SetTextKeyword.execute(SetTextKeyword.groovy:37)
	at com.kms.katalon.core.keyword.internal.KeywordExecutor.executeKeywordForPlatform(KeywordExecutor.groovy:74)
	at com.kms.katalon.core.webui.keyword.WebUiBuiltInKeywords.setText(WebUiBuiltInKeywords.groovy:980)
	at com.kms.katalon.core.webui.keyword.WebUiBuiltInKeywords$setText$2.call(Unknown Source)
	at inisiasi.run(inisiasi:70)
	at com.kms.katalon.core.main.ScriptEngine.run(ScriptEngine.java:194)
	at com.kms.katalon.core.main.ScriptEngine.runScriptAsRawText(ScriptEngine.java:119)
	at com.kms.katalon.core.main.TestCaseExecutor.runScript(TestCaseExecutor.java:448)
	at com.kms.katalon.core.main.TestCaseExecutor.doExecute(TestCaseExecutor.java:439)
	at com.kms.katalon.core.main.TestCaseExecutor.processExecutionPhase(TestCaseExecutor.java:418)
	at com.kms.katalon.core.main.TestCaseExecutor.accessMainPhase(TestCaseExecutor.java:410)
	at com.kms.katalon.core.main.TestCaseExecutor.execute(TestCaseExecutor.java:285)
	at com.kms.katalon.core.common.CommonExecutor.accessTestCaseMainPhase(CommonExecutor.java:65)
	at com.kms.katalon.core.main.TestSuiteExecutor.accessTestSuiteMainPhase(TestSuiteExecutor.java:148)
	at com.kms.katalon.core.main.TestSuiteExecutor.execute(TestSuiteExecutor.java:106)
	at com.kms.katalon.core.main.TestCaseMain.startTestSuite(TestCaseMain.java:187)
	at com.kms.katalon.core.main.TestCaseMain$startTestSuite$0.call(Unknown Source)
	at TempTestSuite1704788794126.run(TempTestSuite1704788794126.groovy:36)
Caused by: com.kms.katalon.core.webui.exception.WebElementNotFoundException: Web element with id: 'Object Repository/MEApp_AppBaru_InisiasiKonsumen/input_NPWP No fix' located by '//input[@type = 'text' and @formcontrolname = 'npwpNo']' not found
	at com.kms.katalon.core.webui.common.WebUiCommonHelper.findWebElement(WebUiCommonHelper.java:1381)
	at com.kms.katalon.core.webui.keyword.internal.WebUIAbstractKeyword.findWebElement(WebUIAbstractKeyword.groovy:27)
	at com.kms.katalon.core.webui.keyword.internal.WebUIAbstractKeyword.findWebElement(WebUIAbstractKeyword.groovy:26)
	at com.kms.katalon.core.webui.keyword.builtin.SetTextKeyword$_setText_closure1.doCall(SetTextKeyword.groovy:51)
	at com.kms.katalon.core.webui.keyword.builtin.SetTextKeyword$_setText_closure1.call(SetTextKeyword.groovy)
	at com.kms.katalon.core.webui.keyword.internal.WebUIKeywordMain.runKeyword(WebUIKeywordMain.groovy:20)
	at com.kms.katalon.core.webui.keyword.builtin.SetTextKeyword.setText(SetTextKeyword.groovy:66)
	at com.kms.katalon.core.webui.keyword.builtin.SetTextKeyword.execute(SetTextKeyword.groovy:37)
	at com.kms.katalon.core.keyword.internal.KeywordExecutor.executeKeywordForPlatform(KeywordExecutor.groovy:74)
	at com.kms.katalon.core.webui.keyword.WebUiBuiltInKeywords.setText(WebUiBuiltInKeywords.groovy:980)
	at com.kms.katalon.core.webui.keyword.WebUiBuiltInKeywords$setText$2.call(Unknown Source)
	at Script1704773199216.run(Script1704773199216.groovy:70)
	... 13 more
)

2024-01-09 15:27:36 - [MESSAGE][INFO] - Unable to find the element located by 'By.xpath: //input[@type = 'text' and @formcontrolname = 'npwpNo']'. Please recheck the objects properties to make sure the desired element is located. 

2024-01-09 15:27:36 - [MESSAGE][FAILED] - Unable to set text '1222223334556' of object 'Object Repository/MEApp_AppBaru_InisiasiKonsumen/input_NPWP No fix' (Root cause: com.kms.katalon.core.exception.StepFailedException: Unable to set text '1222223334556' of object 'Object Repository/MEApp_AppBaru_InisiasiKonsumen/input_NPWP No fix'
	at com.kms.katalon.core.webui.keyword.internal.WebUIKeywordMain.stepFailed(WebUIKeywordMain.groovy:64)
	at com.kms.katalon.core.webui.keyword.internal.WebUIKeywordMain.runKeyword(WebUIKeywordMain.groovy:26)
	at com.kms.katalon.core.webui.keyword.builtin.SetTextKeyword.setText(SetTextKeyword.groovy:66)
	at com.kms.katalon.core.webui.keyword.builtin.SetTextKeyword.execute(SetTextKeyword.groovy:37)
	at com.kms.katalon.core.keyword.internal.KeywordExecutor.executeKeywordForPlatform(KeywordExecutor.groovy:74)
	at com.kms.katalon.core.webui.keyword.WebUiBuiltInKeywords.setText(WebUiBuiltInKeywords.groovy:980)
	at com.kms.katalon.core.webui.keyword.WebUiBuiltInKeywords$setText$2.call(Unknown Source)
	at inisiasi.run(inisiasi:70)
	at com.kms.katalon.core.main.ScriptEngine.run(ScriptEngine.java:194)
	at com.kms.katalon.core.main.ScriptEngine.runScriptAsRawText(ScriptEngine.java:119)
	at com.kms.katalon.core.main.TestCaseExecutor.runScript(TestCaseExecutor.java:448)
	at com.kms.katalon.core.main.TestCaseExecutor.doExecute(TestCaseExecutor.java:439)
	at com.kms.katalon.core.main.TestCaseExecutor.processExecutionPhase(TestCaseExecutor.java:418)
	at com.kms.katalon.core.main.TestCaseExecutor.accessMainPhase(TestCaseExecutor.java:410)
	at com.kms.katalon.core.main.TestCaseExecutor.execute(TestCaseExecutor.java:285)
	at com.kms.katalon.core.common.CommonExecutor.accessTestCaseMainPhase(CommonExecutor.java:65)
	at com.kms.katalon.core.main.TestSuiteExecutor.accessTestSuiteMainPhase(TestSuiteExecutor.java:148)
	at com.kms.katalon.core.main.TestSuiteExecutor.execute(TestSuiteExecutor.java:106)
	at com.kms.katalon.core.main.TestCaseMain.startTestSuite(TestCaseMain.java:187)
	at com.kms.katalon.core.main.TestCaseMain$startTestSuite$0.call(Unknown Source)
	at TempTestSuite1704788794126.run(TempTestSuite1704788794126.groovy:36)
Caused by: com.kms.katalon.core.webui.exception.WebElementNotFoundException: Web element with id: 'Object Repository/MEApp_AppBaru_InisiasiKonsumen/input_NPWP No fix' located by '//input[@type = 'text' and @formcontrolname = 'npwpNo']' not found
	at com.kms.katalon.core.webui.common.WebUiCommonHelper.findWebElement(WebUiCommonHelper.java:1381)
	at com.kms.katalon.core.webui.keyword.internal.WebUIAbstractKeyword.findWebElement(WebUIAbstractKeyword.groovy:27)
	at com.kms.katalon.core.webui.keyword.internal.WebUIAbstractKeyword.findWebElement(WebUIAbstractKeyword.groovy:26)
	at com.kms.katalon.core.webui.keyword.builtin.SetTextKeyword$_setText_closure1.doCall(SetTextKeyword.groovy:51)
	at com.kms.katalon.core.webui.keyword.builtin.SetTextKeyword$_setText_closure1.call(SetTextKeyword.groovy)
	at com.kms.katalon.core.webui.keyword.internal.WebUIKeywordMain.runKeyword(WebUIKeywordMain.groovy:20)
	at com.kms.katalon.core.webui.keyword.builtin.SetTextKeyword.setText(SetTextKeyword.groovy:66)
	at com.kms.katalon.core.webui.keyword.builtin.SetTextKeyword.execute(SetTextKeyword.groovy:37)
	at com.kms.katalon.core.keyword.internal.KeywordExecutor.executeKeywordForPlatform(KeywordExecutor.groovy:74)
	at com.kms.katalon.core.webui.keyword.WebUiBuiltInKeywords.setText(WebUiBuiltInKeywords.groovy:980)
	at com.kms.katalon.core.webui.keyword.WebUiBuiltInKeywords$setText$2.call(Unknown Source)
	at Script1704773199216.run(Script1704773199216.groovy:70)
	... 13 more
)
[[ATTACHMENT|C:\\Users\\Jerry\\Katalon Studio\\me-corp-add-data\\Reports\\20240109_152634\\MECORP\\MECORP\\20240109_152634\\1704788856748.png]]]]></system-out>
         <system-err><![CDATA[2024-01-09 15:26:55 - [TEST_CASE][FAILED] - Test Cases/me corp/inisiasi: Test Cases/me corp/inisiasi FAILED.
Reason:
com.kms.katalon.core.exception.StepFailedException: Unable to set text '1222223334556' of object 'Object Repository/MEApp_AppBaru_InisiasiKonsumen/input_NPWP No fix'
	at com.kms.katalon.core.webui.keyword.internal.WebUIKeywordMain.stepFailed(WebUIKeywordMain.groovy:64)
	at com.kms.katalon.core.webui.keyword.internal.WebUIKeywordMain.runKeyword(WebUIKeywordMain.groovy:26)
	at com.kms.katalon.core.webui.keyword.builtin.SetTextKeyword.setText(SetTextKeyword.groovy:66)
	at com.kms.katalon.core.webui.keyword.builtin.SetTextKeyword.execute(SetTextKeyword.groovy:37)
	at com.kms.katalon.core.keyword.internal.KeywordExecutor.executeKeywordForPlatform(KeywordExecutor.groovy:74)
	at com.kms.katalon.core.webui.keyword.WebUiBuiltInKeywords.setText(WebUiBuiltInKeywords.groovy:980)
	at com.kms.katalon.core.webui.keyword.WebUiBuiltInKeywords$setText$2.call(Unknown Source)
	at inisiasi.run(inisiasi:70)
	at com.kms.katalon.core.main.ScriptEngine.run(ScriptEngine.java:194)
	at com.kms.katalon.core.main.ScriptEngine.runScriptAsRawText(ScriptEngine.java:119)
	at com.kms.katalon.core.main.TestCaseExecutor.runScript(TestCaseExecutor.java:448)
	at com.kms.katalon.core.main.TestCaseExecutor.doExecute(TestCaseExecutor.java:439)
	at com.kms.katalon.core.main.TestCaseExecutor.processExecutionPhase(TestCaseExecutor.java:418)
	at com.kms.katalon.core.main.TestCaseExecutor.accessMainPhase(TestCaseExecutor.java:410)
	at com.kms.katalon.core.main.TestCaseExecutor.execute(TestCaseExecutor.java:285)
	at com.kms.katalon.core.common.CommonExecutor.accessTestCaseMainPhase(CommonExecutor.java:65)
	at com.kms.katalon.core.main.TestSuiteExecutor.accessTestSuiteMainPhase(TestSuiteExecutor.java:148)
	at com.kms.katalon.core.main.TestSuiteExecutor.execute(TestSuiteExecutor.java:106)
	at com.kms.katalon.core.main.TestCaseMain.startTestSuite(TestCaseMain.java:187)
	at com.kms.katalon.core.main.TestCaseMain$startTestSuite$0.call(Unknown Source)
	at TempTestSuite1704788794126.run(TempTestSuite1704788794126.groovy:36)
Caused by: com.kms.katalon.core.webui.exception.WebElementNotFoundException: Web element with id: 'Object Repository/MEApp_AppBaru_InisiasiKonsumen/input_NPWP No fix' located by '//input[@type = 'text' and @formcontrolname = 'npwpNo']' not found
	at com.kms.katalon.core.webui.common.WebUiCommonHelper.findWebElement(WebUiCommonHelper.java:1381)
	at com.kms.katalon.core.webui.keyword.internal.WebUIAbstractKeyword.findWebElement(WebUIAbstractKeyword.groovy:27)
	at com.kms.katalon.core.webui.keyword.internal.WebUIAbstractKeyword.findWebElement(WebUIAbstractKeyword.groovy:26)
	at com.kms.katalon.core.webui.keyword.builtin.SetTextKeyword$_setText_closure1.doCall(SetTextKeyword.groovy:51)
	at com.kms.katalon.core.webui.keyword.builtin.SetTextKeyword$_setText_closure1.call(SetTextKeyword.groovy)
	at com.kms.katalon.core.webui.keyword.internal.WebUIKeywordMain.runKeyword(WebUIKeywordMain.groovy:20)
	... 19 more]]></system-err>
      </testcase>
      <system-out><![CDATA[2024-01-09 15:26:43 - [TEST_SUITE][FAILED] - MECORP: Test Cases/me corp/inisiasi FAILED.
Reason:
com.kms.katalon.core.exception.StepFailedException: Unable to set text '1222223334556' of object 'Object Repository/MEApp_AppBaru_InisiasiKonsumen/input_NPWP No fix'
	at com.kms.katalon.core.webui.keyword.internal.WebUIKeywordMain.stepFailed(WebUIKeywordMain.groovy:64)
	at com.kms.katalon.core.webui.keyword.internal.WebUIKeywordMain.runKeyword(WebUIKeywordMain.groovy:26)
	at com.kms.katalon.core.webui.keyword.builtin.SetTextKeyword.setText(SetTextKeyword.groovy:66)
	at com.kms.katalon.core.webui.keyword.builtin.SetTextKeyword.execute(SetTextKeyword.groovy:37)
	at com.kms.katalon.core.keyword.internal.KeywordExecutor.executeKeywordForPlatform(KeywordExecutor.groovy:74)
	at com.kms.katalon.core.webui.keyword.WebUiBuiltInKeywords.setText(WebUiBuiltInKeywords.groovy:980)
	at com.kms.katalon.core.webui.keyword.WebUiBuiltInKeywords$setText$2.call(Unknown Source)
	at inisiasi.run(inisiasi:70)
	at com.kms.katalon.core.main.ScriptEngine.run(ScriptEngine.java:194)
	at com.kms.katalon.core.main.ScriptEngine.runScriptAsRawText(ScriptEngine.java:119)
	at com.kms.katalon.core.main.TestCaseExecutor.runScript(TestCaseExecutor.java:448)
	at com.kms.katalon.core.main.TestCaseExecutor.doExecute(TestCaseExecutor.java:439)
	at com.kms.katalon.core.main.TestCaseExecutor.processExecutionPhase(TestCaseExecutor.java:418)
	at com.kms.katalon.core.main.TestCaseExecutor.accessMainPhase(TestCaseExecutor.java:410)
	at com.kms.katalon.core.main.TestCaseExecutor.execute(TestCaseExecutor.java:285)
	at com.kms.katalon.core.common.CommonExecutor.accessTestCaseMainPhase(CommonExecutor.java:65)
	at com.kms.katalon.core.main.TestSuiteExecutor.accessTestSuiteMainPhase(TestSuiteExecutor.java:148)
	at com.kms.katalon.core.main.TestSuiteExecutor.execute(TestSuiteExecutor.java:106)
	at com.kms.katalon.core.main.TestCaseMain.startTestSuite(TestCaseMain.java:187)
	at com.kms.katalon.core.main.TestCaseMain$startTestSuite$0.call(Unknown Source)
	at TempTestSuite1704788794126.run(TempTestSuite1704788794126.groovy:36)
Caused by: com.kms.katalon.core.webui.exception.WebElementNotFoundException: Web element with id: 'Object Repository/MEApp_AppBaru_InisiasiKonsumen/input_NPWP No fix' located by '//input[@type = 'text' and @formcontrolname = 'npwpNo']' not found
	at com.kms.katalon.core.webui.common.WebUiCommonHelper.findWebElement(WebUiCommonHelper.java:1381)
	at com.kms.katalon.core.webui.keyword.internal.WebUIAbstractKeyword.findWebElement(WebUIAbstractKeyword.groovy:27)
	at com.kms.katalon.core.webui.keyword.internal.WebUIAbstractKeyword.findWebElement(WebUIAbstractKeyword.groovy:26)
	at com.kms.katalon.core.webui.keyword.builtin.SetTextKeyword$_setText_closure1.doCall(SetTextKeyword.groovy:51)
	at com.kms.katalon.core.webui.keyword.builtin.SetTextKeyword$_setText_closure1.call(SetTextKeyword.groovy)
	at com.kms.katalon.core.webui.keyword.internal.WebUIKeywordMain.runKeyword(WebUIKeywordMain.groovy:20)
	... 19 more]]></system-out>
      <system-err><![CDATA[2024-01-09 15:26:43 - [TEST_SUITE][FAILED] - MECORP: Test Cases/me corp/inisiasi FAILED.
Reason:
com.kms.katalon.core.exception.StepFailedException: Unable to set text '1222223334556' of object 'Object Repository/MEApp_AppBaru_InisiasiKonsumen/input_NPWP No fix'
	at com.kms.katalon.core.webui.keyword.internal.WebUIKeywordMain.stepFailed(WebUIKeywordMain.groovy:64)
	at com.kms.katalon.core.webui.keyword.internal.WebUIKeywordMain.runKeyword(WebUIKeywordMain.groovy:26)
	at com.kms.katalon.core.webui.keyword.builtin.SetTextKeyword.setText(SetTextKeyword.groovy:66)
	at com.kms.katalon.core.webui.keyword.builtin.SetTextKeyword.execute(SetTextKeyword.groovy:37)
	at com.kms.katalon.core.keyword.internal.KeywordExecutor.executeKeywordForPlatform(KeywordExecutor.groovy:74)
	at com.kms.katalon.core.webui.keyword.WebUiBuiltInKeywords.setText(WebUiBuiltInKeywords.groovy:980)
	at com.kms.katalon.core.webui.keyword.WebUiBuiltInKeywords$setText$2.call(Unknown Source)
	at inisiasi.run(inisiasi:70)
	at com.kms.katalon.core.main.ScriptEngine.run(ScriptEngine.java:194)
	at com.kms.katalon.core.main.ScriptEngine.runScriptAsRawText(ScriptEngine.java:119)
	at com.kms.katalon.core.main.TestCaseExecutor.runScript(TestCaseExecutor.java:448)
	at com.kms.katalon.core.main.TestCaseExecutor.doExecute(TestCaseExecutor.java:439)
	at com.kms.katalon.core.main.TestCaseExecutor.processExecutionPhase(TestCaseExecutor.java:418)
	at com.kms.katalon.core.main.TestCaseExecutor.accessMainPhase(TestCaseExecutor.java:410)
	at com.kms.katalon.core.main.TestCaseExecutor.execute(TestCaseExecutor.java:285)
	at com.kms.katalon.core.common.CommonExecutor.accessTestCaseMainPhase(CommonExecutor.java:65)
	at com.kms.katalon.core.main.TestSuiteExecutor.accessTestSuiteMainPhase(TestSuiteExecutor.java:148)
	at com.kms.katalon.core.main.TestSuiteExecutor.execute(TestSuiteExecutor.java:106)
	at com.kms.katalon.core.main.TestCaseMain.startTestSuite(TestCaseMain.java:187)
	at com.kms.katalon.core.main.TestCaseMain$startTestSuite$0.call(Unknown Source)
	at TempTestSuite1704788794126.run(TempTestSuite1704788794126.groovy:36)
Caused by: com.kms.katalon.core.webui.exception.WebElementNotFoundException: Web element with id: 'Object Repository/MEApp_AppBaru_InisiasiKonsumen/input_NPWP No fix' located by '//input[@type = 'text' and @formcontrolname = 'npwpNo']' not found
	at com.kms.katalon.core.webui.common.WebUiCommonHelper.findWebElement(WebUiCommonHelper.java:1381)
	at com.kms.katalon.core.webui.keyword.internal.WebUIAbstractKeyword.findWebElement(WebUIAbstractKeyword.groovy:27)
	at com.kms.katalon.core.webui.keyword.internal.WebUIAbstractKeyword.findWebElement(WebUIAbstractKeyword.groovy:26)
	at com.kms.katalon.core.webui.keyword.builtin.SetTextKeyword$_setText_closure1.doCall(SetTextKeyword.groovy:51)
	at com.kms.katalon.core.webui.keyword.builtin.SetTextKeyword$_setText_closure1.call(SetTextKeyword.groovy)
	at com.kms.katalon.core.webui.keyword.internal.WebUIKeywordMain.runKeyword(WebUIKeywordMain.groovy:20)
	... 19 more]]></system-err>
   </testsuite>
</testsuites>
