<?xml version="1.0" encoding="UTF-8"?>
<testsuites name="MECORP" time="321.478" tests="4" failures="2" errors="0">
   <testsuite name="MECORP" tests="4" failures="2" errors="0" time="321.478" skipped="0" timestamp="2024-01-15 11:21:43" hostname="Jerry - DESKTOP-R03MSOE" id="Test Suites/MECORP/MECORP">
      <properties>
         <property name="deviceName" value=""/>
         <property name="devicePlatform" value=""/>
         <property name="logFolder" value="C:\\Users\\Jerry\\Katalon Studio\\me-corp-add-data\\Reports\\20240115_112135\\MECORP\\MECORP\\20240115_112135"/>
         <property name="logFiles" value="C:\\Users\\Jerry\\Katalon Studio\\me-corp-add-data\\Reports\\20240115_112135\\MECORP\\MECORP\\20240115_112135\\execution0.log"/>
         <property name="attachments" value="C:\Users\Jerry\Katalon Studio\me-corp-add-data\Screenshoot\Sprint2\Web\keyes\keyes-0-memilih-button-transaksi-dan-aplikasi-baru.png, C:\Users\Jerry\Katalon Studio\me-corp-add-data\Screenshoot\Sprint2\Web\keyes\keyes-0-input-badan-usaha.png, C:\Users\Jerry\Katalon Studio\me-corp-add-data\Screenshoot\Sprint2\Web\keyes\keyes-0-page-sebelum-input-capture.png, C:\Users\Jerry\Katalon Studio\me-corp-add-data\Screenshoot\Sprint2\Web\keyes\keyes-0-Capture-npwp-siup-tdp.png, C:\Users\Jerry\Katalon Studio\me-corp-add-data\Screenshoot\Sprint2\Web\keyes\keyes-0-Memilih-Radio-Button-Perubahan-Data.png, C:\Users\Jerry\Katalon Studio\me-corp-add-data\Screenshoot\Sprint2\Web\keyes\keyes-0-Masuk-aplikasi-matching.png, C:\Users\Jerry\Katalon Studio\me-corp-add-data\Screenshoot\Sprint4\Web\keyes\keyes-scenario-1-Berhasil-dilakukan-inisiasi-konsumen-baru.png, C:\Users\Jerry\Katalon Studio\me-corp-add-data\Screenshoot\Sprint2\Web\keyes\keyes-scenario-1-masuk-submenu-surat-keterangan-domisili.png, C:\Users\Jerry\Katalon Studio\me-corp-add-data\Screenshoot\Sprint2\Web\keyes\keyes-scenario-1-capture-surat-keterangan-domisili-berhasil.png, C:\Users\Jerry\Katalon Studio\me-corp-add-data\Screenshoot\Sprint2\Web\keyes\keyes-scenario-1-Masuk-submenu-FAP.png, C:\Users\Jerry\Katalon Studio\me-corp-add-data\Screenshoot\Sprint2\Web\keyes\keyes-scenario-1-Input-data-FAP.png, C:\Users\Jerry\Katalon Studio\me-corp-add-data\Screenshoot\Sprint2\Web\keyes\keyes-scenario-1-Input-data-alamat-pengirim-surat.png, C:\Users\Jerry\Katalon Studio\me-corp-add-data\Screenshoot\Sprint2\Web\keyes\keyes-scenario-1-Input-data-pengurus.png, C:\Users\Jerry\Katalon Studio\me-corp-add-data\Screenshoot\Sprint2\Web\keyes\keyes-scenario-1-Masuk-submenu-data-pengurus-1.png, C:\Users\Jerry\Katalon Studio\me-corp-add-data\Screenshoot\Sprint2\Web\keyes\keyes-scenario-1-Berhasil-input-otomatis-data-pengurus-berdasarkan-data-capture-ktp-pengurus-yang-di-capture.png, C:\Users\Jerry\Katalon Studio\me-corp-add-data\Screenshoot\Sprint2\Web\keyes\keyes-scenario-1-Berhasil-input-otomatis-data-pengurus-1.png, C:\Users\Jerry\Katalon Studio\me-corp-add-data\Screenshoot\Sprint2\Web\keyes\keyes-scenario-1-Masuk-Submenu-pemegang-saham-1.png, C:\Users\Jerry\Katalon Studio\me-corp-add-data\Screenshoot\Sprint2\Web\keyes\keyes-scenario-1-Memilih-radio-button-pemegang-saham.png, C:\Users\Jerry\Katalon Studio\me-corp-add-data\Screenshoot\Sprint2\Web\keyes\keyes-scenario-1-Masuk-Submenu-pemegang-saham-1.png, C:\Users\Jerry\Katalon Studio\me-corp-add-data\Screenshoot\Sprint2\Web\keyes\keyes-scenario-1-Berhasil-pemegang-saham-1.png, C:\Users\Jerry\Katalon Studio\me-corp-add-data\Screenshoot\Sprint2\Web\keyes\keyes-scenario-1-Masuk-Submenu-financial.png, C:\Users\Jerry\Katalon Studio\me-corp-add-data\Screenshoot\Sprint2\Web\keyes\keyes-scenario-1-berhasil-input-capture-laporan-keuangan.png, C:\Users\Jerry\Katalon Studio\me-corp-add-data\Screenshoot\Sprint2\Web\keyes\keyes-scenario-1-behasil-input-capture-laporan-bukti-kepemilikan.png, C:\\Users\\Jerry\\Katalon Studio\\me-corp-add-data\\Reports\\20240115_112135\\MECORP\\MECORP\\20240115_112135\\1705292769228.png, C:\Users\Jerry\Katalon Studio\me-corp-add-data\Screenshoot\Sprint2\Web\keyes\keyes-scenario-1-masuk-menu-collateral-dan-loan.png, C:\\Users\\Jerry\\Katalon Studio\\me-corp-add-data\\Reports\\20240115_112135\\MECORP\\MECORP\\20240115_112135\\1705292774292.png, C:\Users\Jerry\Katalon Studio\me-corp-add-data\Screenshoot\Sprint2\Web\keyes\keyes-scenario-1-input-jenis-pengajuan.png, C:\\Users\\Jerry\\Katalon Studio\\me-corp-add-data\\Reports\\20240115_112135\\MECORP\\MECORP\\20240115_112135\\1705292777810.png, C:\Users\Jerry\Katalon Studio\me-corp-add-data\Screenshoot\Sprint2\Web\keyes\keyes-scenario-1-input-tujuan-pengajuan.png, C:\Users\Jerry\Katalon Studio\me-corp-add-data\Screenshoot\Sprint2\Web\keyes\keyes-scenario-1-input-payment.png, C:\Users\Jerry\Katalon Studio\me-corp-add-data\Screenshoot\Sprint2\Web\keyes\keyes-scenario-1-input-data-autodebit.png, C:\\Users\\Jerry\\Katalon Studio\\me-corp-add-data\\Reports\\20240115_112135\\MECORP\\MECORP\\20240115_112135\\1705292825278.png"/>
         <property name="hostName" value="Jerry - DESKTOP-R03MSOE"/>
         <property name="os" value="Windows 10 64bit"/>
         <property name="katalonVersion" value="8.6.6.208"/>
         <property name="browser" value="Firefox 121.0"/>
         <property name="hostAddress" value="192.168.136.1"/>
         <property name="sessionId" value="d646df92-1636-4cba-9e0f-8d90d8df4261"/>
         <property name="seleniumVersion" value="3.141.59"/>
         <property name="proxyInformation" value="ProxyInformation { proxyOption=NO_PROXY, proxyServerType=HTTP, username=, password=********, proxyServerAddress=, proxyServerPort=0, executionList=&quot;&quot;, isApplyToDesiredCapabilities=true }"/>
         <property name="platform" value="Windows 10"/>
      </properties>
      <testcase name="Test Cases/me corp/Login" time="10.269" classname="Test Cases/me corp/Login" status="PASSED">
         <system-out><![CDATA[2024-01-15 11:21:44 - [TEST_CASE][PASSED] - Test Cases/me corp/Login: Test Cases/me corp/Login

2024-01-15 11:21:44 - [TEST_STEP][PASSED] - username = <not implemented yet for class: org.codehaus.groovy.ast.expr.EmptyExpression>: null

2024-01-15 11:21:44 - [TEST_STEP][PASSED] - password = "Mobile123+": null

2024-01-15 11:21:44 - [TEST_STEP][PASSED] - switch (role): null

2024-01-15 11:21:44 - [TEST_STEP][PASSED] - case "cmo":: null

2024-01-15 11:21:44 - [TEST_STEP][PASSED] - username = CMO: null

2024-01-15 11:21:45 - [TEST_STEP][PASSED] - break: null

2024-01-15 11:21:45 - [TEST_STEP][PASSED] - openBrowser(""): Browser is opened with url: ''

2024-01-15 11:21:46 - [MESSAGE][INFO] - Starting 'Firefox' driver

2024-01-15 11:21:46 - [MESSAGE][INFO] - Action delay is set to 0 milliseconds

2024-01-15 11:21:50 - [MESSAGE][PASSED] - Browser is opened with url: ''

2024-01-15 11:21:50 - [TEST_STEP][PASSED] - navigateToUrl(ME_url): Navigate to 'https://mecorporate.idofocus.co.id:25443/login' successfully

2024-01-15 11:21:52 - [MESSAGE][PASSED] - Navigate to 'https://mecorporate.idofocus.co.id:25443/login' successfully

2024-01-15 11:21:52 - [TEST_STEP][PASSED] - maximizeWindow(): Current window maximized

2024-01-15 11:21:52 - [MESSAGE][PASSED] - Current window maximized

2024-01-15 11:21:52 - [TEST_STEP][PASSED] - setText(findTestObject("MEApp_AppBaru_InisiasiKonsumen/input_User ID_login"), "20111907"): Text '20111907' is set on object 'Object Repository/MEApp_AppBaru_InisiasiKonsumen/input_User ID_login'

2024-01-15 11:21:53 - [MESSAGE][PASSED] - Text '20111907' is set on object 'Object Repository/MEApp_AppBaru_InisiasiKonsumen/input_User ID_login'

2024-01-15 11:21:53 - [TEST_STEP][PASSED] - setText(findTestObject("MEApp_AppBaru_InisiasiKonsumen/input_User Password_login"), password): Text 'Mobile123+' is set on object 'Object Repository/MEApp_AppBaru_InisiasiKonsumen/input_User Password_login'

2024-01-15 11:21:53 - [MESSAGE][PASSED] - Text 'Mobile123+' is set on object 'Object Repository/MEApp_AppBaru_InisiasiKonsumen/input_User Password_login'

2024-01-15 11:21:53 - [TEST_STEP][PASSED] - click(findTestObject("MEApp_AppBaru_InisiasiKonsumen/button_Login")): Object: 'Object Repository/MEApp_AppBaru_InisiasiKonsumen/button_Login' is clicked on

2024-01-15 11:21:54 - [MESSAGE][PASSED] - Object: 'Object Repository/MEApp_AppBaru_InisiasiKonsumen/button_Login' is clicked on]]></system-out>
         <system-err><![CDATA[]]></system-err>
      </testcase>
      <testcase name="Test Cases/me corp/inisiasi" time="90.039" classname="Test Cases/me corp/inisiasi" status="PASSED">
         <system-out><![CDATA[2024-01-15 11:21:54 - [TEST_CASE][PASSED] - Test Cases/me corp/inisiasi: Test Cases/me corp/inisiasi

2024-01-15 11:21:55 - [TEST_STEP][PASSED] - robot = new java.awt.Robot(): null

2024-01-15 11:21:55 - [TEST_STEP][PASSED] - driver = getWebDriver(): null

2024-01-15 11:21:55 - [TEST_STEP][PASSED] - userDir = getProjectDir(): null

2024-01-15 11:21:55 - [TEST_STEP][PASSED] - ssDir = userDir + sprint2WebScreenshotPath: null

2024-01-15 11:21:55 - [TEST_STEP][PASSED] - click(findTestObject("MEApp_AppBaru_InisiasiKonsumen/span_Transaksi")): Object: 'Object Repository/MEApp_AppBaru_InisiasiKonsumen/span_Transaksi' is clicked on

2024-01-15 11:21:56 - [MESSAGE][PASSED] - Object: 'Object Repository/MEApp_AppBaru_InisiasiKonsumen/span_Transaksi' is clicked on

2024-01-15 11:21:56 - [TEST_STEP][PASSED] - click(findTestObject("MEApp_AppBaru_InisiasiKonsumen/span_Aplikasi Baru")): Object: 'Object Repository/MEApp_AppBaru_InisiasiKonsumen/span_Aplikasi Baru' is clicked on

2024-01-15 11:21:56 - [MESSAGE][PASSED] - Object: 'Object Repository/MEApp_AppBaru_InisiasiKonsumen/span_Aplikasi Baru' is clicked on

2024-01-15 11:21:56 - [TEST_STEP][PASSED] - takeFullPageScreenshotAsCheckpoint(ssDir + matrix + "-memilih-button-transaksi-dan-aplikasi-baru.png"): Taking screenshot successfully

2024-01-15 11:21:57 - [MESSAGE][INFO] - 0 hidden object(s)

2024-01-15 11:21:57 - [MESSAGE][PASSED] - Taking screenshot successfully
[[ATTACHMENT|C:\Users\Jerry\Katalon Studio\me-corp-add-data\Screenshoot\Sprint2\Web\keyes\keyes-0-memilih-button-transaksi-dan-aplikasi-baru.png]]

2024-01-15 11:21:57 - [TEST_STEP][PASSED] - if (tipeKonsumen == "Perorangan"): null

2024-01-15 11:21:57 - [TEST_STEP][PASSED] - else: Object: 'Object Repository/MEApp_AppBaru_InisiasiKonsumen/input_korporasi_radios-apptype' is clicked on

2024-01-15 11:21:57 - [TEST_STEP][PASSED] - click(findTestObject("MEApp_AppBaru_InisiasiKonsumen/input_korporasi_radios-apptype")): Object: 'Object Repository/MEApp_AppBaru_InisiasiKonsumen/input_korporasi_radios-apptype' is clicked on

2024-01-15 11:21:58 - [MESSAGE][PASSED] - Object: 'Object Repository/MEApp_AppBaru_InisiasiKonsumen/input_korporasi_radios-apptype' is clicked on

2024-01-15 11:21:58 - [TEST_STEP][PASSED] - click(findTestObject("MEApp_AppBaru_InisiasiKonsumen/input-badanusaha")): Object: 'Object Repository/MEApp_AppBaru_InisiasiKonsumen/input-badanusaha' is clicked on

2024-01-15 11:21:58 - [MESSAGE][PASSED] - Object: 'Object Repository/MEApp_AppBaru_InisiasiKonsumen/input-badanusaha' is clicked on

2024-01-15 11:21:58 - [TEST_STEP][PASSED] - setText(findTestObject("MEApp_AppBaru_InisiasiKonsumen/input-badanusaha"), badanUsaha): Text 'Perseroan Terbatas' is set on object 'Object Repository/MEApp_AppBaru_InisiasiKonsumen/input-badanusaha'

2024-01-15 11:21:59 - [MESSAGE][PASSED] - Text 'Perseroan Terbatas' is set on object 'Object Repository/MEApp_AppBaru_InisiasiKonsumen/input-badanusaha'

2024-01-15 11:21:59 - [TEST_STEP][PASSED] - takeFullPageScreenshotAsCheckpoint(ssDir + matrix + "-input-badan-usaha.png"): Taking screenshot successfully

2024-01-15 11:21:59 - [MESSAGE][INFO] - 0 hidden object(s)

2024-01-15 11:21:59 - [MESSAGE][PASSED] - Taking screenshot successfully
[[ATTACHMENT|C:\Users\Jerry\Katalon Studio\me-corp-add-data\Screenshoot\Sprint2\Web\keyes\keyes-0-input-badan-usaha.png]]

2024-01-15 11:21:59 - [TEST_STEP][PASSED] - click(findTestObject("MEApp_AppBaru_InisiasiKonsumen/span_Perseroan Terbatas ( PT. , NV. , LTD. )")): Object: 'Object Repository/MEApp_AppBaru_InisiasiKonsumen/span_Perseroan Terbatas ( PT. , NV. , LTD. )' is clicked on

2024-01-15 11:22:00 - [MESSAGE][PASSED] - Object: 'Object Repository/MEApp_AppBaru_InisiasiKonsumen/span_Perseroan Terbatas ( PT. , NV. , LTD. )' is clicked on

2024-01-15 11:22:00 - [TEST_STEP][PASSED] - takeFullPageScreenshotAsCheckpoint(ssDir + matrix + "-page-sebelum-input-capture.png"): Taking screenshot successfully

2024-01-15 11:22:00 - [MESSAGE][INFO] - 0 hidden object(s)

2024-01-15 11:22:00 - [MESSAGE][PASSED] - Taking screenshot successfully
[[ATTACHMENT|C:\Users\Jerry\Katalon Studio\me-corp-add-data\Screenshoot\Sprint2\Web\keyes\keyes-0-page-sebelum-input-capture.png]]

2024-01-15 11:22:00 - [TEST_STEP][PASSED] - click(findTestObject("MEApp_AppBaru_InisiasiKonsumen/button_Capture_npwp")): Object: 'Object Repository/MEApp_AppBaru_InisiasiKonsumen/button_Capture_npwp' is clicked on

2024-01-15 11:22:01 - [MESSAGE][PASSED] - Object: 'Object Repository/MEApp_AppBaru_InisiasiKonsumen/button_Capture_npwp' is clicked on

2024-01-15 11:22:01 - [TEST_STEP][PASSED] - npwpPath = userDir + pathNPWP: null

2024-01-15 11:22:01 - [TEST_STEP][PASSED] - siupPath = userDir + pathSIUP: null

2024-01-15 11:22:01 - [TEST_STEP][PASSED] - tdpPath = userDir + pathTDP: null

2024-01-15 11:22:01 - [TEST_STEP][PASSED] - npwpPath = npwpPath.replace("/", "\"): null

2024-01-15 11:22:01 - [TEST_STEP][PASSED] - siupPath = siupPath.replace("/", "\"): null

2024-01-15 11:22:01 - [TEST_STEP][PASSED] - tdpPath = tdpPath.replace("/", "\"): null

2024-01-15 11:22:01 - [TEST_STEP][PASSED] - popup.popup.uploadFile(findTestObject("Object Repository/MEApp_AppBaru_InisiasiKonsumen/Page_Mobile Entry - BCAF/button_Local File"), npwpPath): popup.popup.uploadFile is PASSED

2024-01-15 11:22:02 - [MESSAGE][PASSED] - Object: 'Object Repository/MEApp_AppBaru_InisiasiKonsumen/Page_Mobile Entry - BCAF/button_Local File' is clicked on

2024-01-15 11:22:03 - [MESSAGE][PASSED] - Delayed 0.5 second(s)

2024-01-15 11:22:03 - [MESSAGE][PASSED] - popup.popup.uploadFile is PASSED

2024-01-15 11:22:03 - [TEST_STEP][PASSED] - waitForElementPresent(findTestObject("MEApp_AppBaru_InisiasiKonsumen/button_NPWP"), 0): Object 'Object Repository/MEApp_AppBaru_InisiasiKonsumen/button_NPWP' is present

2024-01-15 11:22:03 - [MESSAGE][WARNING] - Timeout '0' is invalid. Using default page load timeout: '30'

2024-01-15 11:22:26 - [MESSAGE][PASSED] - Object 'Object Repository/MEApp_AppBaru_InisiasiKonsumen/button_NPWP' is present

2024-01-15 11:22:26 - [TEST_STEP][PASSED] - npwpTemp = nanoTime().toString(): null

2024-01-15 11:22:26 - [TEST_STEP][PASSED] - setText(findTestObject("MEApp_AppBaru_InisiasiKonsumen/input_NPWP No fix"), npwpTemp): Text '44670483385900' is set on object 'Object Repository/MEApp_AppBaru_InisiasiKonsumen/input_NPWP No fix'

2024-01-15 11:22:27 - [MESSAGE][PASSED] - Text '44670483385900' is set on object 'Object Repository/MEApp_AppBaru_InisiasiKonsumen/input_NPWP No fix'

2024-01-15 11:22:27 - [TEST_STEP][PASSED] - setText(findTestObject("MEApp_AppBaru_InisiasiKonsumen/input_Name fix"), nama): Text 'Tester1' is set on object 'Object Repository/MEApp_AppBaru_InisiasiKonsumen/input_Name fix'

2024-01-15 11:22:28 - [MESSAGE][PASSED] - Text 'Tester1' is set on object 'Object Repository/MEApp_AppBaru_InisiasiKonsumen/input_Name fix'

2024-01-15 11:22:28 - [TEST_STEP][PASSED] - click(findTestObject("MEApp_AppBaru_InisiasiKonsumen/button_Capture_siupfix")): Object: 'Object Repository/MEApp_AppBaru_InisiasiKonsumen/button_Capture_siupfix' is clicked on

2024-01-15 11:22:28 - [MESSAGE][PASSED] - Object: 'Object Repository/MEApp_AppBaru_InisiasiKonsumen/button_Capture_siupfix' is clicked on

2024-01-15 11:22:28 - [TEST_STEP][PASSED] - popup.popup.uploadFile(findTestObject("Object Repository/MEApp_AppBaru_InisiasiKonsumen/Page_Mobile Entry - BCAF/button_Local File"), siupPath): popup.popup.uploadFile is PASSED

2024-01-15 11:22:30 - [MESSAGE][PASSED] - Object: 'Object Repository/MEApp_AppBaru_InisiasiKonsumen/Page_Mobile Entry - BCAF/button_Local File' is clicked on

2024-01-15 11:22:31 - [MESSAGE][PASSED] - Delayed 0.5 second(s)

2024-01-15 11:22:31 - [MESSAGE][PASSED] - popup.popup.uploadFile is PASSED

2024-01-15 11:22:31 - [TEST_STEP][PASSED] - click(findTestObject("MEApp_AppBaru_InisiasiKonsumen/button_Capture_TDP")): Object: 'Object Repository/MEApp_AppBaru_InisiasiKonsumen/button_Capture_TDP' is clicked on

2024-01-15 11:22:32 - [MESSAGE][PASSED] - Object: 'Object Repository/MEApp_AppBaru_InisiasiKonsumen/button_Capture_TDP' is clicked on

2024-01-15 11:22:32 - [TEST_STEP][PASSED] - popup.popup.uploadFile(findTestObject("Object Repository/MEApp_AppBaru_InisiasiKonsumen/Page_Mobile Entry - BCAF/button_Local File"), tdpPath): popup.popup.uploadFile is PASSED

2024-01-15 11:22:33 - [MESSAGE][PASSED] - Object: 'Object Repository/MEApp_AppBaru_InisiasiKonsumen/Page_Mobile Entry - BCAF/button_Local File' is clicked on

2024-01-15 11:22:34 - [MESSAGE][PASSED] - Delayed 0.5 second(s)

2024-01-15 11:22:34 - [MESSAGE][PASSED] - popup.popup.uploadFile is PASSED

2024-01-15 11:22:34 - [TEST_STEP][PASSED] - takeFullPageScreenshotAsCheckpoint(ssDir + matrix + "-Capture-npwp-siup-tdp.png"): Taking screenshot successfully

2024-01-15 11:22:34 - [MESSAGE][INFO] - 0 hidden object(s)

2024-01-15 11:22:34 - [MESSAGE][PASSED] - Taking screenshot successfully
[[ATTACHMENT|C:\Users\Jerry\Katalon Studio\me-corp-add-data\Screenshoot\Sprint2\Web\keyes\keyes-0-Capture-npwp-siup-tdp.png]]

2024-01-15 11:22:34 - [TEST_STEP][PASSED] - if (isPerubahanData == "ya"): null

2024-01-15 11:22:34 - [TEST_STEP][PASSED] - else: Object: 'Object Repository/MEApp_AppBaru_InisiasiKonsumen/input_Ada Perubahan Data Tidak' is clicked on

2024-01-15 11:22:34 - [TEST_STEP][PASSED] - click(findTestObject("MEApp_AppBaru_InisiasiKonsumen/input_Ada Perubahan Data Tidak")): Object: 'Object Repository/MEApp_AppBaru_InisiasiKonsumen/input_Ada Perubahan Data Tidak' is clicked on

2024-01-15 11:22:51 - [MESSAGE][PASSED] - Object: 'Object Repository/MEApp_AppBaru_InisiasiKonsumen/input_Ada Perubahan Data Tidak' is clicked on

2024-01-15 11:22:51 - [TEST_STEP][PASSED] - takeFullPageScreenshotAsCheckpoint(ssDir + matrix + "-Memilih-Radio-Button-Perubahan-Data.png"): Taking screenshot successfully

2024-01-15 11:22:52 - [MESSAGE][INFO] - 0 hidden object(s)

2024-01-15 11:22:52 - [MESSAGE][PASSED] - Taking screenshot successfully
[[ATTACHMENT|C:\Users\Jerry\Katalon Studio\me-corp-add-data\Screenshoot\Sprint2\Web\keyes\keyes-0-Memilih-Radio-Button-Perubahan-Data.png]]

2024-01-15 11:22:52 - [TEST_STEP][PASSED] - click(findTestObject("MEApp_AppBaru_InisiasiKonsumen/button_Prosesfix")): Object: 'Object Repository/MEApp_AppBaru_InisiasiKonsumen/button_Prosesfix' is clicked on

2024-01-15 11:22:53 - [MESSAGE][PASSED] - Object: 'Object Repository/MEApp_AppBaru_InisiasiKonsumen/button_Prosesfix' is clicked on

2024-01-15 11:22:53 - [TEST_STEP][PASSED] - waitForElementPresent(findTestObject("MEApp_AppBaru_InisiasiKonsumen/AplikasiBaruMatching"), 300): Object 'Object Repository/MEApp_AppBaru_InisiasiKonsumen/AplikasiBaruMatching' is present

2024-01-15 11:23:12 - [MESSAGE][PASSED] - Object 'Object Repository/MEApp_AppBaru_InisiasiKonsumen/AplikasiBaruMatching' is present

2024-01-15 11:23:12 - [TEST_STEP][PASSED] - takeFullPageScreenshotAsCheckpoint(ssDir + matrix + "-Masuk-aplikasi-matching.png"): Taking screenshot successfully

2024-01-15 11:23:13 - [MESSAGE][INFO] - 0 hidden object(s)

2024-01-15 11:23:13 - [MESSAGE][PASSED] - Taking screenshot successfully
[[ATTACHMENT|C:\Users\Jerry\Katalon Studio\me-corp-add-data\Screenshoot\Sprint2\Web\keyes\keyes-0-Masuk-aplikasi-matching.png]]

2024-01-15 11:23:13 - [TEST_STEP][PASSED] - click(findTestObject("Object Repository/MEApp_AppBaru_InisiasiKonsumen/Page_Mobile Entry - BCAF/a_In Process")): Object: 'Object Repository/MEApp_AppBaru_InisiasiKonsumen/Page_Mobile Entry - BCAF/a_In Process' is clicked on

2024-01-15 11:23:13 - [MESSAGE][PASSED] - Object: 'Object Repository/MEApp_AppBaru_InisiasiKonsumen/Page_Mobile Entry - BCAF/a_In Process' is clicked on

2024-01-15 11:23:13 - [TEST_STEP][PASSED] - click(findTestObject("Object Repository/MEApp_AppBaru_InisiasiKonsumen/Page_Mobile Entry - BCAF/a_Blacklist")): Object: 'Object Repository/MEApp_AppBaru_InisiasiKonsumen/Page_Mobile Entry - BCAF/a_Blacklist' is clicked on

2024-01-15 11:23:14 - [MESSAGE][PASSED] - Object: 'Object Repository/MEApp_AppBaru_InisiasiKonsumen/Page_Mobile Entry - BCAF/a_Blacklist' is clicked on

2024-01-15 11:23:14 - [TEST_STEP][PASSED] - click(findTestObject("Object Repository/MEApp_AppBaru_InisiasiKonsumen/Page_Mobile Entry - BCAF/a_Rejectlist")): Object: 'Object Repository/MEApp_AppBaru_InisiasiKonsumen/Page_Mobile Entry - BCAF/a_Rejectlist' is clicked on

2024-01-15 11:23:15 - [MESSAGE][PASSED] - Object: 'Object Repository/MEApp_AppBaru_InisiasiKonsumen/Page_Mobile Entry - BCAF/a_Rejectlist' is clicked on

2024-01-15 11:23:15 - [TEST_STEP][PASSED] - delay(3): Delayed 3 second(s)

2024-01-15 11:23:18 - [MESSAGE][PASSED] - Delayed 3 second(s)

2024-01-15 11:23:18 - [TEST_STEP][PASSED] - click(findTestObject("Object Repository/MEApp_AppBaru_InisiasiKonsumen/Page_Mobile Entry - BCAF/button_OK")): Object: 'Object Repository/MEApp_AppBaru_InisiasiKonsumen/Page_Mobile Entry - BCAF/button_OK' is clicked on

2024-01-15 11:23:18 - [MESSAGE][PASSED] - Object: 'Object Repository/MEApp_AppBaru_InisiasiKonsumen/Page_Mobile Entry - BCAF/button_OK' is clicked on

2024-01-15 11:23:18 - [TEST_STEP][PASSED] - click(findTestObject("Object Repository/MEApp_AppBaru_InisiasiKonsumen/Page_Mobile Entry - BCAF/button_Ya")): Object: 'Object Repository/MEApp_AppBaru_InisiasiKonsumen/Page_Mobile Entry - BCAF/button_Ya' is clicked on

2024-01-15 11:23:20 - [MESSAGE][PASSED] - Object: 'Object Repository/MEApp_AppBaru_InisiasiKonsumen/Page_Mobile Entry - BCAF/button_Ya' is clicked on

2024-01-15 11:23:20 - [TEST_STEP][PASSED] - delay(3): Delayed 3 second(s)

2024-01-15 11:23:23 - [MESSAGE][PASSED] - Delayed 3 second(s)

2024-01-15 11:23:23 - [TEST_STEP][PASSED] - takeFullPageScreenshotAsCheckpoint(userDir + sprint4WebScreenshootPath + "scenario-1-Berhasil-dilakukan-inisiasi-konsumen-baru.png"): Taking screenshot successfully

2024-01-15 11:23:24 - [MESSAGE][INFO] - 0 hidden object(s)

2024-01-15 11:23:24 - [MESSAGE][PASSED] - Taking screenshot successfully
[[ATTACHMENT|C:\Users\Jerry\Katalon Studio\me-corp-add-data\Screenshoot\Sprint4\Web\keyes\keyes-scenario-1-Berhasil-dilakukan-inisiasi-konsumen-baru.png]]]]></system-out>
         <system-err><![CDATA[]]></system-err>
      </testcase>
      <testcase name="Test Cases/me corp/data-entry-aplikasi-pending" time="164.696" classname="Test Cases/me corp/data-entry-aplikasi-pending" status="FAILED">
         <failure type="FAILED" message="Test Cases/me corp/data-entry-aplikasi-pending FAILED.
Reason:
com.kms.katalon.core.exception.StepFailedException: Unable to set text 'CITIBANK NA' of object 'Object Repository/Input_Corporate/Financial/other_bank_input'
	at com.kms.katalon.core.webui.keyword.internal.WebUIKeywordMain.stepFailed(WebUIKeywordMain.groovy:64)
	at com.kms.katalon.core.webui.keyword.internal.WebUIKeywordMain.runKeyword(WebUIKeywordMain.groovy:26)
	at com.kms.katalon.core.webui.keyword.builtin.SetTextKeyword.setText(SetTextKeyword.groovy:66)
	at com.kms.katalon.core.webui.keyword.builtin.SetTextKeyword.execute(SetTextKeyword.groovy:37)
	at com.kms.katalon.core.keyword.internal.KeywordExecutor.executeKeywordForPlatform(KeywordExecutor.groovy:74)
	at com.kms.katalon.core.webui.keyword.WebUiBuiltInKeywords.setText(WebUiBuiltInKeywords.groovy:980)
	at com.kms.katalon.core.webui.keyword.WebUiBuiltInKeywords$setText$2.call(Unknown Source)
	at data-entry-aplikasi-pending.run(data-entry-aplikasi-pending:299)
	at com.kms.katalon.core.main.ScriptEngine.run(ScriptEngine.java:194)
	at com.kms.katalon.core.main.ScriptEngine.runScriptAsRawText(ScriptEngine.java:119)
	at com.kms.katalon.core.main.TestCaseExecutor.runScript(TestCaseExecutor.java:448)
	at com.kms.katalon.core.main.TestCaseExecutor.doExecute(TestCaseExecutor.java:439)
	at com.kms.katalon.core.main.TestCaseExecutor.processExecutionPhase(TestCaseExecutor.java:418)
	at com.kms.katalon.core.main.TestCaseExecutor.accessMainPhase(TestCaseExecutor.java:410)
	at com.kms.katalon.core.main.TestCaseExecutor.execute(TestCaseExecutor.java:285)
	at com.kms.katalon.core.common.CommonExecutor.accessTestCaseMainPhase(CommonExecutor.java:65)
	at com.kms.katalon.core.main.TestSuiteExecutor.accessTestSuiteMainPhase(TestSuiteExecutor.java:148)
	at com.kms.katalon.core.main.TestSuiteExecutor.execute(TestSuiteExecutor.java:106)
	at com.kms.katalon.core.main.TestCaseMain.startTestSuite(TestCaseMain.java:187)
	at com.kms.katalon.core.main.TestCaseMain$startTestSuite$0.call(Unknown Source)
	at TempTestSuite1705292495105.run(TempTestSuite1705292495105.groovy:36)
Caused by: org.openqa.selenium.InvalidElementStateException: Unable to clear element that cannot be edited: &lt;ng-select class=&quot;w-100 ng-select ng-select-single ng-select-searchable ng-select-clearable ng-untouched ng-pristine ng-valid ng-select-focused ng-select-opened ng-select-bottom&quot;>
Build info: version: '3.141.59', revision: 'e82be7d358', time: '2018-11-14T08:25:53'
System info: host: 'DESKTOP-R03MSOE', ip: '192.168.136.1', os.name: 'Windows 10', os.arch: 'amd64', os.version: '10.0', java.version: '1.8.0_362'
Driver info: com.kms.katalon.core.webui.driver.firefox.CGeckoDriver
Capabilities {acceptInsecureCerts: true, browserName: firefox, browserVersion: 121.0, javascriptEnabled: true, moz:accessibilityChecks: false, moz:buildID: 20231211174248, moz:geckodriverVersion: 0.33.0, moz:headless: false, moz:platformVersion: 10.0, moz:processID: 17044, moz:profile: C:\Users\Jerry\AppData\Loca..., moz:shutdownTimeout: 60000, moz:webdriverClick: true, moz:windowless: false, pageLoadStrategy: normal, platform: WINDOWS, platformName: WINDOWS, proxy: Proxy(direct), setWindowRect: true, strictFileInteractability: false, timeouts: {implicit: 0, pageLoad: 300000, script: 30000}, unhandledPromptBehavior: dismiss and notify}
Session ID: d646df92-1636-4cba-9e0f-8d90d8df4261
	at org.openqa.selenium.remote.http.W3CHttpResponseCodec.createException(W3CHttpResponseCodec.java:187)
	at org.openqa.selenium.remote.http.W3CHttpResponseCodec.decode(W3CHttpResponseCodec.java:122)
	at org.openqa.selenium.remote.http.W3CHttpResponseCodec.decode(W3CHttpResponseCodec.java:49)
	at org.openqa.selenium.remote.HttpCommandExecutor.execute(HttpCommandExecutor.java:158)
	at org.openqa.selenium.remote.service.DriverCommandExecutor.execute(DriverCommandExecutor.java:83)
	at org.openqa.selenium.remote.RemoteWebDriver.execute(RemoteWebDriver.java:552)
	at com.kms.katalon.selenium.driver.CFirefoxDriver.execute(CFirefoxDriver.java:27)
	at org.openqa.selenium.remote.RemoteWebElement.execute(RemoteWebElement.java:285)
	at org.openqa.selenium.remote.RemoteWebElement.clear(RemoteWebElement.java:124)
	at org.openqa.selenium.support.events.EventFiringWebDriver$EventFiringWebElement.lambda$new$0(EventFiringWebDriver.java:404)
	at com.sun.proxy.$Proxy11.clear(Unknown Source)
	at org.openqa.selenium.support.events.EventFiringWebDriver$EventFiringWebElement.clear(EventFiringWebDriver.java:436)
	at com.kms.katalon.core.webui.keyword.builtin.SetTextKeyword$_setText_closure1.doCall(SetTextKeyword.groovy:53)
	at com.kms.katalon.core.webui.keyword.builtin.SetTextKeyword$_setText_closure1.call(SetTextKeyword.groovy)
	at com.kms.katalon.core.webui.keyword.internal.WebUIKeywordMain.runKeyword(WebUIKeywordMain.groovy:20)
	... 19 more
"/>
         <system-out><![CDATA[2024-01-15 11:23:24 - [TEST_CASE][FAILED] - Test Cases/me corp/data-entry-aplikasi-pending: Test Cases/me corp/data-entry-aplikasi-pending FAILED.
Reason:
com.kms.katalon.core.exception.StepFailedException: Unable to set text 'CITIBANK NA' of object 'Object Repository/Input_Corporate/Financial/other_bank_input'
	at com.kms.katalon.core.webui.keyword.internal.WebUIKeywordMain.stepFailed(WebUIKeywordMain.groovy:64)
	at com.kms.katalon.core.webui.keyword.internal.WebUIKeywordMain.runKeyword(WebUIKeywordMain.groovy:26)
	at com.kms.katalon.core.webui.keyword.builtin.SetTextKeyword.setText(SetTextKeyword.groovy:66)
	at com.kms.katalon.core.webui.keyword.builtin.SetTextKeyword.execute(SetTextKeyword.groovy:37)
	at com.kms.katalon.core.keyword.internal.KeywordExecutor.executeKeywordForPlatform(KeywordExecutor.groovy:74)
	at com.kms.katalon.core.webui.keyword.WebUiBuiltInKeywords.setText(WebUiBuiltInKeywords.groovy:980)
	at com.kms.katalon.core.webui.keyword.WebUiBuiltInKeywords$setText$2.call(Unknown Source)
	at data-entry-aplikasi-pending.run(data-entry-aplikasi-pending:299)
	at com.kms.katalon.core.main.ScriptEngine.run(ScriptEngine.java:194)
	at com.kms.katalon.core.main.ScriptEngine.runScriptAsRawText(ScriptEngine.java:119)
	at com.kms.katalon.core.main.TestCaseExecutor.runScript(TestCaseExecutor.java:448)
	at com.kms.katalon.core.main.TestCaseExecutor.doExecute(TestCaseExecutor.java:439)
	at com.kms.katalon.core.main.TestCaseExecutor.processExecutionPhase(TestCaseExecutor.java:418)
	at com.kms.katalon.core.main.TestCaseExecutor.accessMainPhase(TestCaseExecutor.java:410)
	at com.kms.katalon.core.main.TestCaseExecutor.execute(TestCaseExecutor.java:285)
	at com.kms.katalon.core.common.CommonExecutor.accessTestCaseMainPhase(CommonExecutor.java:65)
	at com.kms.katalon.core.main.TestSuiteExecutor.accessTestSuiteMainPhase(TestSuiteExecutor.java:148)
	at com.kms.katalon.core.main.TestSuiteExecutor.execute(TestSuiteExecutor.java:106)
	at com.kms.katalon.core.main.TestCaseMain.startTestSuite(TestCaseMain.java:187)
	at com.kms.katalon.core.main.TestCaseMain$startTestSuite$0.call(Unknown Source)
	at TempTestSuite1705292495105.run(TempTestSuite1705292495105.groovy:36)
Caused by: org.openqa.selenium.InvalidElementStateException: Unable to clear element that cannot be edited: <ng-select class="w-100 ng-select ng-select-single ng-select-searchable ng-select-clearable ng-untouched ng-pristine ng-valid ng-select-focused ng-select-opened ng-select-bottom">
Build info: version: '3.141.59', revision: 'e82be7d358', time: '2018-11-14T08:25:53'
System info: host: 'DESKTOP-R03MSOE', ip: '192.168.136.1', os.name: 'Windows 10', os.arch: 'amd64', os.version: '10.0', java.version: '1.8.0_362'
Driver info: com.kms.katalon.core.webui.driver.firefox.CGeckoDriver
Capabilities {acceptInsecureCerts: true, browserName: firefox, browserVersion: 121.0, javascriptEnabled: true, moz:accessibilityChecks: false, moz:buildID: 20231211174248, moz:geckodriverVersion: 0.33.0, moz:headless: false, moz:platformVersion: 10.0, moz:processID: 17044, moz:profile: C:\Users\Jerry\AppData\Loca..., moz:shutdownTimeout: 60000, moz:webdriverClick: true, moz:windowless: false, pageLoadStrategy: normal, platform: WINDOWS, platformName: WINDOWS, proxy: Proxy(direct), setWindowRect: true, strictFileInteractability: false, timeouts: {implicit: 0, pageLoad: 300000, script: 30000}, unhandledPromptBehavior: dismiss and notify}
Session ID: d646df92-1636-4cba-9e0f-8d90d8df4261
	at org.openqa.selenium.remote.http.W3CHttpResponseCodec.createException(W3CHttpResponseCodec.java:187)
	at org.openqa.selenium.remote.http.W3CHttpResponseCodec.decode(W3CHttpResponseCodec.java:122)
	at org.openqa.selenium.remote.http.W3CHttpResponseCodec.decode(W3CHttpResponseCodec.java:49)
	at org.openqa.selenium.remote.HttpCommandExecutor.execute(HttpCommandExecutor.java:158)
	at org.openqa.selenium.remote.service.DriverCommandExecutor.execute(DriverCommandExecutor.java:83)
	at org.openqa.selenium.remote.RemoteWebDriver.execute(RemoteWebDriver.java:552)
	at com.kms.katalon.selenium.driver.CFirefoxDriver.execute(CFirefoxDriver.java:27)
	at org.openqa.selenium.remote.RemoteWebElement.execute(RemoteWebElement.java:285)
	at org.openqa.selenium.remote.RemoteWebElement.clear(RemoteWebElement.java:124)
	at org.openqa.selenium.support.events.EventFiringWebDriver$EventFiringWebElement.lambda$new$0(EventFiringWebDriver.java:404)
	at com.sun.proxy.$Proxy11.clear(Unknown Source)
	at org.openqa.selenium.support.events.EventFiringWebDriver$EventFiringWebElement.clear(EventFiringWebDriver.java:436)
	at com.kms.katalon.core.webui.keyword.builtin.SetTextKeyword$_setText_closure1.doCall(SetTextKeyword.groovy:53)
	at com.kms.katalon.core.webui.keyword.builtin.SetTextKeyword$_setText_closure1.call(SetTextKeyword.groovy)
	at com.kms.katalon.core.webui.keyword.internal.WebUIKeywordMain.runKeyword(WebUIKeywordMain.groovy:20)
	... 19 more


2024-01-15 11:23:25 - [TEST_STEP][PASSED] - userDir = getProjectDir(): null

2024-01-15 11:23:25 - [TEST_STEP][PASSED] - ssDir = userDir + sprint2WebScreenshotPath: null

2024-01-15 11:23:25 - [TEST_STEP][PASSED] - setText(findTestObject("Object Repository/Input_Corporate/Input_Konsumen/input_SID Name_form-control ng-untouched ng-pristine ng-invalid"), konsumen_SID, OPTIONAL): Text '223213445' is set on object 'Object Repository/Input_Corporate/Input_Konsumen/input_SID Name_form-control ng-untouched ng-pristine ng-invalid'

2024-01-15 11:23:49 - [MESSAGE][PASSED] - Text '223213445' is set on object 'Object Repository/Input_Corporate/Input_Konsumen/input_SID Name_form-control ng-untouched ng-pristine ng-invalid'

2024-01-15 11:23:49 - [TEST_STEP][PASSED] - scrollToElement(findTestObject("Object Repository/Input_Corporate/Input_Konsumen/i_Fax 2_ri-arrow-right-line"), 60, OPTIONAL): Scroll to object 'Object Repository/Input_Corporate/Input_Konsumen/i_Fax 2_ri-arrow-right-line' successfully

2024-01-15 11:23:50 - [MESSAGE][PASSED] - Scroll to object 'Object Repository/Input_Corporate/Input_Konsumen/i_Fax 2_ri-arrow-right-line' successfully

2024-01-15 11:23:50 - [TEST_STEP][PASSED] - click(findTestObject("Object Repository/Input_Corporate/Input_Konsumen/button_Surat Keterangan Domisili"), OPTIONAL): Object: 'Object Repository/Input_Corporate/Input_Konsumen/button_Surat Keterangan Domisili' is clicked on

2024-01-15 11:23:50 - [MESSAGE][PASSED] - Object: 'Object Repository/Input_Corporate/Input_Konsumen/button_Surat Keterangan Domisili' is clicked on

2024-01-15 11:23:50 - [TEST_STEP][PASSED] - takeFullPageScreenshotAsCheckpoint(ssDir + "scenario-1-masuk-submenu-surat-keterangan-domisili.png"): Taking screenshot successfully

2024-01-15 11:23:52 - [MESSAGE][INFO] - 0 hidden object(s)

2024-01-15 11:23:52 - [MESSAGE][PASSED] - Taking screenshot successfully
[[ATTACHMENT|C:\Users\Jerry\Katalon Studio\me-corp-add-data\Screenshoot\Sprint2\Web\keyes\keyes-scenario-1-masuk-submenu-surat-keterangan-domisili.png]]

2024-01-15 11:23:52 - [TEST_STEP][PASSED] - click(findTestObject("Object Repository/Input_Corporate/Input_Konsumen/button_Capture_Domisili"), OPTIONAL): Object: 'Object Repository/Input_Corporate/Input_Konsumen/button_Capture_Domisili' is clicked on

2024-01-15 11:23:52 - [MESSAGE][PASSED] - Object: 'Object Repository/Input_Corporate/Input_Konsumen/button_Capture_Domisili' is clicked on

2024-01-15 11:23:52 - [TEST_STEP][PASSED] - popup.popup.uploadFile(findTestObject("Object Repository/MEApp_AppBaru_InisiasiKonsumen/Page_Mobile Entry - BCAF/button_Local File"), userDir + cobaKTP.replace("/", "\")): popup.popup.uploadFile is PASSED

2024-01-15 11:23:54 - [MESSAGE][PASSED] - Object: 'Object Repository/MEApp_AppBaru_InisiasiKonsumen/Page_Mobile Entry - BCAF/button_Local File' is clicked on

2024-01-15 11:23:54 - [MESSAGE][PASSED] - Delayed 0.5 second(s)

2024-01-15 11:23:54 - [MESSAGE][PASSED] - popup.popup.uploadFile is PASSED

2024-01-15 11:23:54 - [TEST_STEP][PASSED] - takeFullPageScreenshotAsCheckpoint(ssDir + "scenario-1-capture-surat-keterangan-domisili-berhasil.png"): Taking screenshot successfully

2024-01-15 11:23:56 - [MESSAGE][INFO] - 0 hidden object(s)

2024-01-15 11:23:56 - [MESSAGE][PASSED] - Taking screenshot successfully
[[ATTACHMENT|C:\Users\Jerry\Katalon Studio\me-corp-add-data\Screenshoot\Sprint2\Web\keyes\keyes-scenario-1-capture-surat-keterangan-domisili-berhasil.png]]

2024-01-15 11:23:56 - [TEST_STEP][PASSED] - click(findTestObject("Object Repository/Input_Corporate/Input_Konsumen/button_FAP"), OPTIONAL): Object: 'Object Repository/Input_Corporate/Input_Konsumen/button_FAP' is clicked on

2024-01-15 11:23:57 - [MESSAGE][PASSED] - Object: 'Object Repository/Input_Corporate/Input_Konsumen/button_FAP' is clicked on

2024-01-15 11:23:57 - [TEST_STEP][PASSED] - takeFullPageScreenshotAsCheckpoint(ssDir + "scenario-1-Masuk-submenu-FAP.png"): Taking screenshot successfully

2024-01-15 11:23:59 - [MESSAGE][INFO] - 0 hidden object(s)

2024-01-15 11:23:59 - [MESSAGE][PASSED] - Taking screenshot successfully
[[ATTACHMENT|C:\Users\Jerry\Katalon Studio\me-corp-add-data\Screenshoot\Sprint2\Web\keyes\keyes-scenario-1-Masuk-submenu-FAP.png]]

2024-01-15 11:23:59 - [TEST_STEP][PASSED] - click(findTestObject("Object Repository/Input_Corporate/Input_Konsumen/a_Add Capture_FAP"), OPTIONAL): Object: 'Object Repository/Input_Corporate/Input_Konsumen/a_Add Capture_FAP' is clicked on

2024-01-15 11:24:00 - [MESSAGE][PASSED] - Object: 'Object Repository/Input_Corporate/Input_Konsumen/a_Add Capture_FAP' is clicked on

2024-01-15 11:24:00 - [TEST_STEP][PASSED] - popup.popup.uploadFile(findTestObject("Object Repository/MEApp_AppBaru_InisiasiKonsumen/Page_Mobile Entry - BCAF/button_Local File"), userDir + cobaKTP.replace("/", "\")): popup.popup.uploadFile is PASSED

2024-01-15 11:24:01 - [MESSAGE][PASSED] - Object: 'Object Repository/MEApp_AppBaru_InisiasiKonsumen/Page_Mobile Entry - BCAF/button_Local File' is clicked on

2024-01-15 11:24:02 - [MESSAGE][PASSED] - Delayed 0.5 second(s)

2024-01-15 11:24:02 - [MESSAGE][PASSED] - popup.popup.uploadFile is PASSED

2024-01-15 11:24:02 - [TEST_STEP][PASSED] - setText(findTestObject("Object Repository/Input_Corporate/Input_Konsumen/input_Jenis Usaha_form-control ng-untouched ng-pristine ng-invalid"), konsumen_jenisUsaha, OPTIONAL): Text 'Kontruksi' is set on object 'Object Repository/Input_Corporate/Input_Konsumen/input_Jenis Usaha_form-control ng-untouched ng-pristine ng-invalid'

2024-01-15 11:24:04 - [MESSAGE][PASSED] - Text 'Kontruksi' is set on object 'Object Repository/Input_Corporate/Input_Konsumen/input_Jenis Usaha_form-control ng-untouched ng-pristine ng-invalid'

2024-01-15 11:24:04 - [TEST_STEP][PASSED] - setText(findTestObject("Object Repository/Input_Corporate/Input_Konsumen/input_Economy Code_form-control bcaf-autocomplete ng-untouched ng-pristine ng-invalid"), konsumen_economyCode, OPTIONAL): Text '010103' is set on object 'Object Repository/Input_Corporate/Input_Konsumen/input_Economy Code_form-control bcaf-autocomplete ng-untouched ng-pristine ng-invalid'

2024-01-15 11:24:05 - [MESSAGE][PASSED] - Text '010103' is set on object 'Object Repository/Input_Corporate/Input_Konsumen/input_Economy Code_form-control bcaf-autocomplete ng-untouched ng-pristine ng-invalid'

2024-01-15 11:24:05 - [TEST_STEP][PASSED] - waitForElementPresent(findTestObject("Object Repository/Input_Corporate/Input_Konsumen/li_010103 Pertanian  Kehutanan-Pertanian  Pupuk-Importir"), 100, OPTIONAL): Object 'Object Repository/Input_Corporate/Input_Konsumen/li_010103 Pertanian  Kehutanan-Pertanian  Pupuk-Importir' is present

2024-01-15 11:24:06 - [MESSAGE][PASSED] - Object 'Object Repository/Input_Corporate/Input_Konsumen/li_010103 Pertanian  Kehutanan-Pertanian  Pupuk-Importir' is present

2024-01-15 11:24:06 - [TEST_STEP][PASSED] - click(findTestObject("Object Repository/Input_Corporate/Input_Konsumen/li_010103 Pertanian  Kehutanan-Pertanian  Pupuk-Importir"), OPTIONAL): Object: 'Object Repository/Input_Corporate/Input_Konsumen/li_010103 Pertanian  Kehutanan-Pertanian  Pupuk-Importir' is clicked on

2024-01-15 11:24:06 - [MESSAGE][PASSED] - Object: 'Object Repository/Input_Corporate/Input_Konsumen/li_010103 Pertanian  Kehutanan-Pertanian  Pupuk-Importir' is clicked on

2024-01-15 11:24:06 - [TEST_STEP][PASSED] - setText(findTestObject("Object Repository/Input_Corporate/Input_Konsumen/input_Kode Lokasi Proyek_form"), konsumen_kodeLokasi, OPTIONAL): Text '1213' is set on object 'Object Repository/Input_Corporate/Input_Konsumen/input_Kode Lokasi Proyek_form'

2024-01-15 11:24:07 - [MESSAGE][PASSED] - Text '1213' is set on object 'Object Repository/Input_Corporate/Input_Konsumen/input_Kode Lokasi Proyek_form'

2024-01-15 11:24:07 - [TEST_STEP][PASSED] - waitForElementPresent(findTestObject("Object Repository/Input_Corporate/Input_Konsumen/li_1213 - MALANG,KAB"), 100, OPTIONAL): Object 'Object Repository/Input_Corporate/Input_Konsumen/li_1213 - MALANG,KAB' is present

2024-01-15 11:24:08 - [MESSAGE][PASSED] - Object 'Object Repository/Input_Corporate/Input_Konsumen/li_1213 - MALANG,KAB' is present

2024-01-15 11:24:08 - [TEST_STEP][PASSED] - click(findTestObject("Object Repository/Input_Corporate/Input_Konsumen/li_1213 - MALANG,KAB"), OPTIONAL): Object: 'Object Repository/Input_Corporate/Input_Konsumen/li_1213 - MALANG,KAB' is clicked on

2024-01-15 11:24:09 - [MESSAGE][PASSED] - Object: 'Object Repository/Input_Corporate/Input_Konsumen/li_1213 - MALANG,KAB' is clicked on

2024-01-15 11:24:09 - [TEST_STEP][PASSED] - setText(findTestObject("Object Repository/Input_Corporate/Input_Konsumen/input_Berdiri Sejak Tahun_form-control ng-untouched ng-pristine ng-invalid"), konsumen_tahunBerdiri, OPTIONAL): Text '1995' is set on object 'Object Repository/Input_Corporate/Input_Konsumen/input_Berdiri Sejak Tahun_form-control ng-untouched ng-pristine ng-invalid'

2024-01-15 11:24:10 - [MESSAGE][PASSED] - Text '1995' is set on object 'Object Repository/Input_Corporate/Input_Konsumen/input_Berdiri Sejak Tahun_form-control ng-untouched ng-pristine ng-invalid'

2024-01-15 11:24:10 - [TEST_STEP][PASSED] - setText(findTestObject("Object Repository/Input_Corporate/Input_Konsumen/input_Omzet Usaha per Tahun_form-control text-right ng-untouched ng-pristine ng-invalid"), konsumen_omzetUsaha, OPTIONAL): Text '10000000000' is set on object 'Object Repository/Input_Corporate/Input_Konsumen/input_Omzet Usaha per Tahun_form-control text-right ng-untouched ng-pristine ng-invalid'

2024-01-15 11:24:11 - [MESSAGE][PASSED] - Text '10000000000' is set on object 'Object Repository/Input_Corporate/Input_Konsumen/input_Omzet Usaha per Tahun_form-control text-right ng-untouched ng-pristine ng-invalid'

2024-01-15 11:24:11 - [TEST_STEP][PASSED] - setText(findTestObject("Object Repository/Input_Corporate/Input_Konsumen/input_No. Rekening BCA_form-control ng-untouched ng-pristine ng-valid"), konsumen_noRekBCA, OPTIONAL): Text '413514512' is set on object 'Object Repository/Input_Corporate/Input_Konsumen/input_No. Rekening BCA_form-control ng-untouched ng-pristine ng-valid'

2024-01-15 11:24:12 - [MESSAGE][PASSED] - Text '413514512' is set on object 'Object Repository/Input_Corporate/Input_Konsumen/input_No. Rekening BCA_form-control ng-untouched ng-pristine ng-valid'

2024-01-15 11:24:12 - [TEST_STEP][PASSED] - setText(findTestObject("Object Repository/Input_Corporate/Input_Konsumen/input_Alamat Perusahaan_form-control ng-untouched ng-pristine ng-invalid"), konsumen_alamatPT, OPTIONAL): Text 'Jakarta, No. 45' is set on object 'Object Repository/Input_Corporate/Input_Konsumen/input_Alamat Perusahaan_form-control ng-untouched ng-pristine ng-invalid'

2024-01-15 11:24:13 - [MESSAGE][PASSED] - Text 'Jakarta, No. 45' is set on object 'Object Repository/Input_Corporate/Input_Konsumen/input_Alamat Perusahaan_form-control ng-untouched ng-pristine ng-invalid'

2024-01-15 11:24:13 - [TEST_STEP][PASSED] - setText(findTestObject("Object Repository/Input_Corporate/Input_Konsumen/input_Provinsi_form-control bcaf-autocomplete ng-untouched ng-pristine ng-invalid"), konsumen_provinsi, OPTIONAL): Text 'JAWA TIMUR' is set on object 'Object Repository/Input_Corporate/Input_Konsumen/input_Provinsi_form-control bcaf-autocomplete ng-untouched ng-pristine ng-invalid'

2024-01-15 11:24:14 - [MESSAGE][PASSED] - Text 'JAWA TIMUR' is set on object 'Object Repository/Input_Corporate/Input_Konsumen/input_Provinsi_form-control bcaf-autocomplete ng-untouched ng-pristine ng-invalid'

2024-01-15 11:24:14 - [TEST_STEP][PASSED] - waitForElementPresent(findTestObject("Object Repository/Input_Corporate/Input_Konsumen/li_JAWA TIMUR"), 100, OPTIONAL): Object 'Object Repository/Input_Corporate/Input_Konsumen/li_JAWA TIMUR' is present

2024-01-15 11:24:15 - [MESSAGE][PASSED] - Object 'Object Repository/Input_Corporate/Input_Konsumen/li_JAWA TIMUR' is present

2024-01-15 11:24:15 - [TEST_STEP][PASSED] - click(findTestObject("Object Repository/Input_Corporate/Input_Konsumen/li_JAWA TIMUR"), OPTIONAL): Object: 'Object Repository/Input_Corporate/Input_Konsumen/li_JAWA TIMUR' is clicked on

2024-01-15 11:24:15 - [MESSAGE][PASSED] - Object: 'Object Repository/Input_Corporate/Input_Konsumen/li_JAWA TIMUR' is clicked on

2024-01-15 11:24:15 - [TEST_STEP][PASSED] - setText(findTestObject("Object Repository/Input_Corporate/Input_Konsumen/input_KabKota_form-control bcaf-autocomplete ng-untouched ng-pristine ng-invalid"), konsumen_kabKota, OPTIONAL): Text 'Malang' is set on object 'Object Repository/Input_Corporate/Input_Konsumen/input_KabKota_form-control bcaf-autocomplete ng-untouched ng-pristine ng-invalid'

2024-01-15 11:24:16 - [MESSAGE][PASSED] - Text 'Malang' is set on object 'Object Repository/Input_Corporate/Input_Konsumen/input_KabKota_form-control bcaf-autocomplete ng-untouched ng-pristine ng-invalid'

2024-01-15 11:24:16 - [TEST_STEP][PASSED] - waitForElementPresent(findTestObject("Object Repository/Input_Corporate/Input_Konsumen/li_MALANG"), 100, OPTIONAL): Object 'Object Repository/Input_Corporate/Input_Konsumen/li_MALANG' is present

2024-01-15 11:24:18 - [MESSAGE][PASSED] - Object 'Object Repository/Input_Corporate/Input_Konsumen/li_MALANG' is present

2024-01-15 11:24:18 - [TEST_STEP][PASSED] - click(findTestObject("Object Repository/Input_Corporate/Input_Konsumen/li_MALANG"), OPTIONAL): Object: 'Object Repository/Input_Corporate/Input_Konsumen/li_MALANG' is clicked on

2024-01-15 11:24:18 - [MESSAGE][PASSED] - Object: 'Object Repository/Input_Corporate/Input_Konsumen/li_MALANG' is clicked on

2024-01-15 11:24:18 - [TEST_STEP][PASSED] - setText(findTestObject("Object Repository/Input_Corporate/Input_Konsumen/input_Kecamatan_form-control bcaf-autocomplete ng-untouched ng-pristine ng-invalid"), konsumen_kecamantan, OPTIONAL): Text 'lowokwaru' is set on object 'Object Repository/Input_Corporate/Input_Konsumen/input_Kecamatan_form-control bcaf-autocomplete ng-untouched ng-pristine ng-invalid'

2024-01-15 11:24:19 - [MESSAGE][PASSED] - Text 'lowokwaru' is set on object 'Object Repository/Input_Corporate/Input_Konsumen/input_Kecamatan_form-control bcaf-autocomplete ng-untouched ng-pristine ng-invalid'

2024-01-15 11:24:19 - [TEST_STEP][PASSED] - waitForElementPresent(findTestObject("Object Repository/Input_Corporate/Input_Konsumen/li_LOWOKWARU"), 0, OPTIONAL): Object 'Object Repository/Input_Corporate/Input_Konsumen/li_LOWOKWARU' is present

2024-01-15 11:24:19 - [MESSAGE][WARNING] - Timeout '0' is invalid. Using default page load timeout: '30'

2024-01-15 11:24:20 - [MESSAGE][PASSED] - Object 'Object Repository/Input_Corporate/Input_Konsumen/li_LOWOKWARU' is present

2024-01-15 11:24:20 - [TEST_STEP][PASSED] - click(findTestObject("Object Repository/Input_Corporate/Input_Konsumen/li_LOWOKWARU"), OPTIONAL): Object: 'Object Repository/Input_Corporate/Input_Konsumen/li_LOWOKWARU' is clicked on

2024-01-15 11:24:21 - [MESSAGE][PASSED] - Object: 'Object Repository/Input_Corporate/Input_Konsumen/li_LOWOKWARU' is clicked on

2024-01-15 11:24:21 - [TEST_STEP][PASSED] - setText(findTestObject("Object Repository/Input_Corporate/Input_Konsumen/input_Kelurahan_form-control bcaf-autocomplete ng-untouched ng-pristine ng-invalid"), konsumen_kelurahan, OPTIONAL): Text 'ketawanggede' is set on object 'Object Repository/Input_Corporate/Input_Konsumen/input_Kelurahan_form-control bcaf-autocomplete ng-untouched ng-pristine ng-invalid'

2024-01-15 11:24:22 - [MESSAGE][PASSED] - Text 'ketawanggede' is set on object 'Object Repository/Input_Corporate/Input_Konsumen/input_Kelurahan_form-control bcaf-autocomplete ng-untouched ng-pristine ng-invalid'

2024-01-15 11:24:22 - [TEST_STEP][PASSED] - waitForElementPresent(findTestObject("Object Repository/Input_Corporate/Input_Konsumen/li_KETAWANGGEDE"), 100, OPTIONAL): Object 'Object Repository/Input_Corporate/Input_Konsumen/li_KETAWANGGEDE' is present

2024-01-15 11:24:23 - [MESSAGE][PASSED] - Object 'Object Repository/Input_Corporate/Input_Konsumen/li_KETAWANGGEDE' is present

2024-01-15 11:24:23 - [TEST_STEP][PASSED] - click(findTestObject("Object Repository/Input_Corporate/Input_Konsumen/li_KETAWANGGEDE"), OPTIONAL): Object: 'Object Repository/Input_Corporate/Input_Konsumen/li_KETAWANGGEDE' is clicked on

2024-01-15 11:24:24 - [MESSAGE][PASSED] - Object: 'Object Repository/Input_Corporate/Input_Konsumen/li_KETAWANGGEDE' is clicked on

2024-01-15 11:24:24 - [TEST_STEP][PASSED] - setText(findTestObject("Object Repository/Input_Corporate/Input_Konsumen/input_Kode Pos_form-control bcaf-autocomplete ng-untouched ng-pristine ng-invalid"), konsumen_kodePos, OPTIONAL): Text '65145' is set on object 'Object Repository/Input_Corporate/Input_Konsumen/input_Kode Pos_form-control bcaf-autocomplete ng-untouched ng-pristine ng-invalid'

2024-01-15 11:24:25 - [MESSAGE][PASSED] - Text '65145' is set on object 'Object Repository/Input_Corporate/Input_Konsumen/input_Kode Pos_form-control bcaf-autocomplete ng-untouched ng-pristine ng-invalid'

2024-01-15 11:24:25 - [TEST_STEP][PASSED] - waitForElementPresent(findTestObject("Object Repository/Input_Corporate/Input_Konsumen/li_65145"), 100, OPTIONAL): Object 'Object Repository/Input_Corporate/Input_Konsumen/li_65145' is present

2024-01-15 11:24:25 - [MESSAGE][PASSED] - Object 'Object Repository/Input_Corporate/Input_Konsumen/li_65145' is present

2024-01-15 11:24:25 - [TEST_STEP][PASSED] - click(findTestObject("Object Repository/Input_Corporate/Input_Konsumen/li_65145"), OPTIONAL): Object: 'Object Repository/Input_Corporate/Input_Konsumen/li_65145' is clicked on

2024-01-15 11:24:26 - [MESSAGE][PASSED] - Object: 'Object Repository/Input_Corporate/Input_Konsumen/li_65145' is clicked on

2024-01-15 11:24:26 - [TEST_STEP][PASSED] - takeFullPageScreenshotAsCheckpoint(ssDir + "scenario-1-Input-data-FAP.png"): Taking screenshot successfully

2024-01-15 11:24:28 - [MESSAGE][INFO] - 0 hidden object(s)

2024-01-15 11:24:28 - [MESSAGE][PASSED] - Taking screenshot successfully
[[ATTACHMENT|C:\Users\Jerry\Katalon Studio\me-corp-add-data\Screenshoot\Sprint2\Web\keyes\keyes-scenario-1-Input-data-FAP.png]]

2024-01-15 11:24:28 - [TEST_STEP][PASSED] - scrollToElement(findTestObject("Object Repository/Input_Corporate/Input_Konsumen/i_Fax 2_ri-arrow-right-line"), 60, OPTIONAL): Scroll to object 'Object Repository/Input_Corporate/Input_Konsumen/i_Fax 2_ri-arrow-right-line' successfully

2024-01-15 11:24:29 - [MESSAGE][PASSED] - Scroll to object 'Object Repository/Input_Corporate/Input_Konsumen/i_Fax 2_ri-arrow-right-line' successfully

2024-01-15 11:24:29 - [TEST_STEP][PASSED] - click(findTestObject("Object Repository/Input_Corporate/Input_Konsumen/input_Alamat Pengiriman Surat  Alamat Perusahaan_isAlamatPengirimanSurat"), OPTIONAL): Object: 'Object Repository/Input_Corporate/Input_Konsumen/input_Alamat Pengiriman Surat  Alamat Perusahaan_isAlamatPengirimanSurat' is clicked on

2024-01-15 11:24:29 - [MESSAGE][PASSED] - Object: 'Object Repository/Input_Corporate/Input_Konsumen/input_Alamat Pengiriman Surat  Alamat Perusahaan_isAlamatPengirimanSurat' is clicked on

2024-01-15 11:24:29 - [TEST_STEP][PASSED] - setText(findTestObject("Object Repository/Input_Corporate/Input_Konsumen/input_Email_form-control ng-untouched ng-pristine ng-valid"), konsumen_email, OPTIONAL): Text 'contoh@gmail.com' is set on object 'Object Repository/Input_Corporate/Input_Konsumen/input_Email_form-control ng-untouched ng-pristine ng-valid'

2024-01-15 11:24:30 - [MESSAGE][PASSED] - Text 'contoh@gmail.com' is set on object 'Object Repository/Input_Corporate/Input_Konsumen/input_Email_form-control ng-untouched ng-pristine ng-valid'

2024-01-15 11:24:30 - [TEST_STEP][PASSED] - setText(findTestObject("Object Repository/Input_Corporate/Input_Konsumen/input_Telepon 1_form-control ng-untouched ng-pristine ng-valid"), konsumen_telepon1, OPTIONAL): Text '089773662555' is set on object 'Object Repository/Input_Corporate/Input_Konsumen/input_Telepon 1_form-control ng-untouched ng-pristine ng-valid'

2024-01-15 11:24:31 - [MESSAGE][PASSED] - Text '089773662555' is set on object 'Object Repository/Input_Corporate/Input_Konsumen/input_Telepon 1_form-control ng-untouched ng-pristine ng-valid'

2024-01-15 11:24:31 - [TEST_STEP][PASSED] - takeFullPageScreenshotAsCheckpoint(ssDir + "scenario-1-Input-data-alamat-pengirim-surat.png"): Taking screenshot successfully

2024-01-15 11:24:33 - [MESSAGE][INFO] - 0 hidden object(s)

2024-01-15 11:24:33 - [MESSAGE][PASSED] - Taking screenshot successfully
[[ATTACHMENT|C:\Users\Jerry\Katalon Studio\me-corp-add-data\Screenshoot\Sprint2\Web\keyes\keyes-scenario-1-Input-data-alamat-pengirim-surat.png]]

2024-01-15 11:24:33 - [TEST_STEP][PASSED] - scrollToPosition(0, 0, OPTIONAL): Browser is scrolled to position x = 0, y = 0

2024-01-15 11:24:33 - [MESSAGE][PASSED] - Browser is scrolled to position x = 0, y = 0

2024-01-15 11:24:33 - [TEST_STEP][PASSED] - delay(2): Delayed 2 second(s)

2024-01-15 11:24:35 - [MESSAGE][PASSED] - Delayed 2 second(s)

2024-01-15 11:24:35 - [TEST_STEP][PASSED] - click(findTestObject("Input_Corporate/Pengurus/1_a_Pengurus"), OPTIONAL): Object: 'Object Repository/Input_Corporate/Pengurus/1_a_Pengurus' is clicked on

2024-01-15 11:24:36 - [MESSAGE][PASSED] - Object: 'Object Repository/Input_Corporate/Pengurus/1_a_Pengurus' is clicked on

2024-01-15 11:24:36 - [TEST_STEP][PASSED] - takeFullPageScreenshotAsCheckpoint(ssDir + "scenario-1-Input-data-pengurus.png"): Taking screenshot successfully

2024-01-15 11:24:36 - [MESSAGE][INFO] - 0 hidden object(s)

2024-01-15 11:24:36 - [MESSAGE][PASSED] - Taking screenshot successfully
[[ATTACHMENT|C:\Users\Jerry\Katalon Studio\me-corp-add-data\Screenshoot\Sprint2\Web\keyes\keyes-scenario-1-Input-data-pengurus.png]]

2024-01-15 11:24:36 - [TEST_STEP][PASSED] - click(findTestObject("Input_Corporate/Pengurus/2_i_Add_ri-file-add-line ( Add_Pengurus )"), OPTIONAL): Object: 'Object Repository/Input_Corporate/Pengurus/2_i_Add_ri-file-add-line ( Add_Pengurus )' is clicked on

2024-01-15 11:24:38 - [MESSAGE][PASSED] - Object: 'Object Repository/Input_Corporate/Pengurus/2_i_Add_ri-file-add-line ( Add_Pengurus )' is clicked on

2024-01-15 11:24:38 - [TEST_STEP][PASSED] - click(findTestObject("Input_Corporate/Pengurus/3_button_Pengurus 1"), OPTIONAL): Object: 'Object Repository/Input_Corporate/Pengurus/3_button_Pengurus 1' is clicked on

2024-01-15 11:24:38 - [MESSAGE][PASSED] - Object: 'Object Repository/Input_Corporate/Pengurus/3_button_Pengurus 1' is clicked on

2024-01-15 11:24:38 - [TEST_STEP][PASSED] - takeFullPageScreenshotAsCheckpoint(ssDir + "scenario-1-Masuk-submenu-data-pengurus-1.png"): Taking screenshot successfully

2024-01-15 11:24:40 - [MESSAGE][INFO] - 0 hidden object(s)

2024-01-15 11:24:40 - [MESSAGE][PASSED] - Taking screenshot successfully
[[ATTACHMENT|C:\Users\Jerry\Katalon Studio\me-corp-add-data\Screenshoot\Sprint2\Web\keyes\keyes-scenario-1-Masuk-submenu-data-pengurus-1.png]]

2024-01-15 11:24:40 - [TEST_STEP][PASSED] - click(findTestObject("Input_Corporate/Pengurus/4_a_Capture File"), OPTIONAL): Object: 'Object Repository/Input_Corporate/Pengurus/4_a_Capture File' is clicked on

2024-01-15 11:24:41 - [MESSAGE][PASSED] - Object: 'Object Repository/Input_Corporate/Pengurus/4_a_Capture File' is clicked on

2024-01-15 11:24:41 - [TEST_STEP][PASSED] - popup.popup.uploadFile(findTestObject("Object Repository/MEApp_AppBaru_InisiasiKonsumen/Page_Mobile Entry - BCAF/button_Local File"), userDir + cobaKTP.replace("/", "\")): popup.popup.uploadFile is PASSED

2024-01-15 11:24:42 - [MESSAGE][PASSED] - Object: 'Object Repository/MEApp_AppBaru_InisiasiKonsumen/Page_Mobile Entry - BCAF/button_Local File' is clicked on

2024-01-15 11:24:43 - [MESSAGE][PASSED] - Delayed 0.5 second(s)

2024-01-15 11:24:43 - [MESSAGE][PASSED] - popup.popup.uploadFile is PASSED

2024-01-15 11:24:43 - [TEST_STEP][PASSED] - waitForElementClickable(findTestObject("Input_Corporate/Pengurus/5_input_Name_form-control ng-untouched ng-pristine ng-invalid"), 300): Object 'Object Repository/Input_Corporate/Pengurus/5_input_Name_form-control ng-untouched ng-pristine ng-invalid' is clickable

2024-01-15 11:25:06 - [MESSAGE][PASSED] - Object 'Object Repository/Input_Corporate/Pengurus/5_input_Name_form-control ng-untouched ng-pristine ng-invalid' is clickable

2024-01-15 11:25:06 - [TEST_STEP][PASSED] - takeFullPageScreenshotAsCheckpoint(ssDir + "scenario-1-Berhasil-input-otomatis-data-pengurus-berdasarkan-data-capture-ktp-pengurus-yang-di-capture.png"): Taking screenshot successfully

2024-01-15 11:25:08 - [MESSAGE][INFO] - 0 hidden object(s)

2024-01-15 11:25:08 - [MESSAGE][PASSED] - Taking screenshot successfully
[[ATTACHMENT|C:\Users\Jerry\Katalon Studio\me-corp-add-data\Screenshoot\Sprint2\Web\keyes\keyes-scenario-1-Berhasil-input-otomatis-data-pengurus-berdasarkan-data-capture-ktp-pengurus-yang-di-capture.png]]

2024-01-15 11:25:08 - [TEST_STEP][PASSED] - setText(findTestObject("Input_Corporate/Pengurus/8_input_SID Pengurus_form-control ng-pristine ng-invalid is-invalid ng-touched"), pengurus_SID, OPTIONAL): Text '3345434656' is set on object 'Object Repository/Input_Corporate/Pengurus/8_input_SID Pengurus_form-control ng-pristine ng-invalid is-invalid ng-touched'

2024-01-15 11:25:10 - [MESSAGE][PASSED] - Text '3345434656' is set on object 'Object Repository/Input_Corporate/Pengurus/8_input_SID Pengurus_form-control ng-pristine ng-invalid is-invalid ng-touched'

2024-01-15 11:25:10 - [TEST_STEP][PASSED] - scrollToElement(findTestObject("Input_Corporate/Pengurus/2_i_Add_ri-file-add-line ( Add_Pengurus )"), 30, OPTIONAL): Scroll to object 'Object Repository/Input_Corporate/Pengurus/2_i_Add_ri-file-add-line ( Add_Pengurus )' successfully

2024-01-15 11:25:10 - [MESSAGE][PASSED] - Scroll to object 'Object Repository/Input_Corporate/Pengurus/2_i_Add_ri-file-add-line ( Add_Pengurus )' successfully

2024-01-15 11:25:10 - [TEST_STEP][PASSED] - setText(findTestObject("Input_Corporate/Pengurus/15_input_Kode Pos_form-control bcaf-autocomplete ng-pristine ng-invalid ng-touched"), pengurus_kodePos, OPTIONAL): Text '56643' is set on object 'Object Repository/Input_Corporate/Pengurus/15_input_Kode Pos_form-control bcaf-autocomplete ng-pristine ng-invalid ng-touched'

2024-01-15 11:25:11 - [MESSAGE][PASSED] - Text '56643' is set on object 'Object Repository/Input_Corporate/Pengurus/15_input_Kode Pos_form-control bcaf-autocomplete ng-pristine ng-invalid ng-touched'

2024-01-15 11:25:11 - [TEST_STEP][PASSED] - click(findTestObject("Input_Corporate/Pengurus/13_div_Pilih Role"), OPTIONAL): Object: 'Object Repository/Input_Corporate/Pengurus/13_div_Pilih Role' is clicked on

2024-01-15 11:25:12 - [MESSAGE][PASSED] - Object: 'Object Repository/Input_Corporate/Pengurus/13_div_Pilih Role' is clicked on

2024-01-15 11:25:12 - [TEST_STEP][PASSED] - setText(findTestObject("Input_Corporate/Pengurus/13_div_Pilih Role"), pengurus_role, OPTIONAL): Text 'not set' is set on object 'Object Repository/Input_Corporate/Pengurus/13_div_Pilih Role'

2024-01-15 11:25:13 - [MESSAGE][PASSED] - Text 'not set' is set on object 'Object Repository/Input_Corporate/Pengurus/13_div_Pilih Role'

2024-01-15 11:25:13 - [TEST_STEP][PASSED] - click(findTestObject("Input_Corporate/Pengurus/14_div_Not Set"), OPTIONAL): Object: 'Object Repository/Input_Corporate/Pengurus/14_div_Not Set' is clicked on

2024-01-15 11:25:14 - [MESSAGE][PASSED] - Object: 'Object Repository/Input_Corporate/Pengurus/14_div_Not Set' is clicked on

2024-01-15 11:25:14 - [TEST_STEP][PASSED] - click(findTestObject("Input_Corporate/Pengurus/21_div_Pilih Jabatan"), OPTIONAL): Object: 'Object Repository/Input_Corporate/Pengurus/21_div_Pilih Jabatan' is clicked on

2024-01-15 11:25:14 - [MESSAGE][PASSED] - Object: 'Object Repository/Input_Corporate/Pengurus/21_div_Pilih Jabatan' is clicked on

2024-01-15 11:25:14 - [TEST_STEP][PASSED] - setText(findTestObject("Object Repository/Input_Corporate/Pengurus/21_div_Pilih Jabatan"), pengurus_jabatan, OPTIONAL): Text 'komisaris utama' is set on object 'Object Repository/Input_Corporate/Pengurus/21_div_Pilih Jabatan'

2024-01-15 11:25:15 - [MESSAGE][PASSED] - Text 'komisaris utama' is set on object 'Object Repository/Input_Corporate/Pengurus/21_div_Pilih Jabatan'

2024-01-15 11:25:15 - [TEST_STEP][PASSED] - click(findTestObject("Input_Corporate/Pengurus/22_span_Komisaris Utama"), OPTIONAL): Object: 'Object Repository/Input_Corporate/Pengurus/22_span_Komisaris Utama' is clicked on

2024-01-15 11:25:16 - [MESSAGE][PASSED] - Object: 'Object Repository/Input_Corporate/Pengurus/22_span_Komisaris Utama' is clicked on

2024-01-15 11:25:16 - [TEST_STEP][PASSED] - takeFullPageScreenshotAsCheckpoint(ssDir + "scenario-1-Berhasil-input-otomatis-data-pengurus-1.png"): Taking screenshot successfully

2024-01-15 11:25:17 - [MESSAGE][INFO] - 0 hidden object(s)

2024-01-15 11:25:17 - [MESSAGE][PASSED] - Taking screenshot successfully
[[ATTACHMENT|C:\Users\Jerry\Katalon Studio\me-corp-add-data\Screenshoot\Sprint2\Web\keyes\keyes-scenario-1-Berhasil-input-otomatis-data-pengurus-1.png]]

2024-01-15 11:25:17 - [TEST_STEP][PASSED] - scrollToPosition(0, 133, OPTIONAL): Browser is scrolled to position x = 0, y = 133

2024-01-15 11:25:18 - [MESSAGE][PASSED] - Browser is scrolled to position x = 0, y = 133

2024-01-15 11:25:18 - [TEST_STEP][PASSED] - click(findTestObject("Input_Corporate/Pemegang_saham/1_a_Pemegang Saham"), OPTIONAL): Object: 'Object Repository/Input_Corporate/Pemegang_saham/1_a_Pemegang Saham' is clicked on

2024-01-15 11:25:18 - [MESSAGE][PASSED] - Object: 'Object Repository/Input_Corporate/Pemegang_saham/1_a_Pemegang Saham' is clicked on

2024-01-15 11:25:18 - [TEST_STEP][PASSED] - takeFullPageScreenshotAsCheckpoint(ssDir + "scenario-1-Masuk-Submenu-pemegang-saham-1.png"): Taking screenshot successfully

2024-01-15 11:25:19 - [MESSAGE][INFO] - 0 hidden object(s)

2024-01-15 11:25:19 - [MESSAGE][PASSED] - Taking screenshot successfully
[[ATTACHMENT|C:\Users\Jerry\Katalon Studio\me-corp-add-data\Screenshoot\Sprint2\Web\keyes\keyes-scenario-1-Masuk-Submenu-pemegang-saham-1.png]]

2024-01-15 11:25:19 - [TEST_STEP][PASSED] - click(findTestObject("Input_Corporate/Pemegang_saham/2_a_Add"), OPTIONAL): Object: 'Object Repository/Input_Corporate/Pemegang_saham/2_a_Add' is clicked on

2024-01-15 11:25:20 - [MESSAGE][PASSED] - Object: 'Object Repository/Input_Corporate/Pemegang_saham/2_a_Add' is clicked on

2024-01-15 11:25:20 - [TEST_STEP][PASSED] - click(findTestObject("Input_Corporate/Pemegang_saham/input_Perorangan_radios"), OPTIONAL): Object: 'Object Repository/Input_Corporate/Pemegang_saham/input_Perorangan_radios' is clicked on

2024-01-15 11:25:20 - [MESSAGE][PASSED] - Object: 'Object Repository/Input_Corporate/Pemegang_saham/input_Perorangan_radios' is clicked on

2024-01-15 11:25:20 - [TEST_STEP][PASSED] - click(findTestObject("Input_Corporate/Pemegang_saham/input_Jenis Pemegang Saham_radios"), OPTIONAL): Object: 'Object Repository/Input_Corporate/Pemegang_saham/input_Jenis Pemegang Saham_radios' is clicked on

2024-01-15 11:25:21 - [MESSAGE][PASSED] - Object: 'Object Repository/Input_Corporate/Pemegang_saham/input_Jenis Pemegang Saham_radios' is clicked on

2024-01-15 11:25:21 - [TEST_STEP][PASSED] - takeFullPageScreenshotAsCheckpoint(ssDir + "scenario-1-Memilih-radio-button-pemegang-saham.png"): Taking screenshot successfully

2024-01-15 11:25:21 - [MESSAGE][INFO] - 0 hidden object(s)

2024-01-15 11:25:21 - [MESSAGE][PASSED] - Taking screenshot successfully
[[ATTACHMENT|C:\Users\Jerry\Katalon Studio\me-corp-add-data\Screenshoot\Sprint2\Web\keyes\keyes-scenario-1-Memilih-radio-button-pemegang-saham.png]]

2024-01-15 11:25:21 - [TEST_STEP][PASSED] - click(findTestObject("Input_Corporate/Pemegang_saham/4_button_OK"), OPTIONAL): Object: 'Object Repository/Input_Corporate/Pemegang_saham/4_button_OK' is clicked on

2024-01-15 11:25:23 - [MESSAGE][PASSED] - Object: 'Object Repository/Input_Corporate/Pemegang_saham/4_button_OK' is clicked on

2024-01-15 11:25:23 - [TEST_STEP][PASSED] - click(findTestObject("Input_Corporate/Pemegang_saham/5_button_Pemegang Saham 1"), OPTIONAL): Object: 'Object Repository/Input_Corporate/Pemegang_saham/5_button_Pemegang Saham 1' is clicked on

2024-01-15 11:25:24 - [MESSAGE][PASSED] - Object: 'Object Repository/Input_Corporate/Pemegang_saham/5_button_Pemegang Saham 1' is clicked on

2024-01-15 11:25:24 - [TEST_STEP][PASSED] - takeFullPageScreenshotAsCheckpoint(ssDir + "scenario-1-Masuk-Submenu-pemegang-saham-1.png"): Taking screenshot successfully

2024-01-15 11:25:25 - [MESSAGE][INFO] - 0 hidden object(s)

2024-01-15 11:25:25 - [MESSAGE][PASSED] - Taking screenshot successfully
[[ATTACHMENT|C:\Users\Jerry\Katalon Studio\me-corp-add-data\Screenshoot\Sprint2\Web\keyes\keyes-scenario-1-Masuk-Submenu-pemegang-saham-1.png]]

2024-01-15 11:25:25 - [TEST_STEP][PASSED] - click(findTestObject("Input_Corporate/Pemegang_saham/6_a_Capture File"), OPTIONAL): Object: 'Object Repository/Input_Corporate/Pemegang_saham/6_a_Capture File' is clicked on

2024-01-15 11:25:26 - [MESSAGE][PASSED] - Object: 'Object Repository/Input_Corporate/Pemegang_saham/6_a_Capture File' is clicked on

2024-01-15 11:25:26 - [TEST_STEP][PASSED] - popup.popup.uploadFile(findTestObject("Object Repository/MEApp_AppBaru_InisiasiKonsumen/Page_Mobile Entry - BCAF/button_Local File"), userDir + cobaKTP.replace("/", "\")): popup.popup.uploadFile is PASSED

2024-01-15 11:25:27 - [MESSAGE][PASSED] - Object: 'Object Repository/MEApp_AppBaru_InisiasiKonsumen/Page_Mobile Entry - BCAF/button_Local File' is clicked on

2024-01-15 11:25:27 - [MESSAGE][PASSED] - Delayed 0.5 second(s)

2024-01-15 11:25:27 - [MESSAGE][PASSED] - popup.popup.uploadFile is PASSED

2024-01-15 11:25:27 - [TEST_STEP][PASSED] - scrollToPosition(0, 200, OPTIONAL): Browser is scrolled to position x = 0, y = 200

2024-01-15 11:25:28 - [MESSAGE][PASSED] - Browser is scrolled to position x = 0, y = 200

2024-01-15 11:25:28 - [TEST_STEP][PASSED] - setText(findTestObject("Object Repository/Input_Corporate/Pemegang_saham/input_Kode Pos_2"), pemegangShm_kodePos): Text '12345' is set on object 'Object Repository/Input_Corporate/Pemegang_saham/input_Kode Pos_2'

2024-01-15 11:25:52 - [MESSAGE][PASSED] - Text '12345' is set on object 'Object Repository/Input_Corporate/Pemegang_saham/input_Kode Pos_2'

2024-01-15 11:25:52 - [TEST_STEP][PASSED] - scrollToPosition(0, 133, OPTIONAL): Browser is scrolled to position x = 0, y = 133

2024-01-15 11:25:52 - [MESSAGE][PASSED] - Browser is scrolled to position x = 0, y = 133

2024-01-15 11:25:52 - [TEST_STEP][PASSED] - click(findTestObject("Input_Corporate/Penjamin/1_a_Penjamin"), OPTIONAL): Object: 'Object Repository/Input_Corporate/Penjamin/1_a_Penjamin' is clicked on

2024-01-15 11:25:53 - [MESSAGE][PASSED] - Object: 'Object Repository/Input_Corporate/Penjamin/1_a_Penjamin' is clicked on

2024-01-15 11:25:53 - [TEST_STEP][PASSED] - click(findTestObject("Input_Corporate/Penjamin/2_input_Ya_guarantor_Tidak"), OPTIONAL): Object: 'Object Repository/Input_Corporate/Penjamin/2_input_Ya_guarantor_Tidak' is clicked on

2024-01-15 11:25:54 - [MESSAGE][PASSED] - Object: 'Object Repository/Input_Corporate/Penjamin/2_input_Ya_guarantor_Tidak' is clicked on

2024-01-15 11:25:54 - [TEST_STEP][PASSED] - takeFullPageScreenshotAsCheckpoint(ssDir + "scenario-1-Berhasil-pemegang-saham-1.png"): Taking screenshot successfully

2024-01-15 11:25:55 - [MESSAGE][INFO] - 0 hidden object(s)

2024-01-15 11:25:55 - [MESSAGE][PASSED] - Taking screenshot successfully
[[ATTACHMENT|C:\Users\Jerry\Katalon Studio\me-corp-add-data\Screenshoot\Sprint2\Web\keyes\keyes-scenario-1-Berhasil-pemegang-saham-1.png]]

2024-01-15 11:25:55 - [TEST_STEP][PASSED] - click(findTestObject("Input_Corporate/Financial/li_Financial"), OPTIONAL): Object: 'Object Repository/Input_Corporate/Financial/li_Financial' is clicked on

2024-01-15 11:25:56 - [MESSAGE][PASSED] - Object: 'Object Repository/Input_Corporate/Financial/li_Financial' is clicked on

2024-01-15 11:25:56 - [TEST_STEP][PASSED] - takeFullPageScreenshotAsCheckpoint(ssDir + "scenario-1-Masuk-Submenu-financial.png"): Taking screenshot successfully

2024-01-15 11:25:56 - [MESSAGE][INFO] - 0 hidden object(s)

2024-01-15 11:25:56 - [MESSAGE][PASSED] - Taking screenshot successfully
[[ATTACHMENT|C:\Users\Jerry\Katalon Studio\me-corp-add-data\Screenshoot\Sprint2\Web\keyes\keyes-scenario-1-Masuk-Submenu-financial.png]]

2024-01-15 11:25:56 - [TEST_STEP][PASSED] - click(findTestObject("Input_Corporate/Financial/button_Laporan Keuangan"), OPTIONAL): Object: 'Object Repository/Input_Corporate/Financial/button_Laporan Keuangan' is clicked on

2024-01-15 11:25:57 - [MESSAGE][PASSED] - Object: 'Object Repository/Input_Corporate/Financial/button_Laporan Keuangan' is clicked on

2024-01-15 11:25:57 - [TEST_STEP][PASSED] - click(findTestObject("Input_Corporate/Financial/a_Capture File"), OPTIONAL): Object: 'Object Repository/Input_Corporate/Financial/a_Capture File' is clicked on

2024-01-15 11:25:58 - [MESSAGE][PASSED] - Object: 'Object Repository/Input_Corporate/Financial/a_Capture File' is clicked on

2024-01-15 11:25:58 - [TEST_STEP][PASSED] - popup.popup.uploadFile(findTestObject("Object Repository/MEApp_AppBaru_InisiasiKonsumen/Page_Mobile Entry - BCAF/button_Local File"), userDir + cobaKTP.replace("/", "\")): popup.popup.uploadFile is PASSED

2024-01-15 11:25:59 - [MESSAGE][PASSED] - Object: 'Object Repository/MEApp_AppBaru_InisiasiKonsumen/Page_Mobile Entry - BCAF/button_Local File' is clicked on

2024-01-15 11:25:59 - [MESSAGE][PASSED] - Delayed 0.5 second(s)

2024-01-15 11:25:59 - [MESSAGE][PASSED] - popup.popup.uploadFile is PASSED

2024-01-15 11:25:59 - [TEST_STEP][PASSED] - takeFullPageScreenshotAsCheckpoint(ssDir + "scenario-1-berhasil-input-capture-laporan-keuangan.png"): Taking screenshot successfully

2024-01-15 11:26:00 - [MESSAGE][INFO] - 0 hidden object(s)

2024-01-15 11:26:00 - [MESSAGE][PASSED] - Taking screenshot successfully
[[ATTACHMENT|C:\Users\Jerry\Katalon Studio\me-corp-add-data\Screenshoot\Sprint2\Web\keyes\keyes-scenario-1-berhasil-input-capture-laporan-keuangan.png]]

2024-01-15 11:26:00 - [TEST_STEP][PASSED] - click(findTestObject("Input_Corporate/Financial/button_Bukti Kepemilikan Rekening"), OPTIONAL): Object: 'Object Repository/Input_Corporate/Financial/button_Bukti Kepemilikan Rekening' is clicked on

2024-01-15 11:26:01 - [MESSAGE][PASSED] - Object: 'Object Repository/Input_Corporate/Financial/button_Bukti Kepemilikan Rekening' is clicked on

2024-01-15 11:26:01 - [TEST_STEP][PASSED] - click(findTestObject("Input_Corporate/Financial/a_Capture File"), OPTIONAL): Object: 'Object Repository/Input_Corporate/Financial/a_Capture File' is clicked on

2024-01-15 11:26:02 - [MESSAGE][PASSED] - Object: 'Object Repository/Input_Corporate/Financial/a_Capture File' is clicked on

2024-01-15 11:26:02 - [TEST_STEP][PASSED] - popup.popup.uploadFile(findTestObject("Object Repository/MEApp_AppBaru_InisiasiKonsumen/Page_Mobile Entry - BCAF/button_Local File"), userDir + cobaKTP.replace("/", "\")): popup.popup.uploadFile is PASSED

2024-01-15 11:26:03 - [MESSAGE][PASSED] - Object: 'Object Repository/MEApp_AppBaru_InisiasiKonsumen/Page_Mobile Entry - BCAF/button_Local File' is clicked on

2024-01-15 11:26:04 - [MESSAGE][PASSED] - Delayed 0.5 second(s)

2024-01-15 11:26:04 - [MESSAGE][PASSED] - popup.popup.uploadFile is PASSED

2024-01-15 11:26:04 - [TEST_STEP][PASSED] - takeFullPageScreenshotAsCheckpoint(ssDir + "scenario-1-behasil-input-capture-laporan-bukti-kepemilikan.png"): Taking screenshot successfully

2024-01-15 11:26:05 - [MESSAGE][INFO] - 0 hidden object(s)

2024-01-15 11:26:05 - [MESSAGE][PASSED] - Taking screenshot successfully
[[ATTACHMENT|C:\Users\Jerry\Katalon Studio\me-corp-add-data\Screenshoot\Sprint2\Web\keyes\keyes-scenario-1-behasil-input-capture-laporan-bukti-kepemilikan.png]]

2024-01-15 11:26:05 - [TEST_STEP][PASSED] - setText(findTestObject("Input_Corporate/Financial/input_BCA Branch_form-control ng-untouched ng-pristine ng-valid"), financial_BCABranch, OPTIONAL): Text 'BCA' is set on object 'Object Repository/Input_Corporate/Financial/input_BCA Branch_form-control ng-untouched ng-pristine ng-valid'

2024-01-15 11:26:06 - [MESSAGE][PASSED] - Text 'BCA' is set on object 'Object Repository/Input_Corporate/Financial/input_BCA Branch_form-control ng-untouched ng-pristine ng-valid'

2024-01-15 11:26:06 - [TEST_STEP][PASSED] - setText(findTestObject("Input_Corporate/Financial/input_Account No. 10 Digit_form-control ng-untouched ng-pristine ng-valid"), financial_rekNum, OPTIONAL): Text '2343235657' is set on object 'Object Repository/Input_Corporate/Financial/input_Account No. 10 Digit_form-control ng-untouched ng-pristine ng-valid'

2024-01-15 11:26:07 - [MESSAGE][PASSED] - Text '2343235657' is set on object 'Object Repository/Input_Corporate/Financial/input_Account No. 10 Digit_form-control ng-untouched ng-pristine ng-valid'

2024-01-15 11:26:07 - [TEST_STEP][PASSED] - click(findTestObject("Input_Corporate/Financial/other_bank_input")): Object: 'Object Repository/Input_Corporate/Financial/other_bank_input' is clicked on

2024-01-15 11:26:08 - [MESSAGE][PASSED] - Object: 'Object Repository/Input_Corporate/Financial/other_bank_input' is clicked on

2024-01-15 11:26:08 - [TEST_STEP][FAILED] - setText(findTestObject("Input_Corporate/Financial/other_bank_input"), financial_otherBank): Unable to set text 'CITIBANK NA' of object 'Object Repository/Input_Corporate/Financial/other_bank_input' (Root cause: com.kms.katalon.core.exception.StepFailedException: Unable to set text 'CITIBANK NA' of object 'Object Repository/Input_Corporate/Financial/other_bank_input'
	at com.kms.katalon.core.webui.keyword.internal.WebUIKeywordMain.stepFailed(WebUIKeywordMain.groovy:64)
	at com.kms.katalon.core.webui.keyword.internal.WebUIKeywordMain.runKeyword(WebUIKeywordMain.groovy:26)
	at com.kms.katalon.core.webui.keyword.builtin.SetTextKeyword.setText(SetTextKeyword.groovy:66)
	at com.kms.katalon.core.webui.keyword.builtin.SetTextKeyword.execute(SetTextKeyword.groovy:37)
	at com.kms.katalon.core.keyword.internal.KeywordExecutor.executeKeywordForPlatform(KeywordExecutor.groovy:74)
	at com.kms.katalon.core.webui.keyword.WebUiBuiltInKeywords.setText(WebUiBuiltInKeywords.groovy:980)
	at com.kms.katalon.core.webui.keyword.WebUiBuiltInKeywords$setText$2.call(Unknown Source)
	at data-entry-aplikasi-pending.run(data-entry-aplikasi-pending:299)
	at com.kms.katalon.core.main.ScriptEngine.run(ScriptEngine.java:194)
	at com.kms.katalon.core.main.ScriptEngine.runScriptAsRawText(ScriptEngine.java:119)
	at com.kms.katalon.core.main.TestCaseExecutor.runScript(TestCaseExecutor.java:448)
	at com.kms.katalon.core.main.TestCaseExecutor.doExecute(TestCaseExecutor.java:439)
	at com.kms.katalon.core.main.TestCaseExecutor.processExecutionPhase(TestCaseExecutor.java:418)
	at com.kms.katalon.core.main.TestCaseExecutor.accessMainPhase(TestCaseExecutor.java:410)
	at com.kms.katalon.core.main.TestCaseExecutor.execute(TestCaseExecutor.java:285)
	at com.kms.katalon.core.common.CommonExecutor.accessTestCaseMainPhase(CommonExecutor.java:65)
	at com.kms.katalon.core.main.TestSuiteExecutor.accessTestSuiteMainPhase(TestSuiteExecutor.java:148)
	at com.kms.katalon.core.main.TestSuiteExecutor.execute(TestSuiteExecutor.java:106)
	at com.kms.katalon.core.main.TestCaseMain.startTestSuite(TestCaseMain.java:187)
	at com.kms.katalon.core.main.TestCaseMain$startTestSuite$0.call(Unknown Source)
	at TempTestSuite1705292495105.run(TempTestSuite1705292495105.groovy:36)
Caused by: org.openqa.selenium.InvalidElementStateException: Unable to clear element that cannot be edited: <ng-select class="w-100 ng-select ng-select-single ng-select-searchable ng-select-clearable ng-untouched ng-pristine ng-valid ng-select-focused ng-select-opened ng-select-bottom">
Build info: version: '3.141.59', revision: 'e82be7d358', time: '2018-11-14T08:25:53'
System info: host: 'DESKTOP-R03MSOE', ip: '192.168.136.1', os.name: 'Windows 10', os.arch: 'amd64', os.version: '10.0', java.version: '1.8.0_362'
Driver info: com.kms.katalon.core.webui.driver.firefox.CGeckoDriver
Capabilities {acceptInsecureCerts: true, browserName: firefox, browserVersion: 121.0, javascriptEnabled: true, moz:accessibilityChecks: false, moz:buildID: 20231211174248, moz:geckodriverVersion: 0.33.0, moz:headless: false, moz:platformVersion: 10.0, moz:processID: 17044, moz:profile: C:\Users\Jerry\AppData\Loca..., moz:shutdownTimeout: 60000, moz:webdriverClick: true, moz:windowless: false, pageLoadStrategy: normal, platform: WINDOWS, platformName: WINDOWS, proxy: Proxy(direct), setWindowRect: true, strictFileInteractability: false, timeouts: {implicit: 0, pageLoad: 300000, script: 30000}, unhandledPromptBehavior: dismiss and notify}
Session ID: d646df92-1636-4cba-9e0f-8d90d8df4261
	at org.openqa.selenium.remote.http.W3CHttpResponseCodec.createException(W3CHttpResponseCodec.java:187)
	at org.openqa.selenium.remote.http.W3CHttpResponseCodec.decode(W3CHttpResponseCodec.java:122)
	at org.openqa.selenium.remote.http.W3CHttpResponseCodec.decode(W3CHttpResponseCodec.java:49)
	at org.openqa.selenium.remote.HttpCommandExecutor.execute(HttpCommandExecutor.java:158)
	at org.openqa.selenium.remote.service.DriverCommandExecutor.execute(DriverCommandExecutor.java:83)
	at org.openqa.selenium.remote.RemoteWebDriver.execute(RemoteWebDriver.java:552)
	at com.kms.katalon.selenium.driver.CFirefoxDriver.execute(CFirefoxDriver.java:27)
	at org.openqa.selenium.remote.RemoteWebElement.execute(RemoteWebElement.java:285)
	at org.openqa.selenium.remote.RemoteWebElement.clear(RemoteWebElement.java:124)
	at org.openqa.selenium.support.events.EventFiringWebDriver$EventFiringWebElement.lambda$new$0(EventFiringWebDriver.java:404)
	at com.sun.proxy.$Proxy11.clear(Unknown Source)
	at org.openqa.selenium.support.events.EventFiringWebDriver$EventFiringWebElement.clear(EventFiringWebDriver.java:436)
	at com.kms.katalon.core.webui.keyword.builtin.SetTextKeyword$_setText_closure1.doCall(SetTextKeyword.groovy:53)
	at com.kms.katalon.core.webui.keyword.builtin.SetTextKeyword$_setText_closure1.call(SetTextKeyword.groovy)
	at com.kms.katalon.core.webui.keyword.internal.WebUIKeywordMain.runKeyword(WebUIKeywordMain.groovy:20)
	at com.kms.katalon.core.webui.keyword.builtin.SetTextKeyword.setText(SetTextKeyword.groovy:66)
	at com.kms.katalon.core.webui.keyword.builtin.SetTextKeyword.execute(SetTextKeyword.groovy:37)
	at com.kms.katalon.core.keyword.internal.KeywordExecutor.executeKeywordForPlatform(KeywordExecutor.groovy:74)
	at com.kms.katalon.core.webui.keyword.WebUiBuiltInKeywords.setText(WebUiBuiltInKeywords.groovy:980)
	at com.kms.katalon.core.webui.keyword.WebUiBuiltInKeywords$setText$2.call(Unknown Source)
	at Script1704858636805.run(Script1704858636805.groovy:299)
	... 13 more
)

2024-01-15 11:26:09 - [MESSAGE][FAILED] - Unable to set text 'CITIBANK NA' of object 'Object Repository/Input_Corporate/Financial/other_bank_input' (Root cause: com.kms.katalon.core.exception.StepFailedException: Unable to set text 'CITIBANK NA' of object 'Object Repository/Input_Corporate/Financial/other_bank_input'
	at com.kms.katalon.core.webui.keyword.internal.WebUIKeywordMain.stepFailed(WebUIKeywordMain.groovy:64)
	at com.kms.katalon.core.webui.keyword.internal.WebUIKeywordMain.runKeyword(WebUIKeywordMain.groovy:26)
	at com.kms.katalon.core.webui.keyword.builtin.SetTextKeyword.setText(SetTextKeyword.groovy:66)
	at com.kms.katalon.core.webui.keyword.builtin.SetTextKeyword.execute(SetTextKeyword.groovy:37)
	at com.kms.katalon.core.keyword.internal.KeywordExecutor.executeKeywordForPlatform(KeywordExecutor.groovy:74)
	at com.kms.katalon.core.webui.keyword.WebUiBuiltInKeywords.setText(WebUiBuiltInKeywords.groovy:980)
	at com.kms.katalon.core.webui.keyword.WebUiBuiltInKeywords$setText$2.call(Unknown Source)
	at data-entry-aplikasi-pending.run(data-entry-aplikasi-pending:299)
	at com.kms.katalon.core.main.ScriptEngine.run(ScriptEngine.java:194)
	at com.kms.katalon.core.main.ScriptEngine.runScriptAsRawText(ScriptEngine.java:119)
	at com.kms.katalon.core.main.TestCaseExecutor.runScript(TestCaseExecutor.java:448)
	at com.kms.katalon.core.main.TestCaseExecutor.doExecute(TestCaseExecutor.java:439)
	at com.kms.katalon.core.main.TestCaseExecutor.processExecutionPhase(TestCaseExecutor.java:418)
	at com.kms.katalon.core.main.TestCaseExecutor.accessMainPhase(TestCaseExecutor.java:410)
	at com.kms.katalon.core.main.TestCaseExecutor.execute(TestCaseExecutor.java:285)
	at com.kms.katalon.core.common.CommonExecutor.accessTestCaseMainPhase(CommonExecutor.java:65)
	at com.kms.katalon.core.main.TestSuiteExecutor.accessTestSuiteMainPhase(TestSuiteExecutor.java:148)
	at com.kms.katalon.core.main.TestSuiteExecutor.execute(TestSuiteExecutor.java:106)
	at com.kms.katalon.core.main.TestCaseMain.startTestSuite(TestCaseMain.java:187)
	at com.kms.katalon.core.main.TestCaseMain$startTestSuite$0.call(Unknown Source)
	at TempTestSuite1705292495105.run(TempTestSuite1705292495105.groovy:36)
Caused by: org.openqa.selenium.InvalidElementStateException: Unable to clear element that cannot be edited: <ng-select class="w-100 ng-select ng-select-single ng-select-searchable ng-select-clearable ng-untouched ng-pristine ng-valid ng-select-focused ng-select-opened ng-select-bottom">
Build info: version: '3.141.59', revision: 'e82be7d358', time: '2018-11-14T08:25:53'
System info: host: 'DESKTOP-R03MSOE', ip: '192.168.136.1', os.name: 'Windows 10', os.arch: 'amd64', os.version: '10.0', java.version: '1.8.0_362'
Driver info: com.kms.katalon.core.webui.driver.firefox.CGeckoDriver
Capabilities {acceptInsecureCerts: true, browserName: firefox, browserVersion: 121.0, javascriptEnabled: true, moz:accessibilityChecks: false, moz:buildID: 20231211174248, moz:geckodriverVersion: 0.33.0, moz:headless: false, moz:platformVersion: 10.0, moz:processID: 17044, moz:profile: C:\Users\Jerry\AppData\Loca..., moz:shutdownTimeout: 60000, moz:webdriverClick: true, moz:windowless: false, pageLoadStrategy: normal, platform: WINDOWS, platformName: WINDOWS, proxy: Proxy(direct), setWindowRect: true, strictFileInteractability: false, timeouts: {implicit: 0, pageLoad: 300000, script: 30000}, unhandledPromptBehavior: dismiss and notify}
Session ID: d646df92-1636-4cba-9e0f-8d90d8df4261
	at org.openqa.selenium.remote.http.W3CHttpResponseCodec.createException(W3CHttpResponseCodec.java:187)
	at org.openqa.selenium.remote.http.W3CHttpResponseCodec.decode(W3CHttpResponseCodec.java:122)
	at org.openqa.selenium.remote.http.W3CHttpResponseCodec.decode(W3CHttpResponseCodec.java:49)
	at org.openqa.selenium.remote.HttpCommandExecutor.execute(HttpCommandExecutor.java:158)
	at org.openqa.selenium.remote.service.DriverCommandExecutor.execute(DriverCommandExecutor.java:83)
	at org.openqa.selenium.remote.RemoteWebDriver.execute(RemoteWebDriver.java:552)
	at com.kms.katalon.selenium.driver.CFirefoxDriver.execute(CFirefoxDriver.java:27)
	at org.openqa.selenium.remote.RemoteWebElement.execute(RemoteWebElement.java:285)
	at org.openqa.selenium.remote.RemoteWebElement.clear(RemoteWebElement.java:124)
	at org.openqa.selenium.support.events.EventFiringWebDriver$EventFiringWebElement.lambda$new$0(EventFiringWebDriver.java:404)
	at com.sun.proxy.$Proxy11.clear(Unknown Source)
	at org.openqa.selenium.support.events.EventFiringWebDriver$EventFiringWebElement.clear(EventFiringWebDriver.java:436)
	at com.kms.katalon.core.webui.keyword.builtin.SetTextKeyword$_setText_closure1.doCall(SetTextKeyword.groovy:53)
	at com.kms.katalon.core.webui.keyword.builtin.SetTextKeyword$_setText_closure1.call(SetTextKeyword.groovy)
	at com.kms.katalon.core.webui.keyword.internal.WebUIKeywordMain.runKeyword(WebUIKeywordMain.groovy:20)
	at com.kms.katalon.core.webui.keyword.builtin.SetTextKeyword.setText(SetTextKeyword.groovy:66)
	at com.kms.katalon.core.webui.keyword.builtin.SetTextKeyword.execute(SetTextKeyword.groovy:37)
	at com.kms.katalon.core.keyword.internal.KeywordExecutor.executeKeywordForPlatform(KeywordExecutor.groovy:74)
	at com.kms.katalon.core.webui.keyword.WebUiBuiltInKeywords.setText(WebUiBuiltInKeywords.groovy:980)
	at com.kms.katalon.core.webui.keyword.WebUiBuiltInKeywords$setText$2.call(Unknown Source)
	at Script1704858636805.run(Script1704858636805.groovy:299)
	... 13 more
)
[[ATTACHMENT|C:\\Users\\Jerry\\Katalon Studio\\me-corp-add-data\\Reports\\20240115_112135\\MECORP\\MECORP\\20240115_112135\\1705292769228.png]]]]></system-out>
         <system-err><![CDATA[2024-01-15 11:23:24 - [TEST_CASE][FAILED] - Test Cases/me corp/data-entry-aplikasi-pending: Test Cases/me corp/data-entry-aplikasi-pending FAILED.
Reason:
com.kms.katalon.core.exception.StepFailedException: Unable to set text 'CITIBANK NA' of object 'Object Repository/Input_Corporate/Financial/other_bank_input'
	at com.kms.katalon.core.webui.keyword.internal.WebUIKeywordMain.stepFailed(WebUIKeywordMain.groovy:64)
	at com.kms.katalon.core.webui.keyword.internal.WebUIKeywordMain.runKeyword(WebUIKeywordMain.groovy:26)
	at com.kms.katalon.core.webui.keyword.builtin.SetTextKeyword.setText(SetTextKeyword.groovy:66)
	at com.kms.katalon.core.webui.keyword.builtin.SetTextKeyword.execute(SetTextKeyword.groovy:37)
	at com.kms.katalon.core.keyword.internal.KeywordExecutor.executeKeywordForPlatform(KeywordExecutor.groovy:74)
	at com.kms.katalon.core.webui.keyword.WebUiBuiltInKeywords.setText(WebUiBuiltInKeywords.groovy:980)
	at com.kms.katalon.core.webui.keyword.WebUiBuiltInKeywords$setText$2.call(Unknown Source)
	at data-entry-aplikasi-pending.run(data-entry-aplikasi-pending:299)
	at com.kms.katalon.core.main.ScriptEngine.run(ScriptEngine.java:194)
	at com.kms.katalon.core.main.ScriptEngine.runScriptAsRawText(ScriptEngine.java:119)
	at com.kms.katalon.core.main.TestCaseExecutor.runScript(TestCaseExecutor.java:448)
	at com.kms.katalon.core.main.TestCaseExecutor.doExecute(TestCaseExecutor.java:439)
	at com.kms.katalon.core.main.TestCaseExecutor.processExecutionPhase(TestCaseExecutor.java:418)
	at com.kms.katalon.core.main.TestCaseExecutor.accessMainPhase(TestCaseExecutor.java:410)
	at com.kms.katalon.core.main.TestCaseExecutor.execute(TestCaseExecutor.java:285)
	at com.kms.katalon.core.common.CommonExecutor.accessTestCaseMainPhase(CommonExecutor.java:65)
	at com.kms.katalon.core.main.TestSuiteExecutor.accessTestSuiteMainPhase(TestSuiteExecutor.java:148)
	at com.kms.katalon.core.main.TestSuiteExecutor.execute(TestSuiteExecutor.java:106)
	at com.kms.katalon.core.main.TestCaseMain.startTestSuite(TestCaseMain.java:187)
	at com.kms.katalon.core.main.TestCaseMain$startTestSuite$0.call(Unknown Source)
	at TempTestSuite1705292495105.run(TempTestSuite1705292495105.groovy:36)
Caused by: org.openqa.selenium.InvalidElementStateException: Unable to clear element that cannot be edited: <ng-select class="w-100 ng-select ng-select-single ng-select-searchable ng-select-clearable ng-untouched ng-pristine ng-valid ng-select-focused ng-select-opened ng-select-bottom">
Build info: version: '3.141.59', revision: 'e82be7d358', time: '2018-11-14T08:25:53'
System info: host: 'DESKTOP-R03MSOE', ip: '192.168.136.1', os.name: 'Windows 10', os.arch: 'amd64', os.version: '10.0', java.version: '1.8.0_362'
Driver info: com.kms.katalon.core.webui.driver.firefox.CGeckoDriver
Capabilities {acceptInsecureCerts: true, browserName: firefox, browserVersion: 121.0, javascriptEnabled: true, moz:accessibilityChecks: false, moz:buildID: 20231211174248, moz:geckodriverVersion: 0.33.0, moz:headless: false, moz:platformVersion: 10.0, moz:processID: 17044, moz:profile: C:\Users\Jerry\AppData\Loca..., moz:shutdownTimeout: 60000, moz:webdriverClick: true, moz:windowless: false, pageLoadStrategy: normal, platform: WINDOWS, platformName: WINDOWS, proxy: Proxy(direct), setWindowRect: true, strictFileInteractability: false, timeouts: {implicit: 0, pageLoad: 300000, script: 30000}, unhandledPromptBehavior: dismiss and notify}
Session ID: d646df92-1636-4cba-9e0f-8d90d8df4261
	at org.openqa.selenium.remote.http.W3CHttpResponseCodec.createException(W3CHttpResponseCodec.java:187)
	at org.openqa.selenium.remote.http.W3CHttpResponseCodec.decode(W3CHttpResponseCodec.java:122)
	at org.openqa.selenium.remote.http.W3CHttpResponseCodec.decode(W3CHttpResponseCodec.java:49)
	at org.openqa.selenium.remote.HttpCommandExecutor.execute(HttpCommandExecutor.java:158)
	at org.openqa.selenium.remote.service.DriverCommandExecutor.execute(DriverCommandExecutor.java:83)
	at org.openqa.selenium.remote.RemoteWebDriver.execute(RemoteWebDriver.java:552)
	at com.kms.katalon.selenium.driver.CFirefoxDriver.execute(CFirefoxDriver.java:27)
	at org.openqa.selenium.remote.RemoteWebElement.execute(RemoteWebElement.java:285)
	at org.openqa.selenium.remote.RemoteWebElement.clear(RemoteWebElement.java:124)
	at org.openqa.selenium.support.events.EventFiringWebDriver$EventFiringWebElement.lambda$new$0(EventFiringWebDriver.java:404)
	at com.sun.proxy.$Proxy11.clear(Unknown Source)
	at org.openqa.selenium.support.events.EventFiringWebDriver$EventFiringWebElement.clear(EventFiringWebDriver.java:436)
	at com.kms.katalon.core.webui.keyword.builtin.SetTextKeyword$_setText_closure1.doCall(SetTextKeyword.groovy:53)
	at com.kms.katalon.core.webui.keyword.builtin.SetTextKeyword$_setText_closure1.call(SetTextKeyword.groovy)
	at com.kms.katalon.core.webui.keyword.internal.WebUIKeywordMain.runKeyword(WebUIKeywordMain.groovy:20)
	... 19 more]]></system-err>
      </testcase>
      <testcase name="Test Cases/me corp/corporateLoan" time="56.047" classname="Test Cases/me corp/corporateLoan" status="FAILED">
         <failure type="FAILED" message="Test Cases/me corp/corporateLoan FAILED.
Reason:
com.kms.katalon.core.exception.StepFailedException: Unable to click on object 'Object Repository/ME_CollateralandLoan_information/button_Mutasi Rekening'
	at com.kms.katalon.core.webui.keyword.internal.WebUIKeywordMain.stepFailed(WebUIKeywordMain.groovy:64)
	at com.kms.katalon.core.webui.keyword.internal.WebUIKeywordMain.runKeyword(WebUIKeywordMain.groovy:26)
	at com.kms.katalon.core.webui.keyword.builtin.ClickKeyword.click(ClickKeyword.groovy:74)
	at com.kms.katalon.core.webui.keyword.builtin.ClickKeyword.execute(ClickKeyword.groovy:40)
	at com.kms.katalon.core.keyword.internal.KeywordExecutor.executeKeywordForPlatform(KeywordExecutor.groovy:74)
	at com.kms.katalon.core.webui.keyword.WebUiBuiltInKeywords.click(WebUiBuiltInKeywords.groovy:620)
	at com.kms.katalon.core.webui.keyword.WebUiBuiltInKeywords$click$3.call(Unknown Source)
	at corporateLoan.run(corporateLoan:99)
	at com.kms.katalon.core.main.ScriptEngine.run(ScriptEngine.java:194)
	at com.kms.katalon.core.main.ScriptEngine.runScriptAsRawText(ScriptEngine.java:119)
	at com.kms.katalon.core.main.TestCaseExecutor.runScript(TestCaseExecutor.java:448)
	at com.kms.katalon.core.main.TestCaseExecutor.doExecute(TestCaseExecutor.java:439)
	at com.kms.katalon.core.main.TestCaseExecutor.processExecutionPhase(TestCaseExecutor.java:418)
	at com.kms.katalon.core.main.TestCaseExecutor.accessMainPhase(TestCaseExecutor.java:410)
	at com.kms.katalon.core.main.TestCaseExecutor.execute(TestCaseExecutor.java:285)
	at com.kms.katalon.core.common.CommonExecutor.accessTestCaseMainPhase(CommonExecutor.java:65)
	at com.kms.katalon.core.main.TestSuiteExecutor.accessTestSuiteMainPhase(TestSuiteExecutor.java:148)
	at com.kms.katalon.core.main.TestSuiteExecutor.execute(TestSuiteExecutor.java:106)
	at com.kms.katalon.core.main.TestCaseMain.startTestSuite(TestCaseMain.java:187)
	at com.kms.katalon.core.main.TestCaseMain$startTestSuite$0.call(Unknown Source)
	at TempTestSuite1705292495105.run(TempTestSuite1705292495105.groovy:36)
Caused by: org.openqa.selenium.ElementClickInterceptedException: Element &lt;button class=&quot;btn-trigger&quot;> is not clickable at point (1079,811) because another element &lt;modal-container class=&quot;modal fade show&quot;> obscures it
Build info: version: '3.141.59', revision: 'e82be7d358', time: '2018-11-14T08:25:53'
System info: host: 'DESKTOP-R03MSOE', ip: '192.168.136.1', os.name: 'Windows 10', os.arch: 'amd64', os.version: '10.0', java.version: '1.8.0_362'
Driver info: com.kms.katalon.core.webui.driver.firefox.CGeckoDriver
Capabilities {acceptInsecureCerts: true, browserName: firefox, browserVersion: 121.0, javascriptEnabled: true, moz:accessibilityChecks: false, moz:buildID: 20231211174248, moz:geckodriverVersion: 0.33.0, moz:headless: false, moz:platformVersion: 10.0, moz:processID: 17044, moz:profile: C:\Users\Jerry\AppData\Loca..., moz:shutdownTimeout: 60000, moz:webdriverClick: true, moz:windowless: false, pageLoadStrategy: normal, platform: WINDOWS, platformName: WINDOWS, proxy: Proxy(direct), setWindowRect: true, strictFileInteractability: false, timeouts: {implicit: 0, pageLoad: 300000, script: 30000}, unhandledPromptBehavior: dismiss and notify}
Session ID: d646df92-1636-4cba-9e0f-8d90d8df4261
	at org.openqa.selenium.remote.http.W3CHttpResponseCodec.createException(W3CHttpResponseCodec.java:187)
	at org.openqa.selenium.remote.http.W3CHttpResponseCodec.decode(W3CHttpResponseCodec.java:122)
	at org.openqa.selenium.remote.http.W3CHttpResponseCodec.decode(W3CHttpResponseCodec.java:49)
	at org.openqa.selenium.remote.HttpCommandExecutor.execute(HttpCommandExecutor.java:158)
	at org.openqa.selenium.remote.service.DriverCommandExecutor.execute(DriverCommandExecutor.java:83)
	at org.openqa.selenium.remote.RemoteWebDriver.execute(RemoteWebDriver.java:552)
	at com.kms.katalon.selenium.driver.CFirefoxDriver.execute(CFirefoxDriver.java:27)
	at org.openqa.selenium.remote.RemoteWebElement.execute(RemoteWebElement.java:285)
	at org.openqa.selenium.remote.RemoteWebElement.click(RemoteWebElement.java:84)
	at org.openqa.selenium.support.events.EventFiringWebDriver$EventFiringWebElement.lambda$new$0(EventFiringWebDriver.java:404)
	at com.sun.proxy.$Proxy11.click(Unknown Source)
	at org.openqa.selenium.support.events.EventFiringWebDriver$EventFiringWebElement.click(EventFiringWebDriver.java:417)
	at org.openqa.selenium.WebElement$click.call(Unknown Source)
	at com.kms.katalon.core.webui.keyword.builtin.ClickKeyword.clickUntilSuccessWithTimeout(ClickKeyword.groovy:81)
	at com.kms.katalon.core.webui.keyword.builtin.ClickKeyword.clickUntilSuccessWithTimeout(ClickKeyword.groovy)
	at com.kms.katalon.core.webui.keyword.builtin.ClickKeyword$_click_closure1.doCall(ClickKeyword.groovy:67)
	at com.kms.katalon.core.webui.keyword.builtin.ClickKeyword$_click_closure1.call(ClickKeyword.groovy)
	at com.kms.katalon.core.webui.keyword.internal.WebUIKeywordMain.runKeyword(WebUIKeywordMain.groovy:20)
	... 19 more
"/>
         <system-out><![CDATA[2024-01-15 11:26:09 - [TEST_CASE][FAILED] - Test Cases/me corp/corporateLoan: Test Cases/me corp/corporateLoan FAILED.
Reason:
com.kms.katalon.core.exception.StepFailedException: Unable to click on object 'Object Repository/ME_CollateralandLoan_information/button_Mutasi Rekening'
	at com.kms.katalon.core.webui.keyword.internal.WebUIKeywordMain.stepFailed(WebUIKeywordMain.groovy:64)
	at com.kms.katalon.core.webui.keyword.internal.WebUIKeywordMain.runKeyword(WebUIKeywordMain.groovy:26)
	at com.kms.katalon.core.webui.keyword.builtin.ClickKeyword.click(ClickKeyword.groovy:74)
	at com.kms.katalon.core.webui.keyword.builtin.ClickKeyword.execute(ClickKeyword.groovy:40)
	at com.kms.katalon.core.keyword.internal.KeywordExecutor.executeKeywordForPlatform(KeywordExecutor.groovy:74)
	at com.kms.katalon.core.webui.keyword.WebUiBuiltInKeywords.click(WebUiBuiltInKeywords.groovy:620)
	at com.kms.katalon.core.webui.keyword.WebUiBuiltInKeywords$click$3.call(Unknown Source)
	at corporateLoan.run(corporateLoan:99)
	at com.kms.katalon.core.main.ScriptEngine.run(ScriptEngine.java:194)
	at com.kms.katalon.core.main.ScriptEngine.runScriptAsRawText(ScriptEngine.java:119)
	at com.kms.katalon.core.main.TestCaseExecutor.runScript(TestCaseExecutor.java:448)
	at com.kms.katalon.core.main.TestCaseExecutor.doExecute(TestCaseExecutor.java:439)
	at com.kms.katalon.core.main.TestCaseExecutor.processExecutionPhase(TestCaseExecutor.java:418)
	at com.kms.katalon.core.main.TestCaseExecutor.accessMainPhase(TestCaseExecutor.java:410)
	at com.kms.katalon.core.main.TestCaseExecutor.execute(TestCaseExecutor.java:285)
	at com.kms.katalon.core.common.CommonExecutor.accessTestCaseMainPhase(CommonExecutor.java:65)
	at com.kms.katalon.core.main.TestSuiteExecutor.accessTestSuiteMainPhase(TestSuiteExecutor.java:148)
	at com.kms.katalon.core.main.TestSuiteExecutor.execute(TestSuiteExecutor.java:106)
	at com.kms.katalon.core.main.TestCaseMain.startTestSuite(TestCaseMain.java:187)
	at com.kms.katalon.core.main.TestCaseMain$startTestSuite$0.call(Unknown Source)
	at TempTestSuite1705292495105.run(TempTestSuite1705292495105.groovy:36)
Caused by: org.openqa.selenium.ElementClickInterceptedException: Element <button class="btn-trigger"> is not clickable at point (1079,811) because another element <modal-container class="modal fade show"> obscures it
Build info: version: '3.141.59', revision: 'e82be7d358', time: '2018-11-14T08:25:53'
System info: host: 'DESKTOP-R03MSOE', ip: '192.168.136.1', os.name: 'Windows 10', os.arch: 'amd64', os.version: '10.0', java.version: '1.8.0_362'
Driver info: com.kms.katalon.core.webui.driver.firefox.CGeckoDriver
Capabilities {acceptInsecureCerts: true, browserName: firefox, browserVersion: 121.0, javascriptEnabled: true, moz:accessibilityChecks: false, moz:buildID: 20231211174248, moz:geckodriverVersion: 0.33.0, moz:headless: false, moz:platformVersion: 10.0, moz:processID: 17044, moz:profile: C:\Users\Jerry\AppData\Loca..., moz:shutdownTimeout: 60000, moz:webdriverClick: true, moz:windowless: false, pageLoadStrategy: normal, platform: WINDOWS, platformName: WINDOWS, proxy: Proxy(direct), setWindowRect: true, strictFileInteractability: false, timeouts: {implicit: 0, pageLoad: 300000, script: 30000}, unhandledPromptBehavior: dismiss and notify}
Session ID: d646df92-1636-4cba-9e0f-8d90d8df4261
	at org.openqa.selenium.remote.http.W3CHttpResponseCodec.createException(W3CHttpResponseCodec.java:187)
	at org.openqa.selenium.remote.http.W3CHttpResponseCodec.decode(W3CHttpResponseCodec.java:122)
	at org.openqa.selenium.remote.http.W3CHttpResponseCodec.decode(W3CHttpResponseCodec.java:49)
	at org.openqa.selenium.remote.HttpCommandExecutor.execute(HttpCommandExecutor.java:158)
	at org.openqa.selenium.remote.service.DriverCommandExecutor.execute(DriverCommandExecutor.java:83)
	at org.openqa.selenium.remote.RemoteWebDriver.execute(RemoteWebDriver.java:552)
	at com.kms.katalon.selenium.driver.CFirefoxDriver.execute(CFirefoxDriver.java:27)
	at org.openqa.selenium.remote.RemoteWebElement.execute(RemoteWebElement.java:285)
	at org.openqa.selenium.remote.RemoteWebElement.click(RemoteWebElement.java:84)
	at org.openqa.selenium.support.events.EventFiringWebDriver$EventFiringWebElement.lambda$new$0(EventFiringWebDriver.java:404)
	at com.sun.proxy.$Proxy11.click(Unknown Source)
	at org.openqa.selenium.support.events.EventFiringWebDriver$EventFiringWebElement.click(EventFiringWebDriver.java:417)
	at org.openqa.selenium.WebElement$click.call(Unknown Source)
	at com.kms.katalon.core.webui.keyword.builtin.ClickKeyword.clickUntilSuccessWithTimeout(ClickKeyword.groovy:81)
	at com.kms.katalon.core.webui.keyword.builtin.ClickKeyword.clickUntilSuccessWithTimeout(ClickKeyword.groovy)
	at com.kms.katalon.core.webui.keyword.builtin.ClickKeyword$_click_closure1.doCall(ClickKeyword.groovy:67)
	at com.kms.katalon.core.webui.keyword.builtin.ClickKeyword$_click_closure1.call(ClickKeyword.groovy)
	at com.kms.katalon.core.webui.keyword.internal.WebUIKeywordMain.runKeyword(WebUIKeywordMain.groovy:20)
	... 19 more


2024-01-15 11:26:10 - [TEST_STEP][PASSED] - userDir = getProjectDir(): null

2024-01-15 11:26:10 - [TEST_STEP][PASSED] - ssDir = userDir + sprint2WebScreenshotPath: null

2024-01-15 11:26:10 - [TEST_STEP][PASSED] - click(findTestObject("ME_AppPending/span_Collateral dan Loan")): Object: 'Object Repository/ME_AppPending/span_Collateral dan Loan' is clicked on

2024-01-15 11:26:10 - [MESSAGE][PASSED] - Object: 'Object Repository/ME_AppPending/span_Collateral dan Loan' is clicked on

2024-01-15 11:26:10 - [TEST_STEP][PASSED] - takeFullPageScreenshotAsCheckpoint(ssDir + "scenario-1-masuk-menu-collateral-dan-loan.png"): Taking screenshot successfully

2024-01-15 11:26:12 - [MESSAGE][INFO] - 0 hidden object(s)

2024-01-15 11:26:12 - [MESSAGE][PASSED] - Taking screenshot successfully
[[ATTACHMENT|C:\Users\Jerry\Katalon Studio\me-corp-add-data\Screenshoot\Sprint2\Web\keyes\keyes-scenario-1-masuk-menu-collateral-dan-loan.png]]

2024-01-15 11:26:12 - [TEST_STEP][PASSED] - click(findTestObject("ME_CollateralandLoan_information/li_Information")): Object: 'Object Repository/ME_CollateralandLoan_information/li_Information' is clicked on

2024-01-15 11:26:13 - [MESSAGE][PASSED] - Object: 'Object Repository/ME_CollateralandLoan_information/li_Information' is clicked on

2024-01-15 11:26:13 - [TEST_STEP][PASSED] - click(findTestObject("ME_CollateralandLoan_information/input_jenispengajuan1"), OPTIONAL): Object: 'Object Repository/ME_CollateralandLoan_information/input_jenispengajuan1' is clicked on

2024-01-15 11:26:13 - [MESSAGE][PASSED] - Object: 'Object Repository/ME_CollateralandLoan_information/input_jenispengajuan1' is clicked on

2024-01-15 11:26:13 - [TEST_STEP][PASSED] - setText(findTestObject("ME_CollateralandLoan_information/input_jenispengajuan1"), information_jenisPengajuan, OPTIONAL): Unable to set text 'mobil bekas' of object 'Object Repository/ME_CollateralandLoan_information/input_jenispengajuan1' (Root cause: com.kms.katalon.core.exception.StepFailedException: Unable to set text 'mobil bekas' of object 'Object Repository/ME_CollateralandLoan_information/input_jenispengajuan1'
	at com.kms.katalon.core.webui.keyword.internal.WebUIKeywordMain.stepFailed(WebUIKeywordMain.groovy:64)
	at com.kms.katalon.core.webui.keyword.internal.WebUIKeywordMain.runKeyword(WebUIKeywordMain.groovy:26)
	at com.kms.katalon.core.webui.keyword.builtin.SetTextKeyword.setText(SetTextKeyword.groovy:66)
	at com.kms.katalon.core.webui.keyword.builtin.SetTextKeyword.execute(SetTextKeyword.groovy:37)
	at com.kms.katalon.core.keyword.internal.KeywordExecutor.executeKeywordForPlatform(KeywordExecutor.groovy:74)
	at com.kms.katalon.core.webui.keyword.WebUiBuiltInKeywords.setText(WebUiBuiltInKeywords.groovy:966)
	at com.kms.katalon.core.webui.keyword.WebUiBuiltInKeywords$setText$6.call(Unknown Source)
	at corporateLoan.run(corporateLoan:46)
	at com.kms.katalon.core.main.ScriptEngine.run(ScriptEngine.java:194)
	at com.kms.katalon.core.main.ScriptEngine.runScriptAsRawText(ScriptEngine.java:119)
	at com.kms.katalon.core.main.TestCaseExecutor.runScript(TestCaseExecutor.java:448)
	at com.kms.katalon.core.main.TestCaseExecutor.doExecute(TestCaseExecutor.java:439)
	at com.kms.katalon.core.main.TestCaseExecutor.processExecutionPhase(TestCaseExecutor.java:418)
	at com.kms.katalon.core.main.TestCaseExecutor.accessMainPhase(TestCaseExecutor.java:410)
	at com.kms.katalon.core.main.TestCaseExecutor.execute(TestCaseExecutor.java:285)
	at com.kms.katalon.core.common.CommonExecutor.accessTestCaseMainPhase(CommonExecutor.java:65)
	at com.kms.katalon.core.main.TestSuiteExecutor.accessTestSuiteMainPhase(TestSuiteExecutor.java:148)
	at com.kms.katalon.core.main.TestSuiteExecutor.execute(TestSuiteExecutor.java:106)
	at com.kms.katalon.core.main.TestCaseMain.startTestSuite(TestCaseMain.java:187)
	at com.kms.katalon.core.main.TestCaseMain$startTestSuite$0.call(Unknown Source)
	at TempTestSuite1705292495105.run(TempTestSuite1705292495105.groovy:36)
Caused by: org.openqa.selenium.InvalidElementStateException: Unable to clear element that cannot be edited: <ng-select class="w-100 ng-select ng-select-single ng-select-searchable ng-select-clearable ng-untouched ng-pristine ng-invalid ng-select-focused ng-select-opened ng-select-bottom">
Build info: version: '3.141.59', revision: 'e82be7d358', time: '2018-11-14T08:25:53'
System info: host: 'DESKTOP-R03MSOE', ip: '192.168.136.1', os.name: 'Windows 10', os.arch: 'amd64', os.version: '10.0', java.version: '1.8.0_362'
Driver info: com.kms.katalon.core.webui.driver.firefox.CGeckoDriver
Capabilities {acceptInsecureCerts: true, browserName: firefox, browserVersion: 121.0, javascriptEnabled: true, moz:accessibilityChecks: false, moz:buildID: 20231211174248, moz:geckodriverVersion: 0.33.0, moz:headless: false, moz:platformVersion: 10.0, moz:processID: 17044, moz:profile: C:\Users\Jerry\AppData\Loca..., moz:shutdownTimeout: 60000, moz:webdriverClick: true, moz:windowless: false, pageLoadStrategy: normal, platform: WINDOWS, platformName: WINDOWS, proxy: Proxy(direct), setWindowRect: true, strictFileInteractability: false, timeouts: {implicit: 0, pageLoad: 300000, script: 30000}, unhandledPromptBehavior: dismiss and notify}
Session ID: d646df92-1636-4cba-9e0f-8d90d8df4261
	at org.openqa.selenium.remote.http.W3CHttpResponseCodec.createException(W3CHttpResponseCodec.java:187)
	at org.openqa.selenium.remote.http.W3CHttpResponseCodec.decode(W3CHttpResponseCodec.java:122)
	at org.openqa.selenium.remote.http.W3CHttpResponseCodec.decode(W3CHttpResponseCodec.java:49)
	at org.openqa.selenium.remote.HttpCommandExecutor.execute(HttpCommandExecutor.java:158)
	at org.openqa.selenium.remote.service.DriverCommandExecutor.execute(DriverCommandExecutor.java:83)
	at org.openqa.selenium.remote.RemoteWebDriver.execute(RemoteWebDriver.java:552)
	at com.kms.katalon.selenium.driver.CFirefoxDriver.execute(CFirefoxDriver.java:27)
	at org.openqa.selenium.remote.RemoteWebElement.execute(RemoteWebElement.java:285)
	at org.openqa.selenium.remote.RemoteWebElement.clear(RemoteWebElement.java:124)
	at org.openqa.selenium.support.events.EventFiringWebDriver$EventFiringWebElement.lambda$new$0(EventFiringWebDriver.java:404)
	at com.sun.proxy.$Proxy11.clear(Unknown Source)
	at org.openqa.selenium.support.events.EventFiringWebDriver$EventFiringWebElement.clear(EventFiringWebDriver.java:436)
	at com.kms.katalon.core.webui.keyword.builtin.SetTextKeyword$_setText_closure1.doCall(SetTextKeyword.groovy:53)
	at com.kms.katalon.core.webui.keyword.builtin.SetTextKeyword$_setText_closure1.call(SetTextKeyword.groovy)
	at com.kms.katalon.core.webui.keyword.internal.WebUIKeywordMain.runKeyword(WebUIKeywordMain.groovy:20)
	at com.kms.katalon.core.webui.keyword.builtin.SetTextKeyword.setText(SetTextKeyword.groovy:66)
	at com.kms.katalon.core.webui.keyword.builtin.SetTextKeyword.execute(SetTextKeyword.groovy:37)
	at com.kms.katalon.core.keyword.internal.KeywordExecutor.executeKeywordForPlatform(KeywordExecutor.groovy:74)
	at com.kms.katalon.core.webui.keyword.WebUiBuiltInKeywords.setText(WebUiBuiltInKeywords.groovy:966)
	at com.kms.katalon.core.webui.keyword.WebUiBuiltInKeywords$setText$6.call(Unknown Source)
	at Script1705051008953.run(Script1705051008953.groovy:46)
	... 13 more
)

2024-01-15 11:26:14 - [MESSAGE][WARNING] - Unable to set text 'mobil bekas' of object 'Object Repository/ME_CollateralandLoan_information/input_jenispengajuan1' (Root cause: com.kms.katalon.core.exception.StepFailedException: Unable to set text 'mobil bekas' of object 'Object Repository/ME_CollateralandLoan_information/input_jenispengajuan1'
	at com.kms.katalon.core.webui.keyword.internal.WebUIKeywordMain.stepFailed(WebUIKeywordMain.groovy:64)
	at com.kms.katalon.core.webui.keyword.internal.WebUIKeywordMain.runKeyword(WebUIKeywordMain.groovy:26)
	at com.kms.katalon.core.webui.keyword.builtin.SetTextKeyword.setText(SetTextKeyword.groovy:66)
	at com.kms.katalon.core.webui.keyword.builtin.SetTextKeyword.execute(SetTextKeyword.groovy:37)
	at com.kms.katalon.core.keyword.internal.KeywordExecutor.executeKeywordForPlatform(KeywordExecutor.groovy:74)
	at com.kms.katalon.core.webui.keyword.WebUiBuiltInKeywords.setText(WebUiBuiltInKeywords.groovy:966)
	at com.kms.katalon.core.webui.keyword.WebUiBuiltInKeywords$setText$6.call(Unknown Source)
	at corporateLoan.run(corporateLoan:46)
	at com.kms.katalon.core.main.ScriptEngine.run(ScriptEngine.java:194)
	at com.kms.katalon.core.main.ScriptEngine.runScriptAsRawText(ScriptEngine.java:119)
	at com.kms.katalon.core.main.TestCaseExecutor.runScript(TestCaseExecutor.java:448)
	at com.kms.katalon.core.main.TestCaseExecutor.doExecute(TestCaseExecutor.java:439)
	at com.kms.katalon.core.main.TestCaseExecutor.processExecutionPhase(TestCaseExecutor.java:418)
	at com.kms.katalon.core.main.TestCaseExecutor.accessMainPhase(TestCaseExecutor.java:410)
	at com.kms.katalon.core.main.TestCaseExecutor.execute(TestCaseExecutor.java:285)
	at com.kms.katalon.core.common.CommonExecutor.accessTestCaseMainPhase(CommonExecutor.java:65)
	at com.kms.katalon.core.main.TestSuiteExecutor.accessTestSuiteMainPhase(TestSuiteExecutor.java:148)
	at com.kms.katalon.core.main.TestSuiteExecutor.execute(TestSuiteExecutor.java:106)
	at com.kms.katalon.core.main.TestCaseMain.startTestSuite(TestCaseMain.java:187)
	at com.kms.katalon.core.main.TestCaseMain$startTestSuite$0.call(Unknown Source)
	at TempTestSuite1705292495105.run(TempTestSuite1705292495105.groovy:36)
Caused by: org.openqa.selenium.InvalidElementStateException: Unable to clear element that cannot be edited: <ng-select class="w-100 ng-select ng-select-single ng-select-searchable ng-select-clearable ng-untouched ng-pristine ng-invalid ng-select-focused ng-select-opened ng-select-bottom">
Build info: version: '3.141.59', revision: 'e82be7d358', time: '2018-11-14T08:25:53'
System info: host: 'DESKTOP-R03MSOE', ip: '192.168.136.1', os.name: 'Windows 10', os.arch: 'amd64', os.version: '10.0', java.version: '1.8.0_362'
Driver info: com.kms.katalon.core.webui.driver.firefox.CGeckoDriver
Capabilities {acceptInsecureCerts: true, browserName: firefox, browserVersion: 121.0, javascriptEnabled: true, moz:accessibilityChecks: false, moz:buildID: 20231211174248, moz:geckodriverVersion: 0.33.0, moz:headless: false, moz:platformVersion: 10.0, moz:processID: 17044, moz:profile: C:\Users\Jerry\AppData\Loca..., moz:shutdownTimeout: 60000, moz:webdriverClick: true, moz:windowless: false, pageLoadStrategy: normal, platform: WINDOWS, platformName: WINDOWS, proxy: Proxy(direct), setWindowRect: true, strictFileInteractability: false, timeouts: {implicit: 0, pageLoad: 300000, script: 30000}, unhandledPromptBehavior: dismiss and notify}
Session ID: d646df92-1636-4cba-9e0f-8d90d8df4261
	at org.openqa.selenium.remote.http.W3CHttpResponseCodec.createException(W3CHttpResponseCodec.java:187)
	at org.openqa.selenium.remote.http.W3CHttpResponseCodec.decode(W3CHttpResponseCodec.java:122)
	at org.openqa.selenium.remote.http.W3CHttpResponseCodec.decode(W3CHttpResponseCodec.java:49)
	at org.openqa.selenium.remote.HttpCommandExecutor.execute(HttpCommandExecutor.java:158)
	at org.openqa.selenium.remote.service.DriverCommandExecutor.execute(DriverCommandExecutor.java:83)
	at org.openqa.selenium.remote.RemoteWebDriver.execute(RemoteWebDriver.java:552)
	at com.kms.katalon.selenium.driver.CFirefoxDriver.execute(CFirefoxDriver.java:27)
	at org.openqa.selenium.remote.RemoteWebElement.execute(RemoteWebElement.java:285)
	at org.openqa.selenium.remote.RemoteWebElement.clear(RemoteWebElement.java:124)
	at org.openqa.selenium.support.events.EventFiringWebDriver$EventFiringWebElement.lambda$new$0(EventFiringWebDriver.java:404)
	at com.sun.proxy.$Proxy11.clear(Unknown Source)
	at org.openqa.selenium.support.events.EventFiringWebDriver$EventFiringWebElement.clear(EventFiringWebDriver.java:436)
	at com.kms.katalon.core.webui.keyword.builtin.SetTextKeyword$_setText_closure1.doCall(SetTextKeyword.groovy:53)
	at com.kms.katalon.core.webui.keyword.builtin.SetTextKeyword$_setText_closure1.call(SetTextKeyword.groovy)
	at com.kms.katalon.core.webui.keyword.internal.WebUIKeywordMain.runKeyword(WebUIKeywordMain.groovy:20)
	at com.kms.katalon.core.webui.keyword.builtin.SetTextKeyword.setText(SetTextKeyword.groovy:66)
	at com.kms.katalon.core.webui.keyword.builtin.SetTextKeyword.execute(SetTextKeyword.groovy:37)
	at com.kms.katalon.core.keyword.internal.KeywordExecutor.executeKeywordForPlatform(KeywordExecutor.groovy:74)
	at com.kms.katalon.core.webui.keyword.WebUiBuiltInKeywords.setText(WebUiBuiltInKeywords.groovy:966)
	at com.kms.katalon.core.webui.keyword.WebUiBuiltInKeywords$setText$6.call(Unknown Source)
	at Script1705051008953.run(Script1705051008953.groovy:46)
	... 13 more
)
[[ATTACHMENT|C:\\Users\\Jerry\\Katalon Studio\\me-corp-add-data\\Reports\\20240115_112135\\MECORP\\MECORP\\20240115_112135\\1705292774292.png]]

2024-01-15 11:26:14 - [TEST_STEP][PASSED] - takeFullPageScreenshotAsCheckpoint(ssDir + "scenario-1-input-jenis-pengajuan.png"): Taking screenshot successfully

2024-01-15 11:26:15 - [MESSAGE][INFO] - 0 hidden object(s)

2024-01-15 11:26:15 - [MESSAGE][PASSED] - Taking screenshot successfully
[[ATTACHMENT|C:\Users\Jerry\Katalon Studio\me-corp-add-data\Screenshoot\Sprint2\Web\keyes\keyes-scenario-1-input-jenis-pengajuan.png]]

2024-01-15 11:26:15 - [TEST_STEP][PASSED] - click(findTestObject("ME_CollateralandLoan_information/div_Mobil Bekas")): Object: 'Object Repository/ME_CollateralandLoan_information/div_Mobil Bekas' is clicked on

2024-01-15 11:26:16 - [MESSAGE][PASSED] - Object: 'Object Repository/ME_CollateralandLoan_information/div_Mobil Bekas' is clicked on

2024-01-15 11:26:16 - [TEST_STEP][PASSED] - click(findTestObject("ME_CollateralandLoan_information/input_tujuankredit"), OPTIONAL): Object: 'Object Repository/ME_CollateralandLoan_information/input_tujuankredit' is clicked on

2024-01-15 11:26:17 - [MESSAGE][PASSED] - Object: 'Object Repository/ME_CollateralandLoan_information/input_tujuankredit' is clicked on

2024-01-15 11:26:17 - [TEST_STEP][PASSED] - setText(findTestObject("ME_CollateralandLoan_information/input_tujuankredit"), information_tujuanKredit, OPTIONAL): Unable to set text 'pembelian aset' of object 'Object Repository/ME_CollateralandLoan_information/input_tujuankredit' (Root cause: com.kms.katalon.core.exception.StepFailedException: Unable to set text 'pembelian aset' of object 'Object Repository/ME_CollateralandLoan_information/input_tujuankredit'
	at com.kms.katalon.core.webui.keyword.internal.WebUIKeywordMain.stepFailed(WebUIKeywordMain.groovy:64)
	at com.kms.katalon.core.webui.keyword.internal.WebUIKeywordMain.runKeyword(WebUIKeywordMain.groovy:26)
	at com.kms.katalon.core.webui.keyword.builtin.SetTextKeyword.setText(SetTextKeyword.groovy:66)
	at com.kms.katalon.core.webui.keyword.builtin.SetTextKeyword.execute(SetTextKeyword.groovy:37)
	at com.kms.katalon.core.keyword.internal.KeywordExecutor.executeKeywordForPlatform(KeywordExecutor.groovy:74)
	at com.kms.katalon.core.webui.keyword.WebUiBuiltInKeywords.setText(WebUiBuiltInKeywords.groovy:966)
	at com.kms.katalon.core.webui.keyword.WebUiBuiltInKeywords$setText$6.call(Unknown Source)
	at corporateLoan.run(corporateLoan:55)
	at com.kms.katalon.core.main.ScriptEngine.run(ScriptEngine.java:194)
	at com.kms.katalon.core.main.ScriptEngine.runScriptAsRawText(ScriptEngine.java:119)
	at com.kms.katalon.core.main.TestCaseExecutor.runScript(TestCaseExecutor.java:448)
	at com.kms.katalon.core.main.TestCaseExecutor.doExecute(TestCaseExecutor.java:439)
	at com.kms.katalon.core.main.TestCaseExecutor.processExecutionPhase(TestCaseExecutor.java:418)
	at com.kms.katalon.core.main.TestCaseExecutor.accessMainPhase(TestCaseExecutor.java:410)
	at com.kms.katalon.core.main.TestCaseExecutor.execute(TestCaseExecutor.java:285)
	at com.kms.katalon.core.common.CommonExecutor.accessTestCaseMainPhase(CommonExecutor.java:65)
	at com.kms.katalon.core.main.TestSuiteExecutor.accessTestSuiteMainPhase(TestSuiteExecutor.java:148)
	at com.kms.katalon.core.main.TestSuiteExecutor.execute(TestSuiteExecutor.java:106)
	at com.kms.katalon.core.main.TestCaseMain.startTestSuite(TestCaseMain.java:187)
	at com.kms.katalon.core.main.TestCaseMain$startTestSuite$0.call(Unknown Source)
	at TempTestSuite1705292495105.run(TempTestSuite1705292495105.groovy:36)
Caused by: org.openqa.selenium.InvalidElementStateException: Unable to clear element that cannot be edited: <ng-select class="w-100 ng-select ng-select-single ng-select-searchable ng-select-clearable ng-untouched ng-pristine ng-invalid ng-select-focused ng-select-opened ng-select-bottom">
Build info: version: '3.141.59', revision: 'e82be7d358', time: '2018-11-14T08:25:53'
System info: host: 'DESKTOP-R03MSOE', ip: '192.168.136.1', os.name: 'Windows 10', os.arch: 'amd64', os.version: '10.0', java.version: '1.8.0_362'
Driver info: com.kms.katalon.core.webui.driver.firefox.CGeckoDriver
Capabilities {acceptInsecureCerts: true, browserName: firefox, browserVersion: 121.0, javascriptEnabled: true, moz:accessibilityChecks: false, moz:buildID: 20231211174248, moz:geckodriverVersion: 0.33.0, moz:headless: false, moz:platformVersion: 10.0, moz:processID: 17044, moz:profile: C:\Users\Jerry\AppData\Loca..., moz:shutdownTimeout: 60000, moz:webdriverClick: true, moz:windowless: false, pageLoadStrategy: normal, platform: WINDOWS, platformName: WINDOWS, proxy: Proxy(direct), setWindowRect: true, strictFileInteractability: false, timeouts: {implicit: 0, pageLoad: 300000, script: 30000}, unhandledPromptBehavior: dismiss and notify}
Session ID: d646df92-1636-4cba-9e0f-8d90d8df4261
	at org.openqa.selenium.remote.http.W3CHttpResponseCodec.createException(W3CHttpResponseCodec.java:187)
	at org.openqa.selenium.remote.http.W3CHttpResponseCodec.decode(W3CHttpResponseCodec.java:122)
	at org.openqa.selenium.remote.http.W3CHttpResponseCodec.decode(W3CHttpResponseCodec.java:49)
	at org.openqa.selenium.remote.HttpCommandExecutor.execute(HttpCommandExecutor.java:158)
	at org.openqa.selenium.remote.service.DriverCommandExecutor.execute(DriverCommandExecutor.java:83)
	at org.openqa.selenium.remote.RemoteWebDriver.execute(RemoteWebDriver.java:552)
	at com.kms.katalon.selenium.driver.CFirefoxDriver.execute(CFirefoxDriver.java:27)
	at org.openqa.selenium.remote.RemoteWebElement.execute(RemoteWebElement.java:285)
	at org.openqa.selenium.remote.RemoteWebElement.clear(RemoteWebElement.java:124)
	at org.openqa.selenium.support.events.EventFiringWebDriver$EventFiringWebElement.lambda$new$0(EventFiringWebDriver.java:404)
	at com.sun.proxy.$Proxy11.clear(Unknown Source)
	at org.openqa.selenium.support.events.EventFiringWebDriver$EventFiringWebElement.clear(EventFiringWebDriver.java:436)
	at com.kms.katalon.core.webui.keyword.builtin.SetTextKeyword$_setText_closure1.doCall(SetTextKeyword.groovy:53)
	at com.kms.katalon.core.webui.keyword.builtin.SetTextKeyword$_setText_closure1.call(SetTextKeyword.groovy)
	at com.kms.katalon.core.webui.keyword.internal.WebUIKeywordMain.runKeyword(WebUIKeywordMain.groovy:20)
	at com.kms.katalon.core.webui.keyword.builtin.SetTextKeyword.setText(SetTextKeyword.groovy:66)
	at com.kms.katalon.core.webui.keyword.builtin.SetTextKeyword.execute(SetTextKeyword.groovy:37)
	at com.kms.katalon.core.keyword.internal.KeywordExecutor.executeKeywordForPlatform(KeywordExecutor.groovy:74)
	at com.kms.katalon.core.webui.keyword.WebUiBuiltInKeywords.setText(WebUiBuiltInKeywords.groovy:966)
	at com.kms.katalon.core.webui.keyword.WebUiBuiltInKeywords$setText$6.call(Unknown Source)
	at Script1705051008953.run(Script1705051008953.groovy:55)
	... 13 more
)

2024-01-15 11:26:17 - [MESSAGE][WARNING] - Unable to set text 'pembelian aset' of object 'Object Repository/ME_CollateralandLoan_information/input_tujuankredit' (Root cause: com.kms.katalon.core.exception.StepFailedException: Unable to set text 'pembelian aset' of object 'Object Repository/ME_CollateralandLoan_information/input_tujuankredit'
	at com.kms.katalon.core.webui.keyword.internal.WebUIKeywordMain.stepFailed(WebUIKeywordMain.groovy:64)
	at com.kms.katalon.core.webui.keyword.internal.WebUIKeywordMain.runKeyword(WebUIKeywordMain.groovy:26)
	at com.kms.katalon.core.webui.keyword.builtin.SetTextKeyword.setText(SetTextKeyword.groovy:66)
	at com.kms.katalon.core.webui.keyword.builtin.SetTextKeyword.execute(SetTextKeyword.groovy:37)
	at com.kms.katalon.core.keyword.internal.KeywordExecutor.executeKeywordForPlatform(KeywordExecutor.groovy:74)
	at com.kms.katalon.core.webui.keyword.WebUiBuiltInKeywords.setText(WebUiBuiltInKeywords.groovy:966)
	at com.kms.katalon.core.webui.keyword.WebUiBuiltInKeywords$setText$6.call(Unknown Source)
	at corporateLoan.run(corporateLoan:55)
	at com.kms.katalon.core.main.ScriptEngine.run(ScriptEngine.java:194)
	at com.kms.katalon.core.main.ScriptEngine.runScriptAsRawText(ScriptEngine.java:119)
	at com.kms.katalon.core.main.TestCaseExecutor.runScript(TestCaseExecutor.java:448)
	at com.kms.katalon.core.main.TestCaseExecutor.doExecute(TestCaseExecutor.java:439)
	at com.kms.katalon.core.main.TestCaseExecutor.processExecutionPhase(TestCaseExecutor.java:418)
	at com.kms.katalon.core.main.TestCaseExecutor.accessMainPhase(TestCaseExecutor.java:410)
	at com.kms.katalon.core.main.TestCaseExecutor.execute(TestCaseExecutor.java:285)
	at com.kms.katalon.core.common.CommonExecutor.accessTestCaseMainPhase(CommonExecutor.java:65)
	at com.kms.katalon.core.main.TestSuiteExecutor.accessTestSuiteMainPhase(TestSuiteExecutor.java:148)
	at com.kms.katalon.core.main.TestSuiteExecutor.execute(TestSuiteExecutor.java:106)
	at com.kms.katalon.core.main.TestCaseMain.startTestSuite(TestCaseMain.java:187)
	at com.kms.katalon.core.main.TestCaseMain$startTestSuite$0.call(Unknown Source)
	at TempTestSuite1705292495105.run(TempTestSuite1705292495105.groovy:36)
Caused by: org.openqa.selenium.InvalidElementStateException: Unable to clear element that cannot be edited: <ng-select class="w-100 ng-select ng-select-single ng-select-searchable ng-select-clearable ng-untouched ng-pristine ng-invalid ng-select-focused ng-select-opened ng-select-bottom">
Build info: version: '3.141.59', revision: 'e82be7d358', time: '2018-11-14T08:25:53'
System info: host: 'DESKTOP-R03MSOE', ip: '192.168.136.1', os.name: 'Windows 10', os.arch: 'amd64', os.version: '10.0', java.version: '1.8.0_362'
Driver info: com.kms.katalon.core.webui.driver.firefox.CGeckoDriver
Capabilities {acceptInsecureCerts: true, browserName: firefox, browserVersion: 121.0, javascriptEnabled: true, moz:accessibilityChecks: false, moz:buildID: 20231211174248, moz:geckodriverVersion: 0.33.0, moz:headless: false, moz:platformVersion: 10.0, moz:processID: 17044, moz:profile: C:\Users\Jerry\AppData\Loca..., moz:shutdownTimeout: 60000, moz:webdriverClick: true, moz:windowless: false, pageLoadStrategy: normal, platform: WINDOWS, platformName: WINDOWS, proxy: Proxy(direct), setWindowRect: true, strictFileInteractability: false, timeouts: {implicit: 0, pageLoad: 300000, script: 30000}, unhandledPromptBehavior: dismiss and notify}
Session ID: d646df92-1636-4cba-9e0f-8d90d8df4261
	at org.openqa.selenium.remote.http.W3CHttpResponseCodec.createException(W3CHttpResponseCodec.java:187)
	at org.openqa.selenium.remote.http.W3CHttpResponseCodec.decode(W3CHttpResponseCodec.java:122)
	at org.openqa.selenium.remote.http.W3CHttpResponseCodec.decode(W3CHttpResponseCodec.java:49)
	at org.openqa.selenium.remote.HttpCommandExecutor.execute(HttpCommandExecutor.java:158)
	at org.openqa.selenium.remote.service.DriverCommandExecutor.execute(DriverCommandExecutor.java:83)
	at org.openqa.selenium.remote.RemoteWebDriver.execute(RemoteWebDriver.java:552)
	at com.kms.katalon.selenium.driver.CFirefoxDriver.execute(CFirefoxDriver.java:27)
	at org.openqa.selenium.remote.RemoteWebElement.execute(RemoteWebElement.java:285)
	at org.openqa.selenium.remote.RemoteWebElement.clear(RemoteWebElement.java:124)
	at org.openqa.selenium.support.events.EventFiringWebDriver$EventFiringWebElement.lambda$new$0(EventFiringWebDriver.java:404)
	at com.sun.proxy.$Proxy11.clear(Unknown Source)
	at org.openqa.selenium.support.events.EventFiringWebDriver$EventFiringWebElement.clear(EventFiringWebDriver.java:436)
	at com.kms.katalon.core.webui.keyword.builtin.SetTextKeyword$_setText_closure1.doCall(SetTextKeyword.groovy:53)
	at com.kms.katalon.core.webui.keyword.builtin.SetTextKeyword$_setText_closure1.call(SetTextKeyword.groovy)
	at com.kms.katalon.core.webui.keyword.internal.WebUIKeywordMain.runKeyword(WebUIKeywordMain.groovy:20)
	at com.kms.katalon.core.webui.keyword.builtin.SetTextKeyword.setText(SetTextKeyword.groovy:66)
	at com.kms.katalon.core.webui.keyword.builtin.SetTextKeyword.execute(SetTextKeyword.groovy:37)
	at com.kms.katalon.core.keyword.internal.KeywordExecutor.executeKeywordForPlatform(KeywordExecutor.groovy:74)
	at com.kms.katalon.core.webui.keyword.WebUiBuiltInKeywords.setText(WebUiBuiltInKeywords.groovy:966)
	at com.kms.katalon.core.webui.keyword.WebUiBuiltInKeywords$setText$6.call(Unknown Source)
	at Script1705051008953.run(Script1705051008953.groovy:55)
	... 13 more
)
[[ATTACHMENT|C:\\Users\\Jerry\\Katalon Studio\\me-corp-add-data\\Reports\\20240115_112135\\MECORP\\MECORP\\20240115_112135\\1705292777810.png]]

2024-01-15 11:26:17 - [TEST_STEP][PASSED] - takeFullPageScreenshotAsCheckpoint(ssDir + "scenario-1-input-tujuan-pengajuan.png"): Taking screenshot successfully

2024-01-15 11:26:19 - [MESSAGE][INFO] - 0 hidden object(s)

2024-01-15 11:26:19 - [MESSAGE][PASSED] - Taking screenshot successfully
[[ATTACHMENT|C:\Users\Jerry\Katalon Studio\me-corp-add-data\Screenshoot\Sprint2\Web\keyes\keyes-scenario-1-input-tujuan-pengajuan.png]]

2024-01-15 11:26:19 - [TEST_STEP][PASSED] - click(findTestObject("ME_CollateralandLoan_information/div_Pembelian Aset")): Object: 'Object Repository/ME_CollateralandLoan_information/div_Pembelian Aset' is clicked on

2024-01-15 11:26:20 - [MESSAGE][PASSED] - Object: 'Object Repository/ME_CollateralandLoan_information/div_Pembelian Aset' is clicked on

2024-01-15 11:26:20 - [TEST_STEP][PASSED] - click(findTestObject("ME_CollateralandLoan_information/button_Payment")): Object: 'Object Repository/ME_CollateralandLoan_information/button_Payment' is clicked on

2024-01-15 11:26:21 - [MESSAGE][PASSED] - Object: 'Object Repository/ME_CollateralandLoan_information/button_Payment' is clicked on

2024-01-15 11:26:21 - [TEST_STEP][PASSED] - click(findTestObject("ME_CollateralandLoan_information/input_autodebet")): Object: 'Object Repository/ME_CollateralandLoan_information/input_autodebet' is clicked on

2024-01-15 11:26:22 - [MESSAGE][PASSED] - Object: 'Object Repository/ME_CollateralandLoan_information/input_autodebet' is clicked on

2024-01-15 11:26:22 - [TEST_STEP][PASSED] - takeFullPageScreenshotAsCheckpoint(ssDir + "scenario-1-input-payment.png"): Taking screenshot successfully

2024-01-15 11:26:23 - [MESSAGE][INFO] - 0 hidden object(s)

2024-01-15 11:26:23 - [MESSAGE][PASSED] - Taking screenshot successfully
[[ATTACHMENT|C:\Users\Jerry\Katalon Studio\me-corp-add-data\Screenshoot\Sprint2\Web\keyes\keyes-scenario-1-input-payment.png]]

2024-01-15 11:26:23 - [TEST_STEP][PASSED] - click(findTestObject("ME_CollateralandLoan_information/div_Auto Debet")): Object: 'Object Repository/ME_CollateralandLoan_information/div_Auto Debet' is clicked on

2024-01-15 11:26:24 - [MESSAGE][PASSED] - Object: 'Object Repository/ME_CollateralandLoan_information/div_Auto Debet' is clicked on

2024-01-15 11:26:24 - [TEST_STEP][PASSED] - setText(findTestObject("ME_CollateralandLoan_information/input_Account No. 10 Digit_text-input-account-no"), information_accountNum): Text '11111111111' is set on object 'Object Repository/ME_CollateralandLoan_information/input_Account No. 10 Digit_text-input-account-no'

2024-01-15 11:26:25 - [MESSAGE][PASSED] - Text '11111111111' is set on object 'Object Repository/ME_CollateralandLoan_information/input_Account No. 10 Digit_text-input-account-no'

2024-01-15 11:26:25 - [TEST_STEP][PASSED] - click(findTestObject("ME_CollateralandLoan_information/input_Account No. 10 Digit_inline-checkbox-autodebetNoRek"), OPTIONAL): Object: 'Object Repository/ME_CollateralandLoan_information/input_Account No. 10 Digit_inline-checkbox-autodebetNoRek' is clicked on

2024-01-15 11:26:26 - [MESSAGE][PASSED] - Object: 'Object Repository/ME_CollateralandLoan_information/input_Account No. 10 Digit_inline-checkbox-autodebetNoRek' is clicked on

2024-01-15 11:26:26 - [TEST_STEP][PASSED] - click(findTestObject("ME_CollateralandLoan_information/Capture_rekeningautodebet")): Object: 'Object Repository/ME_CollateralandLoan_information/Capture_rekeningautodebet' is clicked on

2024-01-15 11:26:26 - [MESSAGE][PASSED] - Object: 'Object Repository/ME_CollateralandLoan_information/Capture_rekeningautodebet' is clicked on

2024-01-15 11:26:26 - [TEST_STEP][PASSED] - popup.popup.uploadFile(findTestObject("Object Repository/MEApp_AppBaru_InisiasiKonsumen/Page_Mobile Entry - BCAF/button_Local File"), userDir + pathfinder_npwp.replace("/", "\")): popup.popup.uploadFile is PASSED

2024-01-15 11:26:28 - [MESSAGE][PASSED] - Object: 'Object Repository/MEApp_AppBaru_InisiasiKonsumen/Page_Mobile Entry - BCAF/button_Local File' is clicked on

2024-01-15 11:26:28 - [MESSAGE][PASSED] - Delayed 0.5 second(s)

2024-01-15 11:26:28 - [MESSAGE][PASSED] - popup.popup.uploadFile is PASSED

2024-01-15 11:26:28 - [TEST_STEP][PASSED] - setText(findTestObject("ME_CollateralandLoan_information/input_Account No. 10 Digit_noRekening"), information_accountNum2): Text '11111111111' is set on object 'Object Repository/ME_CollateralandLoan_information/input_Account No. 10 Digit_noRekening'

2024-01-15 11:26:29 - [MESSAGE][PASSED] - Text '11111111111' is set on object 'Object Repository/ME_CollateralandLoan_information/input_Account No. 10 Digit_noRekening'

2024-01-15 11:26:29 - [TEST_STEP][PASSED] - setText(findTestObject("ME_CollateralandLoan_information/input_Cabang BCA_cabangBca"), information_cabang): Text 'jakarta selatan' is set on object 'Object Repository/ME_CollateralandLoan_information/input_Cabang BCA_cabangBca'

2024-01-15 11:26:30 - [MESSAGE][PASSED] - Text 'jakarta selatan' is set on object 'Object Repository/ME_CollateralandLoan_information/input_Cabang BCA_cabangBca'

2024-01-15 11:26:30 - [TEST_STEP][PASSED] - setText(findTestObject("ME_CollateralandLoan_information/input_Nama Pemilik Rekening_form-control ng-untouched ng-pristine ng-invalid"), information_namaPemilikRek): Text 'afgan' is set on object 'Object Repository/ME_CollateralandLoan_information/input_Nama Pemilik Rekening_form-control ng-untouched ng-pristine ng-invalid'

2024-01-15 11:26:31 - [MESSAGE][PASSED] - Text 'afgan' is set on object 'Object Repository/ME_CollateralandLoan_information/input_Nama Pemilik Rekening_form-control ng-untouched ng-pristine ng-invalid'

2024-01-15 11:26:31 - [TEST_STEP][PASSED] - setText(findTestObject("ME_CollateralandLoan_information/input_No KTP_form-control ng-untouched ng-pristine ng-invalid"), information_noKTP): Text '22222222222222' is set on object 'Object Repository/ME_CollateralandLoan_information/input_No KTP_form-control ng-untouched ng-pristine ng-invalid'

2024-01-15 11:26:32 - [MESSAGE][PASSED] - Text '22222222222222' is set on object 'Object Repository/ME_CollateralandLoan_information/input_No KTP_form-control ng-untouched ng-pristine ng-invalid'

2024-01-15 11:26:32 - [TEST_STEP][PASSED] - takeFullPageScreenshotAsCheckpoint(ssDir + "scenario-1-input-data-autodebit.png"): Taking screenshot successfully

2024-01-15 11:26:33 - [MESSAGE][INFO] - 0 hidden object(s)

2024-01-15 11:26:34 - [MESSAGE][PASSED] - Taking screenshot successfully
[[ATTACHMENT|C:\Users\Jerry\Katalon Studio\me-corp-add-data\Screenshoot\Sprint2\Web\keyes\keyes-scenario-1-input-data-autodebit.png]]

2024-01-15 11:26:34 - [TEST_STEP][FAILED] - click(findTestObject("ME_CollateralandLoan_information/button_Mutasi Rekening")): Unable to click on object 'Object Repository/ME_CollateralandLoan_information/button_Mutasi Rekening' (Root cause: com.kms.katalon.core.exception.StepFailedException: Unable to click on object 'Object Repository/ME_CollateralandLoan_information/button_Mutasi Rekening'
	at com.kms.katalon.core.webui.keyword.internal.WebUIKeywordMain.stepFailed(WebUIKeywordMain.groovy:64)
	at com.kms.katalon.core.webui.keyword.internal.WebUIKeywordMain.runKeyword(WebUIKeywordMain.groovy:26)
	at com.kms.katalon.core.webui.keyword.builtin.ClickKeyword.click(ClickKeyword.groovy:74)
	at com.kms.katalon.core.webui.keyword.builtin.ClickKeyword.execute(ClickKeyword.groovy:40)
	at com.kms.katalon.core.keyword.internal.KeywordExecutor.executeKeywordForPlatform(KeywordExecutor.groovy:74)
	at com.kms.katalon.core.webui.keyword.WebUiBuiltInKeywords.click(WebUiBuiltInKeywords.groovy:620)
	at com.kms.katalon.core.webui.keyword.WebUiBuiltInKeywords$click$3.call(Unknown Source)
	at corporateLoan.run(corporateLoan:99)
	at com.kms.katalon.core.main.ScriptEngine.run(ScriptEngine.java:194)
	at com.kms.katalon.core.main.ScriptEngine.runScriptAsRawText(ScriptEngine.java:119)
	at com.kms.katalon.core.main.TestCaseExecutor.runScript(TestCaseExecutor.java:448)
	at com.kms.katalon.core.main.TestCaseExecutor.doExecute(TestCaseExecutor.java:439)
	at com.kms.katalon.core.main.TestCaseExecutor.processExecutionPhase(TestCaseExecutor.java:418)
	at com.kms.katalon.core.main.TestCaseExecutor.accessMainPhase(TestCaseExecutor.java:410)
	at com.kms.katalon.core.main.TestCaseExecutor.execute(TestCaseExecutor.java:285)
	at com.kms.katalon.core.common.CommonExecutor.accessTestCaseMainPhase(CommonExecutor.java:65)
	at com.kms.katalon.core.main.TestSuiteExecutor.accessTestSuiteMainPhase(TestSuiteExecutor.java:148)
	at com.kms.katalon.core.main.TestSuiteExecutor.execute(TestSuiteExecutor.java:106)
	at com.kms.katalon.core.main.TestCaseMain.startTestSuite(TestCaseMain.java:187)
	at com.kms.katalon.core.main.TestCaseMain$startTestSuite$0.call(Unknown Source)
	at TempTestSuite1705292495105.run(TempTestSuite1705292495105.groovy:36)
Caused by: org.openqa.selenium.ElementClickInterceptedException: Element <button class="btn-trigger"> is not clickable at point (1079,811) because another element <modal-container class="modal fade show"> obscures it
Build info: version: '3.141.59', revision: 'e82be7d358', time: '2018-11-14T08:25:53'
System info: host: 'DESKTOP-R03MSOE', ip: '192.168.136.1', os.name: 'Windows 10', os.arch: 'amd64', os.version: '10.0', java.version: '1.8.0_362'
Driver info: com.kms.katalon.core.webui.driver.firefox.CGeckoDriver
Capabilities {acceptInsecureCerts: true, browserName: firefox, browserVersion: 121.0, javascriptEnabled: true, moz:accessibilityChecks: false, moz:buildID: 20231211174248, moz:geckodriverVersion: 0.33.0, moz:headless: false, moz:platformVersion: 10.0, moz:processID: 17044, moz:profile: C:\Users\Jerry\AppData\Loca..., moz:shutdownTimeout: 60000, moz:webdriverClick: true, moz:windowless: false, pageLoadStrategy: normal, platform: WINDOWS, platformName: WINDOWS, proxy: Proxy(direct), setWindowRect: true, strictFileInteractability: false, timeouts: {implicit: 0, pageLoad: 300000, script: 30000}, unhandledPromptBehavior: dismiss and notify}
Session ID: d646df92-1636-4cba-9e0f-8d90d8df4261
	at org.openqa.selenium.remote.http.W3CHttpResponseCodec.createException(W3CHttpResponseCodec.java:187)
	at org.openqa.selenium.remote.http.W3CHttpResponseCodec.decode(W3CHttpResponseCodec.java:122)
	at org.openqa.selenium.remote.http.W3CHttpResponseCodec.decode(W3CHttpResponseCodec.java:49)
	at org.openqa.selenium.remote.HttpCommandExecutor.execute(HttpCommandExecutor.java:158)
	at org.openqa.selenium.remote.service.DriverCommandExecutor.execute(DriverCommandExecutor.java:83)
	at org.openqa.selenium.remote.RemoteWebDriver.execute(RemoteWebDriver.java:552)
	at com.kms.katalon.selenium.driver.CFirefoxDriver.execute(CFirefoxDriver.java:27)
	at org.openqa.selenium.remote.RemoteWebElement.execute(RemoteWebElement.java:285)
	at org.openqa.selenium.remote.RemoteWebElement.click(RemoteWebElement.java:84)
	at org.openqa.selenium.support.events.EventFiringWebDriver$EventFiringWebElement.lambda$new$0(EventFiringWebDriver.java:404)
	at com.sun.proxy.$Proxy11.click(Unknown Source)
	at org.openqa.selenium.support.events.EventFiringWebDriver$EventFiringWebElement.click(EventFiringWebDriver.java:417)
	at org.openqa.selenium.WebElement$click.call(Unknown Source)
	at com.kms.katalon.core.webui.keyword.builtin.ClickKeyword.clickUntilSuccessWithTimeout(ClickKeyword.groovy:81)
	at com.kms.katalon.core.webui.keyword.builtin.ClickKeyword.clickUntilSuccessWithTimeout(ClickKeyword.groovy)
	at com.kms.katalon.core.webui.keyword.builtin.ClickKeyword$_click_closure1.doCall(ClickKeyword.groovy:67)
	at com.kms.katalon.core.webui.keyword.builtin.ClickKeyword$_click_closure1.call(ClickKeyword.groovy)
	at com.kms.katalon.core.webui.keyword.internal.WebUIKeywordMain.runKeyword(WebUIKeywordMain.groovy:20)
	at com.kms.katalon.core.webui.keyword.builtin.ClickKeyword.click(ClickKeyword.groovy:74)
	at com.kms.katalon.core.webui.keyword.builtin.ClickKeyword.execute(ClickKeyword.groovy:40)
	at com.kms.katalon.core.keyword.internal.KeywordExecutor.executeKeywordForPlatform(KeywordExecutor.groovy:74)
	at com.kms.katalon.core.webui.keyword.WebUiBuiltInKeywords.click(WebUiBuiltInKeywords.groovy:620)
	at com.kms.katalon.core.webui.keyword.WebUiBuiltInKeywords$click$3.call(Unknown Source)
	at Script1705051008953.run(Script1705051008953.groovy:99)
	... 13 more
)

2024-01-15 11:27:05 - [MESSAGE][FAILED] - Unable to click on object 'Object Repository/ME_CollateralandLoan_information/button_Mutasi Rekening' (Root cause: com.kms.katalon.core.exception.StepFailedException: Unable to click on object 'Object Repository/ME_CollateralandLoan_information/button_Mutasi Rekening'
	at com.kms.katalon.core.webui.keyword.internal.WebUIKeywordMain.stepFailed(WebUIKeywordMain.groovy:64)
	at com.kms.katalon.core.webui.keyword.internal.WebUIKeywordMain.runKeyword(WebUIKeywordMain.groovy:26)
	at com.kms.katalon.core.webui.keyword.builtin.ClickKeyword.click(ClickKeyword.groovy:74)
	at com.kms.katalon.core.webui.keyword.builtin.ClickKeyword.execute(ClickKeyword.groovy:40)
	at com.kms.katalon.core.keyword.internal.KeywordExecutor.executeKeywordForPlatform(KeywordExecutor.groovy:74)
	at com.kms.katalon.core.webui.keyword.WebUiBuiltInKeywords.click(WebUiBuiltInKeywords.groovy:620)
	at com.kms.katalon.core.webui.keyword.WebUiBuiltInKeywords$click$3.call(Unknown Source)
	at corporateLoan.run(corporateLoan:99)
	at com.kms.katalon.core.main.ScriptEngine.run(ScriptEngine.java:194)
	at com.kms.katalon.core.main.ScriptEngine.runScriptAsRawText(ScriptEngine.java:119)
	at com.kms.katalon.core.main.TestCaseExecutor.runScript(TestCaseExecutor.java:448)
	at com.kms.katalon.core.main.TestCaseExecutor.doExecute(TestCaseExecutor.java:439)
	at com.kms.katalon.core.main.TestCaseExecutor.processExecutionPhase(TestCaseExecutor.java:418)
	at com.kms.katalon.core.main.TestCaseExecutor.accessMainPhase(TestCaseExecutor.java:410)
	at com.kms.katalon.core.main.TestCaseExecutor.execute(TestCaseExecutor.java:285)
	at com.kms.katalon.core.common.CommonExecutor.accessTestCaseMainPhase(CommonExecutor.java:65)
	at com.kms.katalon.core.main.TestSuiteExecutor.accessTestSuiteMainPhase(TestSuiteExecutor.java:148)
	at com.kms.katalon.core.main.TestSuiteExecutor.execute(TestSuiteExecutor.java:106)
	at com.kms.katalon.core.main.TestCaseMain.startTestSuite(TestCaseMain.java:187)
	at com.kms.katalon.core.main.TestCaseMain$startTestSuite$0.call(Unknown Source)
	at TempTestSuite1705292495105.run(TempTestSuite1705292495105.groovy:36)
Caused by: org.openqa.selenium.ElementClickInterceptedException: Element <button class="btn-trigger"> is not clickable at point (1079,811) because another element <modal-container class="modal fade show"> obscures it
Build info: version: '3.141.59', revision: 'e82be7d358', time: '2018-11-14T08:25:53'
System info: host: 'DESKTOP-R03MSOE', ip: '192.168.136.1', os.name: 'Windows 10', os.arch: 'amd64', os.version: '10.0', java.version: '1.8.0_362'
Driver info: com.kms.katalon.core.webui.driver.firefox.CGeckoDriver
Capabilities {acceptInsecureCerts: true, browserName: firefox, browserVersion: 121.0, javascriptEnabled: true, moz:accessibilityChecks: false, moz:buildID: 20231211174248, moz:geckodriverVersion: 0.33.0, moz:headless: false, moz:platformVersion: 10.0, moz:processID: 17044, moz:profile: C:\Users\Jerry\AppData\Loca..., moz:shutdownTimeout: 60000, moz:webdriverClick: true, moz:windowless: false, pageLoadStrategy: normal, platform: WINDOWS, platformName: WINDOWS, proxy: Proxy(direct), setWindowRect: true, strictFileInteractability: false, timeouts: {implicit: 0, pageLoad: 300000, script: 30000}, unhandledPromptBehavior: dismiss and notify}
Session ID: d646df92-1636-4cba-9e0f-8d90d8df4261
	at org.openqa.selenium.remote.http.W3CHttpResponseCodec.createException(W3CHttpResponseCodec.java:187)
	at org.openqa.selenium.remote.http.W3CHttpResponseCodec.decode(W3CHttpResponseCodec.java:122)
	at org.openqa.selenium.remote.http.W3CHttpResponseCodec.decode(W3CHttpResponseCodec.java:49)
	at org.openqa.selenium.remote.HttpCommandExecutor.execute(HttpCommandExecutor.java:158)
	at org.openqa.selenium.remote.service.DriverCommandExecutor.execute(DriverCommandExecutor.java:83)
	at org.openqa.selenium.remote.RemoteWebDriver.execute(RemoteWebDriver.java:552)
	at com.kms.katalon.selenium.driver.CFirefoxDriver.execute(CFirefoxDriver.java:27)
	at org.openqa.selenium.remote.RemoteWebElement.execute(RemoteWebElement.java:285)
	at org.openqa.selenium.remote.RemoteWebElement.click(RemoteWebElement.java:84)
	at org.openqa.selenium.support.events.EventFiringWebDriver$EventFiringWebElement.lambda$new$0(EventFiringWebDriver.java:404)
	at com.sun.proxy.$Proxy11.click(Unknown Source)
	at org.openqa.selenium.support.events.EventFiringWebDriver$EventFiringWebElement.click(EventFiringWebDriver.java:417)
	at org.openqa.selenium.WebElement$click.call(Unknown Source)
	at com.kms.katalon.core.webui.keyword.builtin.ClickKeyword.clickUntilSuccessWithTimeout(ClickKeyword.groovy:81)
	at com.kms.katalon.core.webui.keyword.builtin.ClickKeyword.clickUntilSuccessWithTimeout(ClickKeyword.groovy)
	at com.kms.katalon.core.webui.keyword.builtin.ClickKeyword$_click_closure1.doCall(ClickKeyword.groovy:67)
	at com.kms.katalon.core.webui.keyword.builtin.ClickKeyword$_click_closure1.call(ClickKeyword.groovy)
	at com.kms.katalon.core.webui.keyword.internal.WebUIKeywordMain.runKeyword(WebUIKeywordMain.groovy:20)
	at com.kms.katalon.core.webui.keyword.builtin.ClickKeyword.click(ClickKeyword.groovy:74)
	at com.kms.katalon.core.webui.keyword.builtin.ClickKeyword.execute(ClickKeyword.groovy:40)
	at com.kms.katalon.core.keyword.internal.KeywordExecutor.executeKeywordForPlatform(KeywordExecutor.groovy:74)
	at com.kms.katalon.core.webui.keyword.WebUiBuiltInKeywords.click(WebUiBuiltInKeywords.groovy:620)
	at com.kms.katalon.core.webui.keyword.WebUiBuiltInKeywords$click$3.call(Unknown Source)
	at Script1705051008953.run(Script1705051008953.groovy:99)
	... 13 more
)
[[ATTACHMENT|C:\\Users\\Jerry\\Katalon Studio\\me-corp-add-data\\Reports\\20240115_112135\\MECORP\\MECORP\\20240115_112135\\1705292825278.png]]]]></system-out>
         <system-err><![CDATA[2024-01-15 11:26:09 - [TEST_CASE][FAILED] - Test Cases/me corp/corporateLoan: Test Cases/me corp/corporateLoan FAILED.
Reason:
com.kms.katalon.core.exception.StepFailedException: Unable to click on object 'Object Repository/ME_CollateralandLoan_information/button_Mutasi Rekening'
	at com.kms.katalon.core.webui.keyword.internal.WebUIKeywordMain.stepFailed(WebUIKeywordMain.groovy:64)
	at com.kms.katalon.core.webui.keyword.internal.WebUIKeywordMain.runKeyword(WebUIKeywordMain.groovy:26)
	at com.kms.katalon.core.webui.keyword.builtin.ClickKeyword.click(ClickKeyword.groovy:74)
	at com.kms.katalon.core.webui.keyword.builtin.ClickKeyword.execute(ClickKeyword.groovy:40)
	at com.kms.katalon.core.keyword.internal.KeywordExecutor.executeKeywordForPlatform(KeywordExecutor.groovy:74)
	at com.kms.katalon.core.webui.keyword.WebUiBuiltInKeywords.click(WebUiBuiltInKeywords.groovy:620)
	at com.kms.katalon.core.webui.keyword.WebUiBuiltInKeywords$click$3.call(Unknown Source)
	at corporateLoan.run(corporateLoan:99)
	at com.kms.katalon.core.main.ScriptEngine.run(ScriptEngine.java:194)
	at com.kms.katalon.core.main.ScriptEngine.runScriptAsRawText(ScriptEngine.java:119)
	at com.kms.katalon.core.main.TestCaseExecutor.runScript(TestCaseExecutor.java:448)
	at com.kms.katalon.core.main.TestCaseExecutor.doExecute(TestCaseExecutor.java:439)
	at com.kms.katalon.core.main.TestCaseExecutor.processExecutionPhase(TestCaseExecutor.java:418)
	at com.kms.katalon.core.main.TestCaseExecutor.accessMainPhase(TestCaseExecutor.java:410)
	at com.kms.katalon.core.main.TestCaseExecutor.execute(TestCaseExecutor.java:285)
	at com.kms.katalon.core.common.CommonExecutor.accessTestCaseMainPhase(CommonExecutor.java:65)
	at com.kms.katalon.core.main.TestSuiteExecutor.accessTestSuiteMainPhase(TestSuiteExecutor.java:148)
	at com.kms.katalon.core.main.TestSuiteExecutor.execute(TestSuiteExecutor.java:106)
	at com.kms.katalon.core.main.TestCaseMain.startTestSuite(TestCaseMain.java:187)
	at com.kms.katalon.core.main.TestCaseMain$startTestSuite$0.call(Unknown Source)
	at TempTestSuite1705292495105.run(TempTestSuite1705292495105.groovy:36)
Caused by: org.openqa.selenium.ElementClickInterceptedException: Element <button class="btn-trigger"> is not clickable at point (1079,811) because another element <modal-container class="modal fade show"> obscures it
Build info: version: '3.141.59', revision: 'e82be7d358', time: '2018-11-14T08:25:53'
System info: host: 'DESKTOP-R03MSOE', ip: '192.168.136.1', os.name: 'Windows 10', os.arch: 'amd64', os.version: '10.0', java.version: '1.8.0_362'
Driver info: com.kms.katalon.core.webui.driver.firefox.CGeckoDriver
Capabilities {acceptInsecureCerts: true, browserName: firefox, browserVersion: 121.0, javascriptEnabled: true, moz:accessibilityChecks: false, moz:buildID: 20231211174248, moz:geckodriverVersion: 0.33.0, moz:headless: false, moz:platformVersion: 10.0, moz:processID: 17044, moz:profile: C:\Users\Jerry\AppData\Loca..., moz:shutdownTimeout: 60000, moz:webdriverClick: true, moz:windowless: false, pageLoadStrategy: normal, platform: WINDOWS, platformName: WINDOWS, proxy: Proxy(direct), setWindowRect: true, strictFileInteractability: false, timeouts: {implicit: 0, pageLoad: 300000, script: 30000}, unhandledPromptBehavior: dismiss and notify}
Session ID: d646df92-1636-4cba-9e0f-8d90d8df4261
	at org.openqa.selenium.remote.http.W3CHttpResponseCodec.createException(W3CHttpResponseCodec.java:187)
	at org.openqa.selenium.remote.http.W3CHttpResponseCodec.decode(W3CHttpResponseCodec.java:122)
	at org.openqa.selenium.remote.http.W3CHttpResponseCodec.decode(W3CHttpResponseCodec.java:49)
	at org.openqa.selenium.remote.HttpCommandExecutor.execute(HttpCommandExecutor.java:158)
	at org.openqa.selenium.remote.service.DriverCommandExecutor.execute(DriverCommandExecutor.java:83)
	at org.openqa.selenium.remote.RemoteWebDriver.execute(RemoteWebDriver.java:552)
	at com.kms.katalon.selenium.driver.CFirefoxDriver.execute(CFirefoxDriver.java:27)
	at org.openqa.selenium.remote.RemoteWebElement.execute(RemoteWebElement.java:285)
	at org.openqa.selenium.remote.RemoteWebElement.click(RemoteWebElement.java:84)
	at org.openqa.selenium.support.events.EventFiringWebDriver$EventFiringWebElement.lambda$new$0(EventFiringWebDriver.java:404)
	at com.sun.proxy.$Proxy11.click(Unknown Source)
	at org.openqa.selenium.support.events.EventFiringWebDriver$EventFiringWebElement.click(EventFiringWebDriver.java:417)
	at org.openqa.selenium.WebElement$click.call(Unknown Source)
	at com.kms.katalon.core.webui.keyword.builtin.ClickKeyword.clickUntilSuccessWithTimeout(ClickKeyword.groovy:81)
	at com.kms.katalon.core.webui.keyword.builtin.ClickKeyword.clickUntilSuccessWithTimeout(ClickKeyword.groovy)
	at com.kms.katalon.core.webui.keyword.builtin.ClickKeyword$_click_closure1.doCall(ClickKeyword.groovy:67)
	at com.kms.katalon.core.webui.keyword.builtin.ClickKeyword$_click_closure1.call(ClickKeyword.groovy)
	at com.kms.katalon.core.webui.keyword.internal.WebUIKeywordMain.runKeyword(WebUIKeywordMain.groovy:20)
	... 19 more]]></system-err>
      </testcase>
      <system-out><![CDATA[2024-01-15 11:21:43 - [TEST_SUITE][FAILED] - MECORP: Test Cases/me corp/data-entry-aplikasi-pending FAILED.
Reason:
com.kms.katalon.core.exception.StepFailedException: Unable to set text 'CITIBANK NA' of object 'Object Repository/Input_Corporate/Financial/other_bank_input'
	at com.kms.katalon.core.webui.keyword.internal.WebUIKeywordMain.stepFailed(WebUIKeywordMain.groovy:64)
	at com.kms.katalon.core.webui.keyword.internal.WebUIKeywordMain.runKeyword(WebUIKeywordMain.groovy:26)
	at com.kms.katalon.core.webui.keyword.builtin.SetTextKeyword.setText(SetTextKeyword.groovy:66)
	at com.kms.katalon.core.webui.keyword.builtin.SetTextKeyword.execute(SetTextKeyword.groovy:37)
	at com.kms.katalon.core.keyword.internal.KeywordExecutor.executeKeywordForPlatform(KeywordExecutor.groovy:74)
	at com.kms.katalon.core.webui.keyword.WebUiBuiltInKeywords.setText(WebUiBuiltInKeywords.groovy:980)
	at com.kms.katalon.core.webui.keyword.WebUiBuiltInKeywords$setText$2.call(Unknown Source)
	at data-entry-aplikasi-pending.run(data-entry-aplikasi-pending:299)
	at com.kms.katalon.core.main.ScriptEngine.run(ScriptEngine.java:194)
	at com.kms.katalon.core.main.ScriptEngine.runScriptAsRawText(ScriptEngine.java:119)
	at com.kms.katalon.core.main.TestCaseExecutor.runScript(TestCaseExecutor.java:448)
	at com.kms.katalon.core.main.TestCaseExecutor.doExecute(TestCaseExecutor.java:439)
	at com.kms.katalon.core.main.TestCaseExecutor.processExecutionPhase(TestCaseExecutor.java:418)
	at com.kms.katalon.core.main.TestCaseExecutor.accessMainPhase(TestCaseExecutor.java:410)
	at com.kms.katalon.core.main.TestCaseExecutor.execute(TestCaseExecutor.java:285)
	at com.kms.katalon.core.common.CommonExecutor.accessTestCaseMainPhase(CommonExecutor.java:65)
	at com.kms.katalon.core.main.TestSuiteExecutor.accessTestSuiteMainPhase(TestSuiteExecutor.java:148)
	at com.kms.katalon.core.main.TestSuiteExecutor.execute(TestSuiteExecutor.java:106)
	at com.kms.katalon.core.main.TestCaseMain.startTestSuite(TestCaseMain.java:187)
	at com.kms.katalon.core.main.TestCaseMain$startTestSuite$0.call(Unknown Source)
	at TempTestSuite1705292495105.run(TempTestSuite1705292495105.groovy:36)
Caused by: org.openqa.selenium.InvalidElementStateException: Unable to clear element that cannot be edited: <ng-select class="w-100 ng-select ng-select-single ng-select-searchable ng-select-clearable ng-untouched ng-pristine ng-valid ng-select-focused ng-select-opened ng-select-bottom">
Build info: version: '3.141.59', revision: 'e82be7d358', time: '2018-11-14T08:25:53'
System info: host: 'DESKTOP-R03MSOE', ip: '192.168.136.1', os.name: 'Windows 10', os.arch: 'amd64', os.version: '10.0', java.version: '1.8.0_362'
Driver info: com.kms.katalon.core.webui.driver.firefox.CGeckoDriver
Capabilities {acceptInsecureCerts: true, browserName: firefox, browserVersion: 121.0, javascriptEnabled: true, moz:accessibilityChecks: false, moz:buildID: 20231211174248, moz:geckodriverVersion: 0.33.0, moz:headless: false, moz:platformVersion: 10.0, moz:processID: 17044, moz:profile: C:\Users\Jerry\AppData\Loca..., moz:shutdownTimeout: 60000, moz:webdriverClick: true, moz:windowless: false, pageLoadStrategy: normal, platform: WINDOWS, platformName: WINDOWS, proxy: Proxy(direct), setWindowRect: true, strictFileInteractability: false, timeouts: {implicit: 0, pageLoad: 300000, script: 30000}, unhandledPromptBehavior: dismiss and notify}
Session ID: d646df92-1636-4cba-9e0f-8d90d8df4261
	at org.openqa.selenium.remote.http.W3CHttpResponseCodec.createException(W3CHttpResponseCodec.java:187)
	at org.openqa.selenium.remote.http.W3CHttpResponseCodec.decode(W3CHttpResponseCodec.java:122)
	at org.openqa.selenium.remote.http.W3CHttpResponseCodec.decode(W3CHttpResponseCodec.java:49)
	at org.openqa.selenium.remote.HttpCommandExecutor.execute(HttpCommandExecutor.java:158)
	at org.openqa.selenium.remote.service.DriverCommandExecutor.execute(DriverCommandExecutor.java:83)
	at org.openqa.selenium.remote.RemoteWebDriver.execute(RemoteWebDriver.java:552)
	at com.kms.katalon.selenium.driver.CFirefoxDriver.execute(CFirefoxDriver.java:27)
	at org.openqa.selenium.remote.RemoteWebElement.execute(RemoteWebElement.java:285)
	at org.openqa.selenium.remote.RemoteWebElement.clear(RemoteWebElement.java:124)
	at org.openqa.selenium.support.events.EventFiringWebDriver$EventFiringWebElement.lambda$new$0(EventFiringWebDriver.java:404)
	at com.sun.proxy.$Proxy11.clear(Unknown Source)
	at org.openqa.selenium.support.events.EventFiringWebDriver$EventFiringWebElement.clear(EventFiringWebDriver.java:436)
	at com.kms.katalon.core.webui.keyword.builtin.SetTextKeyword$_setText_closure1.doCall(SetTextKeyword.groovy:53)
	at com.kms.katalon.core.webui.keyword.builtin.SetTextKeyword$_setText_closure1.call(SetTextKeyword.groovy)
	at com.kms.katalon.core.webui.keyword.internal.WebUIKeywordMain.runKeyword(WebUIKeywordMain.groovy:20)
	... 19 more]]></system-out>
      <system-err><![CDATA[2024-01-15 11:21:43 - [TEST_SUITE][FAILED] - MECORP: Test Cases/me corp/data-entry-aplikasi-pending FAILED.
Reason:
com.kms.katalon.core.exception.StepFailedException: Unable to set text 'CITIBANK NA' of object 'Object Repository/Input_Corporate/Financial/other_bank_input'
	at com.kms.katalon.core.webui.keyword.internal.WebUIKeywordMain.stepFailed(WebUIKeywordMain.groovy:64)
	at com.kms.katalon.core.webui.keyword.internal.WebUIKeywordMain.runKeyword(WebUIKeywordMain.groovy:26)
	at com.kms.katalon.core.webui.keyword.builtin.SetTextKeyword.setText(SetTextKeyword.groovy:66)
	at com.kms.katalon.core.webui.keyword.builtin.SetTextKeyword.execute(SetTextKeyword.groovy:37)
	at com.kms.katalon.core.keyword.internal.KeywordExecutor.executeKeywordForPlatform(KeywordExecutor.groovy:74)
	at com.kms.katalon.core.webui.keyword.WebUiBuiltInKeywords.setText(WebUiBuiltInKeywords.groovy:980)
	at com.kms.katalon.core.webui.keyword.WebUiBuiltInKeywords$setText$2.call(Unknown Source)
	at data-entry-aplikasi-pending.run(data-entry-aplikasi-pending:299)
	at com.kms.katalon.core.main.ScriptEngine.run(ScriptEngine.java:194)
	at com.kms.katalon.core.main.ScriptEngine.runScriptAsRawText(ScriptEngine.java:119)
	at com.kms.katalon.core.main.TestCaseExecutor.runScript(TestCaseExecutor.java:448)
	at com.kms.katalon.core.main.TestCaseExecutor.doExecute(TestCaseExecutor.java:439)
	at com.kms.katalon.core.main.TestCaseExecutor.processExecutionPhase(TestCaseExecutor.java:418)
	at com.kms.katalon.core.main.TestCaseExecutor.accessMainPhase(TestCaseExecutor.java:410)
	at com.kms.katalon.core.main.TestCaseExecutor.execute(TestCaseExecutor.java:285)
	at com.kms.katalon.core.common.CommonExecutor.accessTestCaseMainPhase(CommonExecutor.java:65)
	at com.kms.katalon.core.main.TestSuiteExecutor.accessTestSuiteMainPhase(TestSuiteExecutor.java:148)
	at com.kms.katalon.core.main.TestSuiteExecutor.execute(TestSuiteExecutor.java:106)
	at com.kms.katalon.core.main.TestCaseMain.startTestSuite(TestCaseMain.java:187)
	at com.kms.katalon.core.main.TestCaseMain$startTestSuite$0.call(Unknown Source)
	at TempTestSuite1705292495105.run(TempTestSuite1705292495105.groovy:36)
Caused by: org.openqa.selenium.InvalidElementStateException: Unable to clear element that cannot be edited: <ng-select class="w-100 ng-select ng-select-single ng-select-searchable ng-select-clearable ng-untouched ng-pristine ng-valid ng-select-focused ng-select-opened ng-select-bottom">
Build info: version: '3.141.59', revision: 'e82be7d358', time: '2018-11-14T08:25:53'
System info: host: 'DESKTOP-R03MSOE', ip: '192.168.136.1', os.name: 'Windows 10', os.arch: 'amd64', os.version: '10.0', java.version: '1.8.0_362'
Driver info: com.kms.katalon.core.webui.driver.firefox.CGeckoDriver
Capabilities {acceptInsecureCerts: true, browserName: firefox, browserVersion: 121.0, javascriptEnabled: true, moz:accessibilityChecks: false, moz:buildID: 20231211174248, moz:geckodriverVersion: 0.33.0, moz:headless: false, moz:platformVersion: 10.0, moz:processID: 17044, moz:profile: C:\Users\Jerry\AppData\Loca..., moz:shutdownTimeout: 60000, moz:webdriverClick: true, moz:windowless: false, pageLoadStrategy: normal, platform: WINDOWS, platformName: WINDOWS, proxy: Proxy(direct), setWindowRect: true, strictFileInteractability: false, timeouts: {implicit: 0, pageLoad: 300000, script: 30000}, unhandledPromptBehavior: dismiss and notify}
Session ID: d646df92-1636-4cba-9e0f-8d90d8df4261
	at org.openqa.selenium.remote.http.W3CHttpResponseCodec.createException(W3CHttpResponseCodec.java:187)
	at org.openqa.selenium.remote.http.W3CHttpResponseCodec.decode(W3CHttpResponseCodec.java:122)
	at org.openqa.selenium.remote.http.W3CHttpResponseCodec.decode(W3CHttpResponseCodec.java:49)
	at org.openqa.selenium.remote.HttpCommandExecutor.execute(HttpCommandExecutor.java:158)
	at org.openqa.selenium.remote.service.DriverCommandExecutor.execute(DriverCommandExecutor.java:83)
	at org.openqa.selenium.remote.RemoteWebDriver.execute(RemoteWebDriver.java:552)
	at com.kms.katalon.selenium.driver.CFirefoxDriver.execute(CFirefoxDriver.java:27)
	at org.openqa.selenium.remote.RemoteWebElement.execute(RemoteWebElement.java:285)
	at org.openqa.selenium.remote.RemoteWebElement.clear(RemoteWebElement.java:124)
	at org.openqa.selenium.support.events.EventFiringWebDriver$EventFiringWebElement.lambda$new$0(EventFiringWebDriver.java:404)
	at com.sun.proxy.$Proxy11.clear(Unknown Source)
	at org.openqa.selenium.support.events.EventFiringWebDriver$EventFiringWebElement.clear(EventFiringWebDriver.java:436)
	at com.kms.katalon.core.webui.keyword.builtin.SetTextKeyword$_setText_closure1.doCall(SetTextKeyword.groovy:53)
	at com.kms.katalon.core.webui.keyword.builtin.SetTextKeyword$_setText_closure1.call(SetTextKeyword.groovy)
	at com.kms.katalon.core.webui.keyword.internal.WebUIKeywordMain.runKeyword(WebUIKeywordMain.groovy:20)
	... 19 more]]></system-err>
   </testsuite>
</testsuites>
