<?xml version="1.0" encoding="UTF-8"?>
<testsuites name="MECORP" time="10.217" tests="2" failures="0" errors="1">
   <testsuite name="MECORP" tests="2" failures="0" errors="1" time="10.217" skipped="0" timestamp="2024-01-09 16:14:41" hostname="Jerry - DESKTOP-R03MSOE" id="Test Suites/MECORP/MECORP">
      <properties>
         <property name="deviceName" value=""/>
         <property name="devicePlatform" value=""/>
         <property name="logFolder" value="C:\\Users\\Jerry\\Katalon Studio\\me-corp-add-data\\Reports\\20240109_161433\\MECORP\\MECORP\\20240109_161433"/>
         <property name="logFiles" value="C:\\Users\\Jerry\\Katalon Studio\\me-corp-add-data\\Reports\\20240109_161433\\MECORP\\MECORP\\20240109_161433\\execution0.log"/>
         <property name="attachments" value=""/>
         <property name="hostName" value="Jerry - DESKTOP-R03MSOE"/>
         <property name="os" value="Windows 10 64bit"/>
         <property name="katalonVersion" value="8.6.6.208"/>
         <property name="browser" value="Firefox 121.0"/>
         <property name="hostAddress" value="192.168.136.1"/>
         <property name="sessionId" value="b5d74418-8e21-4688-a0ec-323aac664939"/>
         <property name="seleniumVersion" value="3.141.59"/>
         <property name="proxyInformation" value="ProxyInformation { proxyOption=NO_PROXY, proxyServerType=HTTP, username=, password=********, proxyServerAddress=, proxyServerPort=0, executionList=&quot;&quot;, isApplyToDesiredCapabilities=true }"/>
         <property name="platform" value="Windows 10"/>
      </properties>
      <testcase name="Test Cases/me corp/Login" time="9.743" classname="Test Cases/me corp/Login" status="PASSED">
         <system-out><![CDATA[2024-01-09 16:14:42 - [TEST_CASE][PASSED] - Test Cases/me corp/Login: Test Cases/me corp/Login

2024-01-09 16:14:42 - [TEST_STEP][PASSED] - username = <not implemented yet for class: org.codehaus.groovy.ast.expr.EmptyExpression>: null

2024-01-09 16:14:42 - [TEST_STEP][PASSED] - password = "Mobile123+": null

2024-01-09 16:14:42 - [TEST_STEP][PASSED] - switch (role): null

2024-01-09 16:14:42 - [TEST_STEP][PASSED] - case "cmo":: null

2024-01-09 16:14:42 - [TEST_STEP][PASSED] - username = CMO: null

2024-01-09 16:14:43 - [TEST_STEP][PASSED] - break: null

2024-01-09 16:14:43 - [TEST_STEP][PASSED] - openBrowser(""): Browser is opened with url: ''

2024-01-09 16:14:44 - [MESSAGE][INFO] - Starting 'Firefox' driver

2024-01-09 16:14:44 - [MESSAGE][INFO] - Action delay is set to 0 milliseconds

2024-01-09 16:14:48 - [MESSAGE][PASSED] - Browser is opened with url: ''

2024-01-09 16:14:48 - [TEST_STEP][PASSED] - navigateToUrl(ME_url): Navigate to 'https://mecorporate.idofocus.co.id:25443/login' successfully

2024-01-09 16:14:49 - [MESSAGE][PASSED] - Navigate to 'https://mecorporate.idofocus.co.id:25443/login' successfully

2024-01-09 16:14:49 - [TEST_STEP][PASSED] - maximizeWindow(): Current window maximized

2024-01-09 16:14:49 - [MESSAGE][PASSED] - Current window maximized

2024-01-09 16:14:49 - [TEST_STEP][PASSED] - setText(findTestObject("MEApp_AppBaru_InisiasiKonsumen/input_User ID_login"), username): Text '20160535' is set on object 'Object Repository/MEApp_AppBaru_InisiasiKonsumen/input_User ID_login'

2024-01-09 16:14:50 - [MESSAGE][PASSED] - Text '20160535' is set on object 'Object Repository/MEApp_AppBaru_InisiasiKonsumen/input_User ID_login'

2024-01-09 16:14:50 - [TEST_STEP][PASSED] - setText(findTestObject("MEApp_AppBaru_InisiasiKonsumen/input_User Password_login"), password): Text 'Mobile123+' is set on object 'Object Repository/MEApp_AppBaru_InisiasiKonsumen/input_User Password_login'

2024-01-09 16:14:51 - [MESSAGE][PASSED] - Text 'Mobile123+' is set on object 'Object Repository/MEApp_AppBaru_InisiasiKonsumen/input_User Password_login'

2024-01-09 16:14:51 - [TEST_STEP][PASSED] - click(findTestObject("MEApp_AppBaru_InisiasiKonsumen/button_Login")): Object: 'Object Repository/MEApp_AppBaru_InisiasiKonsumen/button_Login' is clicked on

2024-01-09 16:14:52 - [MESSAGE][PASSED] - Object: 'Object Repository/MEApp_AppBaru_InisiasiKonsumen/button_Login' is clicked on]]></system-out>
         <system-err><![CDATA[]]></system-err>
      </testcase>
      <testcase name="Test Cases/me corp/inisiasi" time="0.025" classname="Test Cases/me corp/inisiasi" status="ERROR">
         <error type="ERROR" message="Test Cases/me corp/inisiasi has ERROR(s).
Reason:
org.codehaus.groovy.control.MultipleCompilationErrorsException: startup failed:
script1704791692016.groovy: 104: unexpected char: '\' @ line 104, column 114.
   obile Entry - BCAF/button_YaC:\Users\Jer
                                 ^

1 error
"/>
         <system-out><![CDATA[2024-01-09 16:14:52 - [TEST_CASE][ERROR] - Test Cases/me corp/inisiasi: Test Cases/me corp/inisiasi has ERROR(s).
Reason:
org.codehaus.groovy.control.MultipleCompilationErrorsException: startup failed:
script1704791692016.groovy: 104: unexpected char: '\' @ line 104, column 114.
   obile Entry - BCAF/button_YaC:\Users\Jer
                                 ^

1 error]]></system-out>
         <system-err><![CDATA[2024-01-09 16:14:52 - [TEST_CASE][ERROR] - Test Cases/me corp/inisiasi: Test Cases/me corp/inisiasi has ERROR(s).
Reason:
org.codehaus.groovy.control.MultipleCompilationErrorsException: startup failed:
script1704791692016.groovy: 104: unexpected char: '\' @ line 104, column 114.
   obile Entry - BCAF/button_YaC:\Users\Jer
                                 ^

1 error]]></system-err>
      </testcase>
      <system-out><![CDATA[2024-01-09 16:14:41 - [TEST_SUITE][ERROR] - MECORP: Test Cases/me corp/inisiasi has ERROR(s).
Reason:
org.codehaus.groovy.control.MultipleCompilationErrorsException: startup failed:
script1704791692016.groovy: 104: unexpected char: '\' @ line 104, column 114.
   obile Entry - BCAF/button_YaC:\Users\Jer
                                 ^

1 error]]></system-out>
      <system-err><![CDATA[2024-01-09 16:14:41 - [TEST_SUITE][ERROR] - MECORP: Test Cases/me corp/inisiasi has ERROR(s).
Reason:
org.codehaus.groovy.control.MultipleCompilationErrorsException: startup failed:
script1704791692016.groovy: 104: unexpected char: '\' @ line 104, column 114.
   obile Entry - BCAF/button_YaC:\Users\Jer
                                 ^

1 error]]></system-err>
   </testsuite>
</testsuites>
