<?xml version="1.0" encoding="UTF-8"?>
<testsuites name="MECORP" time="184.249" tests="5" failures="0" errors="2">
   <testsuite name="MECORP" tests="5" failures="0" errors="2" time="184.249" skipped="0" timestamp="2024-01-16 15:34:13" hostname="Jerry - DESKTOP-R03MSOE" id="Test Suites/MECORP/MECORP">
      <properties>
         <property name="deviceName" value=""/>
         <property name="devicePlatform" value=""/>
         <property name="logFolder" value="C:\\Users\\Jerry\\Katalon Studio\\me-corp-add-data\\Reports\\20240116_153403\\MECORP\\MECORP\\20240116_153403"/>
         <property name="logFiles" value="C:\\Users\\Jerry\\Katalon Studio\\me-corp-add-data\\Reports\\20240116_153403\\MECORP\\MECORP\\20240116_153403\\execution0.log"/>
         <property name="attachments" value="C:\Users\Jerry\Katalon Studio\me-corp-add-data\Screenshoot\Sprint2\Web\keyes\keyes-0-memilih-button-transaksi-dan-aplikasi-baru.png, C:\Users\Jerry\Katalon Studio\me-corp-add-data\Screenshoot\Sprint2\Web\keyes\keyes-0-input-badan-usaha.png, C:\Users\Jerry\Katalon Studio\me-corp-add-data\Screenshoot\Sprint2\Web\keyes\keyes-0-page-sebelum-input-capture.png, C:\Users\Jerry\Katalon Studio\me-corp-add-data\Screenshoot\Sprint2\Web\keyes\keyes-0-Capture-npwp-siup-tdp.png, C:\Users\Jerry\Katalon Studio\me-corp-add-data\Screenshoot\Sprint2\Web\keyes\keyes-0-Memilih-Radio-Button-Perubahan-Data.png, C:\Users\Jerry\Katalon Studio\me-corp-add-data\Screenshoot\Sprint2\Web\keyes\keyes-0-Masuk-aplikasi-matching.png, C:\Users\Jerry\Katalon Studio\me-corp-add-data\Screenshoot\Sprint4\Web\keyes\keyes-scenario-1-Berhasil-dilakukan-inisiasi-konsumen-baru.png, C:\Users\Jerry\Katalon Studio\me-corp-add-data\Screenshoot\Sprint2\Web\keyes\keyes-scenario-1-masuk-menu-collateral-dan-loan.png, C:\\Users\\Jerry\\Katalon Studio\\me-corp-add-data\\Reports\\20240116_153403\\MECORP\\MECORP\\20240116_153403\\1705394167113.png, C:\Users\Jerry\Katalon Studio\me-corp-add-data\Screenshoot\Sprint2\Web\keyes\keyes-scenario-1-input-jenis-pengajuan.png, C:\\Users\\Jerry\\Katalon Studio\\me-corp-add-data\\Reports\\20240116_153403\\MECORP\\MECORP\\20240116_153403\\1705394170094.png, C:\Users\Jerry\Katalon Studio\me-corp-add-data\Screenshoot\Sprint2\Web\keyes\keyes-scenario-1-input-tujuan-pengajuan.png, C:\Users\Jerry\Katalon Studio\me-corp-add-data\Screenshoot\Sprint2\Web\keyes\keyes-scenario-1-input-payment.png, C:\Users\Jerry\Katalon Studio\me-corp-add-data\Screenshoot\Sprint2\Web\keyes\keyes-scenario-1-input-data-autodebit.png, C:\Users\Jerry\Katalon Studio\me-corp-add-data\Screenshoot\Sprint2\Web\keyes\keyes-scenario-1-masuk-submenu-input-mutasi-rekening.png, C:\Users\Jerry\Katalon Studio\me-corp-add-data\Screenshoot\Sprint2\Web\keyes\keyes-scenario-1-sebelum-input-data-mutasi-rekening.png, C:\Users\Jerry\Katalon Studio\me-corp-add-data\Screenshoot\Sprint2\Web\keyes\keyes-scenario-1-input-data-mutasi-rekening.png, C:\Users\Jerry\Katalon Studio\me-corp-add-data\Screenshoot\Sprint2\Web\keyes\keyes-scenario-1-berhasil-mengisi-data-information.png, C:\Users\Jerry\Katalon Studio\me-corp-add-data\Screenshoot\Sprint2\Web\keyes\keyes-scenario-1-masuk-halaman-collateral-loan-vehicle.png, C:\Users\Jerry\Katalon Studio\me-corp-add-data\Screenshoot\Sprint2\Web\keyes\keyes-scenario-1-masuk-halaman-collateral-loan-vehicle.png, C:\Users\Jerry\Katalon Studio\me-corp-add-data\Screenshoot\Sprint2\Web\keyes\keyes-scenario-1-halaman-input-data-vehicle.png"/>
         <property name="hostName" value="Jerry - DESKTOP-R03MSOE"/>
         <property name="os" value="Windows 10 64bit"/>
         <property name="katalonVersion" value="8.6.6.208"/>
         <property name="browser" value="Firefox 121.0"/>
         <property name="hostAddress" value="192.168.136.1"/>
         <property name="sessionId" value="f882c07b-7b7c-4f1a-a99a-9cfadf97dd15"/>
         <property name="seleniumVersion" value="3.141.59"/>
         <property name="proxyInformation" value="ProxyInformation { proxyOption=NO_PROXY, proxyServerType=HTTP, username=, password=********, proxyServerAddress=, proxyServerPort=0, executionList=&quot;&quot;, isApplyToDesiredCapabilities=true }"/>
         <property name="platform" value="Windows 10"/>
      </properties>
      <testcase name="Test Cases/me corp/Login" time="9.653" classname="Test Cases/me corp/Login" status="PASSED">
         <system-out><![CDATA[2024-01-16 15:34:13 - [TEST_CASE][PASSED] - Test Cases/me corp/Login: Test Cases/me corp/Login

2024-01-16 15:34:14 - [TEST_STEP][PASSED] - username = <not implemented yet for class: org.codehaus.groovy.ast.expr.EmptyExpression>: null

2024-01-16 15:34:14 - [TEST_STEP][PASSED] - password = "Mobile123+": null

2024-01-16 15:34:14 - [TEST_STEP][PASSED] - switch (role): null

2024-01-16 15:34:14 - [TEST_STEP][PASSED] - case "cmo":: null

2024-01-16 15:34:14 - [TEST_STEP][PASSED] - username = CMO: null

2024-01-16 15:34:15 - [TEST_STEP][PASSED] - break: null

2024-01-16 15:34:15 - [TEST_STEP][PASSED] - openBrowser(""): Browser is opened with url: ''

2024-01-16 15:34:15 - [MESSAGE][INFO] - Starting 'Firefox' driver

2024-01-16 15:34:15 - [MESSAGE][INFO] - Action delay is set to 0 milliseconds

2024-01-16 15:34:20 - [MESSAGE][PASSED] - Browser is opened with url: ''

2024-01-16 15:34:20 - [TEST_STEP][PASSED] - navigateToUrl(ME_url): Navigate to 'https://mecorporate.idofocus.co.id:25443/login' successfully

2024-01-16 15:34:21 - [MESSAGE][PASSED] - Navigate to 'https://mecorporate.idofocus.co.id:25443/login' successfully

2024-01-16 15:34:21 - [TEST_STEP][PASSED] - maximizeWindow(): Current window maximized

2024-01-16 15:34:21 - [MESSAGE][PASSED] - Current window maximized

2024-01-16 15:34:21 - [TEST_STEP][PASSED] - setText(findTestObject("MEApp_AppBaru_InisiasiKonsumen/input_User ID_login"), "20111907"): Text '20111907' is set on object 'Object Repository/MEApp_AppBaru_InisiasiKonsumen/input_User ID_login'

2024-01-16 15:34:22 - [MESSAGE][PASSED] - Text '20111907' is set on object 'Object Repository/MEApp_AppBaru_InisiasiKonsumen/input_User ID_login'

2024-01-16 15:34:22 - [TEST_STEP][PASSED] - setText(findTestObject("MEApp_AppBaru_InisiasiKonsumen/input_User Password_login"), password): Text 'Mobile123+' is set on object 'Object Repository/MEApp_AppBaru_InisiasiKonsumen/input_User Password_login'

2024-01-16 15:34:22 - [MESSAGE][PASSED] - Text 'Mobile123+' is set on object 'Object Repository/MEApp_AppBaru_InisiasiKonsumen/input_User Password_login'

2024-01-16 15:34:22 - [TEST_STEP][PASSED] - click(findTestObject("MEApp_AppBaru_InisiasiKonsumen/button_Login")): Object: 'Object Repository/MEApp_AppBaru_InisiasiKonsumen/button_Login' is clicked on

2024-01-16 15:34:23 - [MESSAGE][PASSED] - Object: 'Object Repository/MEApp_AppBaru_InisiasiKonsumen/button_Login' is clicked on]]></system-out>
         <system-err><![CDATA[]]></system-err>
      </testcase>
      <testcase name="Test Cases/me corp/Transaction-AppBaru-InputData-inisiasi" time="86.101" classname="Test Cases/me corp/Transaction-AppBaru-InputData-inisiasi" status="PASSED">
         <system-out><![CDATA[2024-01-16 15:34:23 - [TEST_CASE][PASSED] - Test Cases/me corp/Transaction-AppBaru-InputData-inisiasi: Test Cases/me corp/Transaction-AppBaru-InputData-inisiasi

2024-01-16 15:34:24 - [TEST_STEP][PASSED] - robot = new java.awt.Robot(): null

2024-01-16 15:34:24 - [TEST_STEP][PASSED] - driver = getWebDriver(): null

2024-01-16 15:34:24 - [TEST_STEP][PASSED] - userDir = getProjectDir(): null

2024-01-16 15:34:24 - [TEST_STEP][PASSED] - ssDir = userDir + sprint2WebScreenshotPath: null

2024-01-16 15:34:24 - [TEST_STEP][PASSED] - click(findTestObject("MEApp_AppBaru_InisiasiKonsumen/span_Transaksi")): Object: 'Object Repository/MEApp_AppBaru_InisiasiKonsumen/span_Transaksi' is clicked on

2024-01-16 15:34:25 - [MESSAGE][PASSED] - Object: 'Object Repository/MEApp_AppBaru_InisiasiKonsumen/span_Transaksi' is clicked on

2024-01-16 15:34:25 - [TEST_STEP][PASSED] - click(findTestObject("MEApp_AppBaru_InisiasiKonsumen/span_Aplikasi Baru")): Object: 'Object Repository/MEApp_AppBaru_InisiasiKonsumen/span_Aplikasi Baru' is clicked on

2024-01-16 15:34:25 - [MESSAGE][PASSED] - Object: 'Object Repository/MEApp_AppBaru_InisiasiKonsumen/span_Aplikasi Baru' is clicked on

2024-01-16 15:34:25 - [TEST_STEP][PASSED] - takeFullPageScreenshotAsCheckpoint(ssDir + matrix + "-memilih-button-transaksi-dan-aplikasi-baru.png"): Taking screenshot successfully

2024-01-16 15:34:26 - [MESSAGE][INFO] - 0 hidden object(s)

2024-01-16 15:34:26 - [MESSAGE][PASSED] - Taking screenshot successfully
[[ATTACHMENT|C:\Users\Jerry\Katalon Studio\me-corp-add-data\Screenshoot\Sprint2\Web\keyes\keyes-0-memilih-button-transaksi-dan-aplikasi-baru.png]]

2024-01-16 15:34:26 - [TEST_STEP][PASSED] - if (tipeKonsumen == "Perorangan"): null

2024-01-16 15:34:26 - [TEST_STEP][PASSED] - else: Object: 'Object Repository/MEApp_AppBaru_InisiasiKonsumen/input_korporasi_radios-apptype' is clicked on

2024-01-16 15:34:26 - [TEST_STEP][PASSED] - click(findTestObject("MEApp_AppBaru_InisiasiKonsumen/input_korporasi_radios-apptype")): Object: 'Object Repository/MEApp_AppBaru_InisiasiKonsumen/input_korporasi_radios-apptype' is clicked on

2024-01-16 15:34:27 - [MESSAGE][PASSED] - Object: 'Object Repository/MEApp_AppBaru_InisiasiKonsumen/input_korporasi_radios-apptype' is clicked on

2024-01-16 15:34:27 - [TEST_STEP][PASSED] - click(findTestObject("MEApp_AppBaru_InisiasiKonsumen/input-badanusaha")): Object: 'Object Repository/MEApp_AppBaru_InisiasiKonsumen/input-badanusaha' is clicked on

2024-01-16 15:34:27 - [MESSAGE][PASSED] - Object: 'Object Repository/MEApp_AppBaru_InisiasiKonsumen/input-badanusaha' is clicked on

2024-01-16 15:34:27 - [TEST_STEP][PASSED] - setText(findTestObject("MEApp_AppBaru_InisiasiKonsumen/input-badanusaha"), badanUsaha): Text 'Perseroan Terbatas' is set on object 'Object Repository/MEApp_AppBaru_InisiasiKonsumen/input-badanusaha'

2024-01-16 15:34:28 - [MESSAGE][PASSED] - Text 'Perseroan Terbatas' is set on object 'Object Repository/MEApp_AppBaru_InisiasiKonsumen/input-badanusaha'

2024-01-16 15:34:28 - [TEST_STEP][PASSED] - takeFullPageScreenshotAsCheckpoint(ssDir + matrix + "-input-badan-usaha.png"): Taking screenshot successfully

2024-01-16 15:34:28 - [MESSAGE][INFO] - 0 hidden object(s)

2024-01-16 15:34:28 - [MESSAGE][PASSED] - Taking screenshot successfully
[[ATTACHMENT|C:\Users\Jerry\Katalon Studio\me-corp-add-data\Screenshoot\Sprint2\Web\keyes\keyes-0-input-badan-usaha.png]]

2024-01-16 15:34:28 - [TEST_STEP][PASSED] - click(findTestObject("MEApp_AppBaru_InisiasiKonsumen/span_Perseroan Terbatas ( PT. , NV. , LTD. )")): Object: 'Object Repository/MEApp_AppBaru_InisiasiKonsumen/span_Perseroan Terbatas ( PT. , NV. , LTD. )' is clicked on

2024-01-16 15:34:29 - [MESSAGE][PASSED] - Object: 'Object Repository/MEApp_AppBaru_InisiasiKonsumen/span_Perseroan Terbatas ( PT. , NV. , LTD. )' is clicked on

2024-01-16 15:34:29 - [TEST_STEP][PASSED] - takeFullPageScreenshotAsCheckpoint(ssDir + matrix + "-page-sebelum-input-capture.png"): Taking screenshot successfully

2024-01-16 15:34:29 - [MESSAGE][INFO] - 0 hidden object(s)

2024-01-16 15:34:29 - [MESSAGE][PASSED] - Taking screenshot successfully
[[ATTACHMENT|C:\Users\Jerry\Katalon Studio\me-corp-add-data\Screenshoot\Sprint2\Web\keyes\keyes-0-page-sebelum-input-capture.png]]

2024-01-16 15:34:29 - [TEST_STEP][PASSED] - click(findTestObject("MEApp_AppBaru_InisiasiKonsumen/button_Capture_npwp")): Object: 'Object Repository/MEApp_AppBaru_InisiasiKonsumen/button_Capture_npwp' is clicked on

2024-01-16 15:34:30 - [MESSAGE][PASSED] - Object: 'Object Repository/MEApp_AppBaru_InisiasiKonsumen/button_Capture_npwp' is clicked on

2024-01-16 15:34:30 - [TEST_STEP][PASSED] - npwpPath = userDir + pathNPWP: null

2024-01-16 15:34:30 - [TEST_STEP][PASSED] - siupPath = userDir + pathSIUP: null

2024-01-16 15:34:30 - [TEST_STEP][PASSED] - tdpPath = userDir + pathTDP: null

2024-01-16 15:34:30 - [TEST_STEP][PASSED] - npwpPath = npwpPath.replace("/", "\"): null

2024-01-16 15:34:30 - [TEST_STEP][PASSED] - siupPath = siupPath.replace("/", "\"): null

2024-01-16 15:34:30 - [TEST_STEP][PASSED] - tdpPath = tdpPath.replace("/", "\"): null

2024-01-16 15:34:30 - [TEST_STEP][PASSED] - popup.popup.uploadFile(findTestObject("Object Repository/MEApp_AppBaru_InisiasiKonsumen/Page_Mobile Entry - BCAF/button_Local File"), npwpPath): popup.popup.uploadFile is PASSED

2024-01-16 15:34:31 - [MESSAGE][PASSED] - Object: 'Object Repository/MEApp_AppBaru_InisiasiKonsumen/Page_Mobile Entry - BCAF/button_Local File' is clicked on

2024-01-16 15:34:32 - [MESSAGE][PASSED] - Delayed 0.5 second(s)

2024-01-16 15:34:32 - [MESSAGE][PASSED] - popup.popup.uploadFile is PASSED

2024-01-16 15:34:32 - [TEST_STEP][PASSED] - waitForElementPresent(findTestObject("MEApp_AppBaru_InisiasiKonsumen/button_NPWP"), 0): Object 'Object Repository/MEApp_AppBaru_InisiasiKonsumen/button_NPWP' is present

2024-01-16 15:34:32 - [MESSAGE][WARNING] - Timeout '0' is invalid. Using default page load timeout: '30'

2024-01-16 15:34:57 - [MESSAGE][PASSED] - Object 'Object Repository/MEApp_AppBaru_InisiasiKonsumen/button_NPWP' is present

2024-01-16 15:34:57 - [TEST_STEP][PASSED] - npwpTemp = nanoTime().toString(): null

2024-01-16 15:34:57 - [TEST_STEP][PASSED] - setText(findTestObject("MEApp_AppBaru_InisiasiKonsumen/input_NPWP No fix"), npwpTemp): Text '146224104893800' is set on object 'Object Repository/MEApp_AppBaru_InisiasiKonsumen/input_NPWP No fix'

2024-01-16 15:34:57 - [MESSAGE][PASSED] - Text '146224104893800' is set on object 'Object Repository/MEApp_AppBaru_InisiasiKonsumen/input_NPWP No fix'

2024-01-16 15:34:57 - [TEST_STEP][PASSED] - setText(findTestObject("MEApp_AppBaru_InisiasiKonsumen/input_Name fix"), nama): Text 'Tester1' is set on object 'Object Repository/MEApp_AppBaru_InisiasiKonsumen/input_Name fix'

2024-01-16 15:34:58 - [MESSAGE][PASSED] - Text 'Tester1' is set on object 'Object Repository/MEApp_AppBaru_InisiasiKonsumen/input_Name fix'

2024-01-16 15:34:58 - [TEST_STEP][PASSED] - click(findTestObject("MEApp_AppBaru_InisiasiKonsumen/button_Capture_siupfix")): Object: 'Object Repository/MEApp_AppBaru_InisiasiKonsumen/button_Capture_siupfix' is clicked on

2024-01-16 15:34:59 - [MESSAGE][PASSED] - Object: 'Object Repository/MEApp_AppBaru_InisiasiKonsumen/button_Capture_siupfix' is clicked on

2024-01-16 15:34:59 - [TEST_STEP][PASSED] - popup.popup.uploadFile(findTestObject("Object Repository/MEApp_AppBaru_InisiasiKonsumen/Page_Mobile Entry - BCAF/button_Local File"), siupPath): popup.popup.uploadFile is PASSED

2024-01-16 15:35:00 - [MESSAGE][PASSED] - Object: 'Object Repository/MEApp_AppBaru_InisiasiKonsumen/Page_Mobile Entry - BCAF/button_Local File' is clicked on

2024-01-16 15:35:01 - [MESSAGE][PASSED] - Delayed 0.5 second(s)

2024-01-16 15:35:01 - [MESSAGE][PASSED] - popup.popup.uploadFile is PASSED

2024-01-16 15:35:01 - [TEST_STEP][PASSED] - click(findTestObject("MEApp_AppBaru_InisiasiKonsumen/button_Capture_TDP")): Object: 'Object Repository/MEApp_AppBaru_InisiasiKonsumen/button_Capture_TDP' is clicked on

2024-01-16 15:35:02 - [MESSAGE][PASSED] - Object: 'Object Repository/MEApp_AppBaru_InisiasiKonsumen/button_Capture_TDP' is clicked on

2024-01-16 15:35:02 - [TEST_STEP][PASSED] - popup.popup.uploadFile(findTestObject("Object Repository/MEApp_AppBaru_InisiasiKonsumen/Page_Mobile Entry - BCAF/button_Local File"), tdpPath): popup.popup.uploadFile is PASSED

2024-01-16 15:35:03 - [MESSAGE][PASSED] - Object: 'Object Repository/MEApp_AppBaru_InisiasiKonsumen/Page_Mobile Entry - BCAF/button_Local File' is clicked on

2024-01-16 15:35:04 - [MESSAGE][PASSED] - Delayed 0.5 second(s)

2024-01-16 15:35:04 - [MESSAGE][PASSED] - popup.popup.uploadFile is PASSED

2024-01-16 15:35:04 - [TEST_STEP][PASSED] - takeFullPageScreenshotAsCheckpoint(ssDir + matrix + "-Capture-npwp-siup-tdp.png"): Taking screenshot successfully

2024-01-16 15:35:05 - [MESSAGE][INFO] - 0 hidden object(s)

2024-01-16 15:35:05 - [MESSAGE][PASSED] - Taking screenshot successfully
[[ATTACHMENT|C:\Users\Jerry\Katalon Studio\me-corp-add-data\Screenshoot\Sprint2\Web\keyes\keyes-0-Capture-npwp-siup-tdp.png]]

2024-01-16 15:35:05 - [TEST_STEP][PASSED] - if (isPerubahanData == "ya"): null

2024-01-16 15:35:05 - [TEST_STEP][PASSED] - else: Object: 'Object Repository/MEApp_AppBaru_InisiasiKonsumen/input_Ada Perubahan Data Tidak' is clicked on

2024-01-16 15:35:05 - [TEST_STEP][PASSED] - click(findTestObject("MEApp_AppBaru_InisiasiKonsumen/input_Ada Perubahan Data Tidak")): Object: 'Object Repository/MEApp_AppBaru_InisiasiKonsumen/input_Ada Perubahan Data Tidak' is clicked on

2024-01-16 15:35:05 - [MESSAGE][PASSED] - Object: 'Object Repository/MEApp_AppBaru_InisiasiKonsumen/input_Ada Perubahan Data Tidak' is clicked on

2024-01-16 15:35:05 - [TEST_STEP][PASSED] - takeFullPageScreenshotAsCheckpoint(ssDir + matrix + "-Memilih-Radio-Button-Perubahan-Data.png"): Taking screenshot successfully

2024-01-16 15:35:06 - [MESSAGE][INFO] - 0 hidden object(s)

2024-01-16 15:35:06 - [MESSAGE][PASSED] - Taking screenshot successfully
[[ATTACHMENT|C:\Users\Jerry\Katalon Studio\me-corp-add-data\Screenshoot\Sprint2\Web\keyes\keyes-0-Memilih-Radio-Button-Perubahan-Data.png]]

2024-01-16 15:35:06 - [TEST_STEP][PASSED] - click(findTestObject("MEApp_AppBaru_InisiasiKonsumen/button_Prosesfix")): Object: 'Object Repository/MEApp_AppBaru_InisiasiKonsumen/button_Prosesfix' is clicked on

2024-01-16 15:35:06 - [MESSAGE][PASSED] - Object: 'Object Repository/MEApp_AppBaru_InisiasiKonsumen/button_Prosesfix' is clicked on

2024-01-16 15:35:06 - [TEST_STEP][PASSED] - waitForElementPresent(findTestObject("MEApp_AppBaru_InisiasiKonsumen/AplikasiBaruMatching"), 300): Object 'Object Repository/MEApp_AppBaru_InisiasiKonsumen/AplikasiBaruMatching' is present

2024-01-16 15:35:37 - [MESSAGE][PASSED] - Object 'Object Repository/MEApp_AppBaru_InisiasiKonsumen/AplikasiBaruMatching' is present

2024-01-16 15:35:37 - [TEST_STEP][PASSED] - takeFullPageScreenshotAsCheckpoint(ssDir + matrix + "-Masuk-aplikasi-matching.png"): Taking screenshot successfully

2024-01-16 15:35:37 - [MESSAGE][INFO] - 0 hidden object(s)

2024-01-16 15:35:37 - [MESSAGE][PASSED] - Taking screenshot successfully
[[ATTACHMENT|C:\Users\Jerry\Katalon Studio\me-corp-add-data\Screenshoot\Sprint2\Web\keyes\keyes-0-Masuk-aplikasi-matching.png]]

2024-01-16 15:35:37 - [TEST_STEP][PASSED] - click(findTestObject("Object Repository/MEApp_AppBaru_InisiasiKonsumen/Page_Mobile Entry - BCAF/a_In Process")): Object: 'Object Repository/MEApp_AppBaru_InisiasiKonsumen/Page_Mobile Entry - BCAF/a_In Process' is clicked on

2024-01-16 15:35:39 - [MESSAGE][PASSED] - Object: 'Object Repository/MEApp_AppBaru_InisiasiKonsumen/Page_Mobile Entry - BCAF/a_In Process' is clicked on

2024-01-16 15:35:39 - [TEST_STEP][PASSED] - click(findTestObject("Object Repository/MEApp_AppBaru_InisiasiKonsumen/Page_Mobile Entry - BCAF/a_Blacklist")): Object: 'Object Repository/MEApp_AppBaru_InisiasiKonsumen/Page_Mobile Entry - BCAF/a_Blacklist' is clicked on

2024-01-16 15:35:39 - [MESSAGE][PASSED] - Object: 'Object Repository/MEApp_AppBaru_InisiasiKonsumen/Page_Mobile Entry - BCAF/a_Blacklist' is clicked on

2024-01-16 15:35:39 - [TEST_STEP][PASSED] - click(findTestObject("Object Repository/MEApp_AppBaru_InisiasiKonsumen/Page_Mobile Entry - BCAF/a_Rejectlist")): Object: 'Object Repository/MEApp_AppBaru_InisiasiKonsumen/Page_Mobile Entry - BCAF/a_Rejectlist' is clicked on

2024-01-16 15:35:40 - [MESSAGE][PASSED] - Object: 'Object Repository/MEApp_AppBaru_InisiasiKonsumen/Page_Mobile Entry - BCAF/a_Rejectlist' is clicked on

2024-01-16 15:35:40 - [TEST_STEP][PASSED] - delay(3): Delayed 3 second(s)

2024-01-16 15:35:43 - [MESSAGE][PASSED] - Delayed 3 second(s)

2024-01-16 15:35:43 - [TEST_STEP][PASSED] - click(findTestObject("Object Repository/MEApp_AppBaru_InisiasiKonsumen/Page_Mobile Entry - BCAF/button_OK")): Object: 'Object Repository/MEApp_AppBaru_InisiasiKonsumen/Page_Mobile Entry - BCAF/button_OK' is clicked on

2024-01-16 15:35:43 - [MESSAGE][PASSED] - Object: 'Object Repository/MEApp_AppBaru_InisiasiKonsumen/Page_Mobile Entry - BCAF/button_OK' is clicked on

2024-01-16 15:35:43 - [TEST_STEP][PASSED] - click(findTestObject("Object Repository/MEApp_AppBaru_InisiasiKonsumen/Page_Mobile Entry - BCAF/button_Ya")): Object: 'Object Repository/MEApp_AppBaru_InisiasiKonsumen/Page_Mobile Entry - BCAF/button_Ya' is clicked on

2024-01-16 15:35:45 - [MESSAGE][PASSED] - Object: 'Object Repository/MEApp_AppBaru_InisiasiKonsumen/Page_Mobile Entry - BCAF/button_Ya' is clicked on

2024-01-16 15:35:45 - [TEST_STEP][PASSED] - delay(3): Delayed 3 second(s)

2024-01-16 15:35:48 - [MESSAGE][PASSED] - Delayed 3 second(s)

2024-01-16 15:35:48 - [TEST_STEP][PASSED] - takeFullPageScreenshotAsCheckpoint(userDir + sprint4WebScreenshootPath + "scenario-1-Berhasil-dilakukan-inisiasi-konsumen-baru.png"): Taking screenshot successfully

2024-01-16 15:35:49 - [MESSAGE][INFO] - 0 hidden object(s)

2024-01-16 15:35:49 - [MESSAGE][PASSED] - Taking screenshot successfully
[[ATTACHMENT|C:\Users\Jerry\Katalon Studio\me-corp-add-data\Screenshoot\Sprint4\Web\keyes\keyes-scenario-1-Berhasil-dilakukan-inisiasi-konsumen-baru.png]]]]></system-out>
         <system-err><![CDATA[]]></system-err>
      </testcase>
      <testcase name="Test Cases/me corp/Transaction-AppPending-InputData-data-entry" time="1.153" classname="Test Cases/me corp/Transaction-AppPending-InputData-data-entry" status="ERROR">
         <error type="ERROR" message="Test Cases/me corp/Transaction-AppPending-InputData-data-entry FAILED.
Reason:
org.codehaus.groovy.control.MultipleCompilationErrorsException: startup failed:
file:/C:/Users/Jerry/Katalon%20Studio/me-corp-add-data/Scripts/me%20corp/Transaction-AppPending-InputData-data-entry/Script1705304602769.groovy: 188: You tried to use a map entry for an index operation, this is not allowed. Maybe something should be set in parentheses or a comma is missing?
 @ line 188, column 136.
   nvalid is-invalid ng-touched'['index':'i
                                 ^

file:/C:/Users/Jerry/Katalon%20Studio/me-corp-add-data/Scripts/me%20corp/Transaction-AppPending-InputData-data-entry/Script1705304602769.groovy: 193: You tried to use a map entry for an index operation, this is not allowed. Maybe something should be set in parentheses or a comma is missing?
 @ line 193, column 136.
   nvalid is-invalid ng-touched'['index':'b
                                 ^

file:/C:/Users/Jerry/Katalon%20Studio/me-corp-add-data/Scripts/me%20corp/Transaction-AppPending-InputData-data-entry/Script1705304602769.groovy: 195: You tried to use a map entry for an index operation, this is not allowed. Maybe something should be set in parentheses or a comma is missing?
 @ line 195, column 136.
   nvalid is-invalid ng-touched'['index':'a
                                 ^

3 errors

	at com.kms.katalon.core.main.ScriptEngine.getScript(ScriptEngine.java:199)
	at com.kms.katalon.core.main.ScriptEngine.run(ScriptEngine.java:194)
	at com.kms.katalon.core.main.ScriptEngine.runScriptAsRawText(ScriptEngine.java:119)
	at com.kms.katalon.core.main.TestCaseExecutor.runScript(TestCaseExecutor.java:448)
	at com.kms.katalon.core.main.TestCaseExecutor.doExecute(TestCaseExecutor.java:439)
	at com.kms.katalon.core.main.TestCaseExecutor.processExecutionPhase(TestCaseExecutor.java:418)
	at com.kms.katalon.core.main.TestCaseExecutor.accessMainPhase(TestCaseExecutor.java:410)
	at com.kms.katalon.core.main.TestCaseExecutor.execute(TestCaseExecutor.java:285)
	at com.kms.katalon.core.common.CommonExecutor.accessTestCaseMainPhase(CommonExecutor.java:65)
	at com.kms.katalon.core.main.TestSuiteExecutor.accessTestSuiteMainPhase(TestSuiteExecutor.java:148)
	at com.kms.katalon.core.main.TestSuiteExecutor.execute(TestSuiteExecutor.java:106)
	at com.kms.katalon.core.main.TestCaseMain.startTestSuite(TestCaseMain.java:187)
	at com.kms.katalon.core.main.TestCaseMain$startTestSuite$0.call(Unknown Source)
	at TempTestSuite1705394043700.run(TempTestSuite1705394043700.groovy:36)
"/>
         <system-out><![CDATA[2024-01-16 15:35:49 - [TEST_CASE][ERROR] - Test Cases/me corp/Transaction-AppPending-InputData-data-entry: Test Cases/me corp/Transaction-AppPending-InputData-data-entry FAILED.
Reason:
org.codehaus.groovy.control.MultipleCompilationErrorsException: startup failed:
file:/C:/Users/Jerry/Katalon%20Studio/me-corp-add-data/Scripts/me%20corp/Transaction-AppPending-InputData-data-entry/Script1705304602769.groovy: 188: You tried to use a map entry for an index operation, this is not allowed. Maybe something should be set in parentheses or a comma is missing?
 @ line 188, column 136.
   nvalid is-invalid ng-touched'['index':'i
                                 ^

file:/C:/Users/Jerry/Katalon%20Studio/me-corp-add-data/Scripts/me%20corp/Transaction-AppPending-InputData-data-entry/Script1705304602769.groovy: 193: You tried to use a map entry for an index operation, this is not allowed. Maybe something should be set in parentheses or a comma is missing?
 @ line 193, column 136.
   nvalid is-invalid ng-touched'['index':'b
                                 ^

file:/C:/Users/Jerry/Katalon%20Studio/me-corp-add-data/Scripts/me%20corp/Transaction-AppPending-InputData-data-entry/Script1705304602769.groovy: 195: You tried to use a map entry for an index operation, this is not allowed. Maybe something should be set in parentheses or a comma is missing?
 @ line 195, column 136.
   nvalid is-invalid ng-touched'['index':'a
                                 ^

3 errors

	at com.kms.katalon.core.main.ScriptEngine.getScript(ScriptEngine.java:199)
	at com.kms.katalon.core.main.ScriptEngine.run(ScriptEngine.java:194)
	at com.kms.katalon.core.main.ScriptEngine.runScriptAsRawText(ScriptEngine.java:119)
	at com.kms.katalon.core.main.TestCaseExecutor.runScript(TestCaseExecutor.java:448)
	at com.kms.katalon.core.main.TestCaseExecutor.doExecute(TestCaseExecutor.java:439)
	at com.kms.katalon.core.main.TestCaseExecutor.processExecutionPhase(TestCaseExecutor.java:418)
	at com.kms.katalon.core.main.TestCaseExecutor.accessMainPhase(TestCaseExecutor.java:410)
	at com.kms.katalon.core.main.TestCaseExecutor.execute(TestCaseExecutor.java:285)
	at com.kms.katalon.core.common.CommonExecutor.accessTestCaseMainPhase(CommonExecutor.java:65)
	at com.kms.katalon.core.main.TestSuiteExecutor.accessTestSuiteMainPhase(TestSuiteExecutor.java:148)
	at com.kms.katalon.core.main.TestSuiteExecutor.execute(TestSuiteExecutor.java:106)
	at com.kms.katalon.core.main.TestCaseMain.startTestSuite(TestCaseMain.java:187)
	at com.kms.katalon.core.main.TestCaseMain$startTestSuite$0.call(Unknown Source)
	at TempTestSuite1705394043700.run(TempTestSuite1705394043700.groovy:36)]]></system-out>
         <system-err><![CDATA[2024-01-16 15:35:49 - [TEST_CASE][ERROR] - Test Cases/me corp/Transaction-AppPending-InputData-data-entry: Test Cases/me corp/Transaction-AppPending-InputData-data-entry FAILED.
Reason:
org.codehaus.groovy.control.MultipleCompilationErrorsException: startup failed:
file:/C:/Users/Jerry/Katalon%20Studio/me-corp-add-data/Scripts/me%20corp/Transaction-AppPending-InputData-data-entry/Script1705304602769.groovy: 188: You tried to use a map entry for an index operation, this is not allowed. Maybe something should be set in parentheses or a comma is missing?
 @ line 188, column 136.
   nvalid is-invalid ng-touched'['index':'i
                                 ^

file:/C:/Users/Jerry/Katalon%20Studio/me-corp-add-data/Scripts/me%20corp/Transaction-AppPending-InputData-data-entry/Script1705304602769.groovy: 193: You tried to use a map entry for an index operation, this is not allowed. Maybe something should be set in parentheses or a comma is missing?
 @ line 193, column 136.
   nvalid is-invalid ng-touched'['index':'b
                                 ^

file:/C:/Users/Jerry/Katalon%20Studio/me-corp-add-data/Scripts/me%20corp/Transaction-AppPending-InputData-data-entry/Script1705304602769.groovy: 195: You tried to use a map entry for an index operation, this is not allowed. Maybe something should be set in parentheses or a comma is missing?
 @ line 195, column 136.
   nvalid is-invalid ng-touched'['index':'a
                                 ^

3 errors

	at com.kms.katalon.core.main.ScriptEngine.getScript(ScriptEngine.java:199)
	at com.kms.katalon.core.main.ScriptEngine.run(ScriptEngine.java:194)
	at com.kms.katalon.core.main.ScriptEngine.runScriptAsRawText(ScriptEngine.java:119)
	at com.kms.katalon.core.main.TestCaseExecutor.runScript(TestCaseExecutor.java:448)
	at com.kms.katalon.core.main.TestCaseExecutor.doExecute(TestCaseExecutor.java:439)
	at com.kms.katalon.core.main.TestCaseExecutor.processExecutionPhase(TestCaseExecutor.java:418)
	at com.kms.katalon.core.main.TestCaseExecutor.accessMainPhase(TestCaseExecutor.java:410)
	at com.kms.katalon.core.main.TestCaseExecutor.execute(TestCaseExecutor.java:285)
	at com.kms.katalon.core.common.CommonExecutor.accessTestCaseMainPhase(CommonExecutor.java:65)
	at com.kms.katalon.core.main.TestSuiteExecutor.accessTestSuiteMainPhase(TestSuiteExecutor.java:148)
	at com.kms.katalon.core.main.TestSuiteExecutor.execute(TestSuiteExecutor.java:106)
	at com.kms.katalon.core.main.TestCaseMain.startTestSuite(TestCaseMain.java:187)
	at com.kms.katalon.core.main.TestCaseMain$startTestSuite$0.call(Unknown Source)
	at TempTestSuite1705394043700.run(TempTestSuite1705394043700.groovy:36)]]></system-err>
      </testcase>
      <testcase name="Test Cases/me corp/Transaction-AppPending-InputData-corporateLoan" time="49.776" classname="Test Cases/me corp/Transaction-AppPending-InputData-corporateLoan" status="PASSED">
         <system-out><![CDATA[2024-01-16 15:35:50 - [TEST_CASE][PASSED] - Test Cases/me corp/Transaction-AppPending-InputData-corporateLoan: Test Cases/me corp/Transaction-AppPending-InputData-corporateLoan

2024-01-16 15:35:51 - [TEST_STEP][PASSED] - userDir = getProjectDir(): null

2024-01-16 15:35:51 - [TEST_STEP][PASSED] - ssDir = userDir + sprint2WebScreenshotPath: null

2024-01-16 15:35:51 - [TEST_STEP][PASSED] - click(findTestObject("ME_AppPending/span_Collateral dan Loan")): Object: 'Object Repository/ME_AppPending/span_Collateral dan Loan' is clicked on

2024-01-16 15:36:04 - [MESSAGE][PASSED] - Object: 'Object Repository/ME_AppPending/span_Collateral dan Loan' is clicked on

2024-01-16 15:36:04 - [TEST_STEP][PASSED] - takeFullPageScreenshotAsCheckpoint(ssDir + "scenario-1-masuk-menu-collateral-dan-loan.png"): Taking screenshot successfully

2024-01-16 15:36:05 - [MESSAGE][INFO] - 0 hidden object(s)

2024-01-16 15:36:05 - [MESSAGE][PASSED] - Taking screenshot successfully
[[ATTACHMENT|C:\Users\Jerry\Katalon Studio\me-corp-add-data\Screenshoot\Sprint2\Web\keyes\keyes-scenario-1-masuk-menu-collateral-dan-loan.png]]

2024-01-16 15:36:05 - [TEST_STEP][PASSED] - click(findTestObject("ME_CollateralandLoan_information/li_Information")): Object: 'Object Repository/ME_CollateralandLoan_information/li_Information' is clicked on

2024-01-16 15:36:06 - [MESSAGE][PASSED] - Object: 'Object Repository/ME_CollateralandLoan_information/li_Information' is clicked on

2024-01-16 15:36:06 - [TEST_STEP][PASSED] - click(findTestObject("ME_CollateralandLoan_information/input_jenispengajuan1"), OPTIONAL): Object: 'Object Repository/ME_CollateralandLoan_information/input_jenispengajuan1' is clicked on

2024-01-16 15:36:06 - [MESSAGE][PASSED] - Object: 'Object Repository/ME_CollateralandLoan_information/input_jenispengajuan1' is clicked on

2024-01-16 15:36:06 - [TEST_STEP][PASSED] - setText(findTestObject("ME_CollateralandLoan_information/input_jenispengajuan1"), information_jenisPengajuan, OPTIONAL): Unable to set text 'mobil bekas' of object 'Object Repository/ME_CollateralandLoan_information/input_jenispengajuan1' (Root cause: com.kms.katalon.core.exception.StepFailedException: Unable to set text 'mobil bekas' of object 'Object Repository/ME_CollateralandLoan_information/input_jenispengajuan1'
	at com.kms.katalon.core.webui.keyword.internal.WebUIKeywordMain.stepFailed(WebUIKeywordMain.groovy:64)
	at com.kms.katalon.core.webui.keyword.internal.WebUIKeywordMain.runKeyword(WebUIKeywordMain.groovy:26)
	at com.kms.katalon.core.webui.keyword.builtin.SetTextKeyword.setText(SetTextKeyword.groovy:66)
	at com.kms.katalon.core.webui.keyword.builtin.SetTextKeyword.execute(SetTextKeyword.groovy:37)
	at com.kms.katalon.core.keyword.internal.KeywordExecutor.executeKeywordForPlatform(KeywordExecutor.groovy:74)
	at com.kms.katalon.core.webui.keyword.WebUiBuiltInKeywords.setText(WebUiBuiltInKeywords.groovy:966)
	at com.kms.katalon.core.webui.keyword.WebUiBuiltInKeywords$setText$7.call(Unknown Source)
	at Transaction-AppPending-InputData-corporateLoan.run(Transaction-AppPending-InputData-corporateLoan:46)
	at com.kms.katalon.core.main.ScriptEngine.run(ScriptEngine.java:194)
	at com.kms.katalon.core.main.ScriptEngine.runScriptAsRawText(ScriptEngine.java:119)
	at com.kms.katalon.core.main.TestCaseExecutor.runScript(TestCaseExecutor.java:448)
	at com.kms.katalon.core.main.TestCaseExecutor.doExecute(TestCaseExecutor.java:439)
	at com.kms.katalon.core.main.TestCaseExecutor.processExecutionPhase(TestCaseExecutor.java:418)
	at com.kms.katalon.core.main.TestCaseExecutor.accessMainPhase(TestCaseExecutor.java:410)
	at com.kms.katalon.core.main.TestCaseExecutor.execute(TestCaseExecutor.java:285)
	at com.kms.katalon.core.common.CommonExecutor.accessTestCaseMainPhase(CommonExecutor.java:65)
	at com.kms.katalon.core.main.TestSuiteExecutor.accessTestSuiteMainPhase(TestSuiteExecutor.java:148)
	at com.kms.katalon.core.main.TestSuiteExecutor.execute(TestSuiteExecutor.java:106)
	at com.kms.katalon.core.main.TestCaseMain.startTestSuite(TestCaseMain.java:187)
	at com.kms.katalon.core.main.TestCaseMain$startTestSuite$0.call(Unknown Source)
	at TempTestSuite1705394043700.run(TempTestSuite1705394043700.groovy:36)
Caused by: org.openqa.selenium.InvalidElementStateException: Unable to clear element that cannot be edited: <ng-select class="w-100 ng-select ng-select-single ng-select-searchable ng-select-clearable ng-untouched ng-pristine ng-invalid ng-select-focused ng-select-opened ng-select-bottom">
Build info: version: '3.141.59', revision: 'e82be7d358', time: '2018-11-14T08:25:53'
System info: host: 'DESKTOP-R03MSOE', ip: '192.168.136.1', os.name: 'Windows 10', os.arch: 'amd64', os.version: '10.0', java.version: '1.8.0_362'
Driver info: com.kms.katalon.core.webui.driver.firefox.CGeckoDriver
Capabilities {acceptInsecureCerts: true, browserName: firefox, browserVersion: 121.0, javascriptEnabled: true, moz:accessibilityChecks: false, moz:buildID: 20231211174248, moz:geckodriverVersion: 0.33.0, moz:headless: false, moz:platformVersion: 10.0, moz:processID: 19924, moz:profile: C:\Users\Jerry\AppData\Loca..., moz:shutdownTimeout: 60000, moz:webdriverClick: true, moz:windowless: false, pageLoadStrategy: normal, platform: WINDOWS, platformName: WINDOWS, proxy: Proxy(direct), setWindowRect: true, strictFileInteractability: false, timeouts: {implicit: 0, pageLoad: 300000, script: 30000}, unhandledPromptBehavior: dismiss and notify}
Session ID: f882c07b-7b7c-4f1a-a99a-9cfadf97dd15
	at org.openqa.selenium.remote.http.W3CHttpResponseCodec.createException(W3CHttpResponseCodec.java:187)
	at org.openqa.selenium.remote.http.W3CHttpResponseCodec.decode(W3CHttpResponseCodec.java:122)
	at org.openqa.selenium.remote.http.W3CHttpResponseCodec.decode(W3CHttpResponseCodec.java:49)
	at org.openqa.selenium.remote.HttpCommandExecutor.execute(HttpCommandExecutor.java:158)
	at org.openqa.selenium.remote.service.DriverCommandExecutor.execute(DriverCommandExecutor.java:83)
	at org.openqa.selenium.remote.RemoteWebDriver.execute(RemoteWebDriver.java:552)
	at com.kms.katalon.selenium.driver.CFirefoxDriver.execute(CFirefoxDriver.java:27)
	at org.openqa.selenium.remote.RemoteWebElement.execute(RemoteWebElement.java:285)
	at org.openqa.selenium.remote.RemoteWebElement.clear(RemoteWebElement.java:124)
	at org.openqa.selenium.support.events.EventFiringWebDriver$EventFiringWebElement.lambda$new$0(EventFiringWebDriver.java:404)
	at com.sun.proxy.$Proxy11.clear(Unknown Source)
	at org.openqa.selenium.support.events.EventFiringWebDriver$EventFiringWebElement.clear(EventFiringWebDriver.java:436)
	at com.kms.katalon.core.webui.keyword.builtin.SetTextKeyword$_setText_closure1.doCall(SetTextKeyword.groovy:53)
	at com.kms.katalon.core.webui.keyword.builtin.SetTextKeyword$_setText_closure1.call(SetTextKeyword.groovy)
	at com.kms.katalon.core.webui.keyword.internal.WebUIKeywordMain.runKeyword(WebUIKeywordMain.groovy:20)
	at com.kms.katalon.core.webui.keyword.builtin.SetTextKeyword.setText(SetTextKeyword.groovy:66)
	at com.kms.katalon.core.webui.keyword.builtin.SetTextKeyword.execute(SetTextKeyword.groovy:37)
	at com.kms.katalon.core.keyword.internal.KeywordExecutor.executeKeywordForPlatform(KeywordExecutor.groovy:74)
	at com.kms.katalon.core.webui.keyword.WebUiBuiltInKeywords.setText(WebUiBuiltInKeywords.groovy:966)
	at com.kms.katalon.core.webui.keyword.WebUiBuiltInKeywords$setText$7.call(Unknown Source)
	at Script1705304616108.run(Script1705304616108.groovy:46)
	... 13 more
)

2024-01-16 15:36:07 - [MESSAGE][WARNING] - Unable to set text 'mobil bekas' of object 'Object Repository/ME_CollateralandLoan_information/input_jenispengajuan1' (Root cause: com.kms.katalon.core.exception.StepFailedException: Unable to set text 'mobil bekas' of object 'Object Repository/ME_CollateralandLoan_information/input_jenispengajuan1'
	at com.kms.katalon.core.webui.keyword.internal.WebUIKeywordMain.stepFailed(WebUIKeywordMain.groovy:64)
	at com.kms.katalon.core.webui.keyword.internal.WebUIKeywordMain.runKeyword(WebUIKeywordMain.groovy:26)
	at com.kms.katalon.core.webui.keyword.builtin.SetTextKeyword.setText(SetTextKeyword.groovy:66)
	at com.kms.katalon.core.webui.keyword.builtin.SetTextKeyword.execute(SetTextKeyword.groovy:37)
	at com.kms.katalon.core.keyword.internal.KeywordExecutor.executeKeywordForPlatform(KeywordExecutor.groovy:74)
	at com.kms.katalon.core.webui.keyword.WebUiBuiltInKeywords.setText(WebUiBuiltInKeywords.groovy:966)
	at com.kms.katalon.core.webui.keyword.WebUiBuiltInKeywords$setText$7.call(Unknown Source)
	at Transaction-AppPending-InputData-corporateLoan.run(Transaction-AppPending-InputData-corporateLoan:46)
	at com.kms.katalon.core.main.ScriptEngine.run(ScriptEngine.java:194)
	at com.kms.katalon.core.main.ScriptEngine.runScriptAsRawText(ScriptEngine.java:119)
	at com.kms.katalon.core.main.TestCaseExecutor.runScript(TestCaseExecutor.java:448)
	at com.kms.katalon.core.main.TestCaseExecutor.doExecute(TestCaseExecutor.java:439)
	at com.kms.katalon.core.main.TestCaseExecutor.processExecutionPhase(TestCaseExecutor.java:418)
	at com.kms.katalon.core.main.TestCaseExecutor.accessMainPhase(TestCaseExecutor.java:410)
	at com.kms.katalon.core.main.TestCaseExecutor.execute(TestCaseExecutor.java:285)
	at com.kms.katalon.core.common.CommonExecutor.accessTestCaseMainPhase(CommonExecutor.java:65)
	at com.kms.katalon.core.main.TestSuiteExecutor.accessTestSuiteMainPhase(TestSuiteExecutor.java:148)
	at com.kms.katalon.core.main.TestSuiteExecutor.execute(TestSuiteExecutor.java:106)
	at com.kms.katalon.core.main.TestCaseMain.startTestSuite(TestCaseMain.java:187)
	at com.kms.katalon.core.main.TestCaseMain$startTestSuite$0.call(Unknown Source)
	at TempTestSuite1705394043700.run(TempTestSuite1705394043700.groovy:36)
Caused by: org.openqa.selenium.InvalidElementStateException: Unable to clear element that cannot be edited: <ng-select class="w-100 ng-select ng-select-single ng-select-searchable ng-select-clearable ng-untouched ng-pristine ng-invalid ng-select-focused ng-select-opened ng-select-bottom">
Build info: version: '3.141.59', revision: 'e82be7d358', time: '2018-11-14T08:25:53'
System info: host: 'DESKTOP-R03MSOE', ip: '192.168.136.1', os.name: 'Windows 10', os.arch: 'amd64', os.version: '10.0', java.version: '1.8.0_362'
Driver info: com.kms.katalon.core.webui.driver.firefox.CGeckoDriver
Capabilities {acceptInsecureCerts: true, browserName: firefox, browserVersion: 121.0, javascriptEnabled: true, moz:accessibilityChecks: false, moz:buildID: 20231211174248, moz:geckodriverVersion: 0.33.0, moz:headless: false, moz:platformVersion: 10.0, moz:processID: 19924, moz:profile: C:\Users\Jerry\AppData\Loca..., moz:shutdownTimeout: 60000, moz:webdriverClick: true, moz:windowless: false, pageLoadStrategy: normal, platform: WINDOWS, platformName: WINDOWS, proxy: Proxy(direct), setWindowRect: true, strictFileInteractability: false, timeouts: {implicit: 0, pageLoad: 300000, script: 30000}, unhandledPromptBehavior: dismiss and notify}
Session ID: f882c07b-7b7c-4f1a-a99a-9cfadf97dd15
	at org.openqa.selenium.remote.http.W3CHttpResponseCodec.createException(W3CHttpResponseCodec.java:187)
	at org.openqa.selenium.remote.http.W3CHttpResponseCodec.decode(W3CHttpResponseCodec.java:122)
	at org.openqa.selenium.remote.http.W3CHttpResponseCodec.decode(W3CHttpResponseCodec.java:49)
	at org.openqa.selenium.remote.HttpCommandExecutor.execute(HttpCommandExecutor.java:158)
	at org.openqa.selenium.remote.service.DriverCommandExecutor.execute(DriverCommandExecutor.java:83)
	at org.openqa.selenium.remote.RemoteWebDriver.execute(RemoteWebDriver.java:552)
	at com.kms.katalon.selenium.driver.CFirefoxDriver.execute(CFirefoxDriver.java:27)
	at org.openqa.selenium.remote.RemoteWebElement.execute(RemoteWebElement.java:285)
	at org.openqa.selenium.remote.RemoteWebElement.clear(RemoteWebElement.java:124)
	at org.openqa.selenium.support.events.EventFiringWebDriver$EventFiringWebElement.lambda$new$0(EventFiringWebDriver.java:404)
	at com.sun.proxy.$Proxy11.clear(Unknown Source)
	at org.openqa.selenium.support.events.EventFiringWebDriver$EventFiringWebElement.clear(EventFiringWebDriver.java:436)
	at com.kms.katalon.core.webui.keyword.builtin.SetTextKeyword$_setText_closure1.doCall(SetTextKeyword.groovy:53)
	at com.kms.katalon.core.webui.keyword.builtin.SetTextKeyword$_setText_closure1.call(SetTextKeyword.groovy)
	at com.kms.katalon.core.webui.keyword.internal.WebUIKeywordMain.runKeyword(WebUIKeywordMain.groovy:20)
	at com.kms.katalon.core.webui.keyword.builtin.SetTextKeyword.setText(SetTextKeyword.groovy:66)
	at com.kms.katalon.core.webui.keyword.builtin.SetTextKeyword.execute(SetTextKeyword.groovy:37)
	at com.kms.katalon.core.keyword.internal.KeywordExecutor.executeKeywordForPlatform(KeywordExecutor.groovy:74)
	at com.kms.katalon.core.webui.keyword.WebUiBuiltInKeywords.setText(WebUiBuiltInKeywords.groovy:966)
	at com.kms.katalon.core.webui.keyword.WebUiBuiltInKeywords$setText$7.call(Unknown Source)
	at Script1705304616108.run(Script1705304616108.groovy:46)
	... 13 more
)
[[ATTACHMENT|C:\\Users\\Jerry\\Katalon Studio\\me-corp-add-data\\Reports\\20240116_153403\\MECORP\\MECORP\\20240116_153403\\1705394167113.png]]

2024-01-16 15:36:07 - [TEST_STEP][PASSED] - takeFullPageScreenshotAsCheckpoint(ssDir + "scenario-1-input-jenis-pengajuan.png"): Taking screenshot successfully

2024-01-16 15:36:08 - [MESSAGE][INFO] - 0 hidden object(s)

2024-01-16 15:36:08 - [MESSAGE][PASSED] - Taking screenshot successfully
[[ATTACHMENT|C:\Users\Jerry\Katalon Studio\me-corp-add-data\Screenshoot\Sprint2\Web\keyes\keyes-scenario-1-input-jenis-pengajuan.png]]

2024-01-16 15:36:08 - [TEST_STEP][PASSED] - click(findTestObject("ME_CollateralandLoan_information/div_Mobil Bekas")): Object: 'Object Repository/ME_CollateralandLoan_information/div_Mobil Bekas' is clicked on

2024-01-16 15:36:09 - [MESSAGE][PASSED] - Object: 'Object Repository/ME_CollateralandLoan_information/div_Mobil Bekas' is clicked on

2024-01-16 15:36:09 - [TEST_STEP][PASSED] - click(findTestObject("ME_CollateralandLoan_information/input_tujuankredit"), OPTIONAL): Object: 'Object Repository/ME_CollateralandLoan_information/input_tujuankredit' is clicked on

2024-01-16 15:36:09 - [MESSAGE][PASSED] - Object: 'Object Repository/ME_CollateralandLoan_information/input_tujuankredit' is clicked on

2024-01-16 15:36:09 - [TEST_STEP][PASSED] - setText(findTestObject("ME_CollateralandLoan_information/input_tujuankredit"), information_tujuanKredit, OPTIONAL): Unable to set text 'pembelian aset' of object 'Object Repository/ME_CollateralandLoan_information/input_tujuankredit' (Root cause: com.kms.katalon.core.exception.StepFailedException: Unable to set text 'pembelian aset' of object 'Object Repository/ME_CollateralandLoan_information/input_tujuankredit'
	at com.kms.katalon.core.webui.keyword.internal.WebUIKeywordMain.stepFailed(WebUIKeywordMain.groovy:64)
	at com.kms.katalon.core.webui.keyword.internal.WebUIKeywordMain.runKeyword(WebUIKeywordMain.groovy:26)
	at com.kms.katalon.core.webui.keyword.builtin.SetTextKeyword.setText(SetTextKeyword.groovy:66)
	at com.kms.katalon.core.webui.keyword.builtin.SetTextKeyword.execute(SetTextKeyword.groovy:37)
	at com.kms.katalon.core.keyword.internal.KeywordExecutor.executeKeywordForPlatform(KeywordExecutor.groovy:74)
	at com.kms.katalon.core.webui.keyword.WebUiBuiltInKeywords.setText(WebUiBuiltInKeywords.groovy:966)
	at com.kms.katalon.core.webui.keyword.WebUiBuiltInKeywords$setText$7.call(Unknown Source)
	at Transaction-AppPending-InputData-corporateLoan.run(Transaction-AppPending-InputData-corporateLoan:55)
	at com.kms.katalon.core.main.ScriptEngine.run(ScriptEngine.java:194)
	at com.kms.katalon.core.main.ScriptEngine.runScriptAsRawText(ScriptEngine.java:119)
	at com.kms.katalon.core.main.TestCaseExecutor.runScript(TestCaseExecutor.java:448)
	at com.kms.katalon.core.main.TestCaseExecutor.doExecute(TestCaseExecutor.java:439)
	at com.kms.katalon.core.main.TestCaseExecutor.processExecutionPhase(TestCaseExecutor.java:418)
	at com.kms.katalon.core.main.TestCaseExecutor.accessMainPhase(TestCaseExecutor.java:410)
	at com.kms.katalon.core.main.TestCaseExecutor.execute(TestCaseExecutor.java:285)
	at com.kms.katalon.core.common.CommonExecutor.accessTestCaseMainPhase(CommonExecutor.java:65)
	at com.kms.katalon.core.main.TestSuiteExecutor.accessTestSuiteMainPhase(TestSuiteExecutor.java:148)
	at com.kms.katalon.core.main.TestSuiteExecutor.execute(TestSuiteExecutor.java:106)
	at com.kms.katalon.core.main.TestCaseMain.startTestSuite(TestCaseMain.java:187)
	at com.kms.katalon.core.main.TestCaseMain$startTestSuite$0.call(Unknown Source)
	at TempTestSuite1705394043700.run(TempTestSuite1705394043700.groovy:36)
Caused by: org.openqa.selenium.InvalidElementStateException: Unable to clear element that cannot be edited: <ng-select class="w-100 ng-select ng-select-single ng-select-searchable ng-select-clearable ng-untouched ng-pristine ng-invalid ng-select-focused ng-select-opened ng-select-bottom">
Build info: version: '3.141.59', revision: 'e82be7d358', time: '2018-11-14T08:25:53'
System info: host: 'DESKTOP-R03MSOE', ip: '192.168.136.1', os.name: 'Windows 10', os.arch: 'amd64', os.version: '10.0', java.version: '1.8.0_362'
Driver info: com.kms.katalon.core.webui.driver.firefox.CGeckoDriver
Capabilities {acceptInsecureCerts: true, browserName: firefox, browserVersion: 121.0, javascriptEnabled: true, moz:accessibilityChecks: false, moz:buildID: 20231211174248, moz:geckodriverVersion: 0.33.0, moz:headless: false, moz:platformVersion: 10.0, moz:processID: 19924, moz:profile: C:\Users\Jerry\AppData\Loca..., moz:shutdownTimeout: 60000, moz:webdriverClick: true, moz:windowless: false, pageLoadStrategy: normal, platform: WINDOWS, platformName: WINDOWS, proxy: Proxy(direct), setWindowRect: true, strictFileInteractability: false, timeouts: {implicit: 0, pageLoad: 300000, script: 30000}, unhandledPromptBehavior: dismiss and notify}
Session ID: f882c07b-7b7c-4f1a-a99a-9cfadf97dd15
	at org.openqa.selenium.remote.http.W3CHttpResponseCodec.createException(W3CHttpResponseCodec.java:187)
	at org.openqa.selenium.remote.http.W3CHttpResponseCodec.decode(W3CHttpResponseCodec.java:122)
	at org.openqa.selenium.remote.http.W3CHttpResponseCodec.decode(W3CHttpResponseCodec.java:49)
	at org.openqa.selenium.remote.HttpCommandExecutor.execute(HttpCommandExecutor.java:158)
	at org.openqa.selenium.remote.service.DriverCommandExecutor.execute(DriverCommandExecutor.java:83)
	at org.openqa.selenium.remote.RemoteWebDriver.execute(RemoteWebDriver.java:552)
	at com.kms.katalon.selenium.driver.CFirefoxDriver.execute(CFirefoxDriver.java:27)
	at org.openqa.selenium.remote.RemoteWebElement.execute(RemoteWebElement.java:285)
	at org.openqa.selenium.remote.RemoteWebElement.clear(RemoteWebElement.java:124)
	at org.openqa.selenium.support.events.EventFiringWebDriver$EventFiringWebElement.lambda$new$0(EventFiringWebDriver.java:404)
	at com.sun.proxy.$Proxy11.clear(Unknown Source)
	at org.openqa.selenium.support.events.EventFiringWebDriver$EventFiringWebElement.clear(EventFiringWebDriver.java:436)
	at com.kms.katalon.core.webui.keyword.builtin.SetTextKeyword$_setText_closure1.doCall(SetTextKeyword.groovy:53)
	at com.kms.katalon.core.webui.keyword.builtin.SetTextKeyword$_setText_closure1.call(SetTextKeyword.groovy)
	at com.kms.katalon.core.webui.keyword.internal.WebUIKeywordMain.runKeyword(WebUIKeywordMain.groovy:20)
	at com.kms.katalon.core.webui.keyword.builtin.SetTextKeyword.setText(SetTextKeyword.groovy:66)
	at com.kms.katalon.core.webui.keyword.builtin.SetTextKeyword.execute(SetTextKeyword.groovy:37)
	at com.kms.katalon.core.keyword.internal.KeywordExecutor.executeKeywordForPlatform(KeywordExecutor.groovy:74)
	at com.kms.katalon.core.webui.keyword.WebUiBuiltInKeywords.setText(WebUiBuiltInKeywords.groovy:966)
	at com.kms.katalon.core.webui.keyword.WebUiBuiltInKeywords$setText$7.call(Unknown Source)
	at Script1705304616108.run(Script1705304616108.groovy:55)
	... 13 more
)

2024-01-16 15:36:10 - [MESSAGE][WARNING] - Unable to set text 'pembelian aset' of object 'Object Repository/ME_CollateralandLoan_information/input_tujuankredit' (Root cause: com.kms.katalon.core.exception.StepFailedException: Unable to set text 'pembelian aset' of object 'Object Repository/ME_CollateralandLoan_information/input_tujuankredit'
	at com.kms.katalon.core.webui.keyword.internal.WebUIKeywordMain.stepFailed(WebUIKeywordMain.groovy:64)
	at com.kms.katalon.core.webui.keyword.internal.WebUIKeywordMain.runKeyword(WebUIKeywordMain.groovy:26)
	at com.kms.katalon.core.webui.keyword.builtin.SetTextKeyword.setText(SetTextKeyword.groovy:66)
	at com.kms.katalon.core.webui.keyword.builtin.SetTextKeyword.execute(SetTextKeyword.groovy:37)
	at com.kms.katalon.core.keyword.internal.KeywordExecutor.executeKeywordForPlatform(KeywordExecutor.groovy:74)
	at com.kms.katalon.core.webui.keyword.WebUiBuiltInKeywords.setText(WebUiBuiltInKeywords.groovy:966)
	at com.kms.katalon.core.webui.keyword.WebUiBuiltInKeywords$setText$7.call(Unknown Source)
	at Transaction-AppPending-InputData-corporateLoan.run(Transaction-AppPending-InputData-corporateLoan:55)
	at com.kms.katalon.core.main.ScriptEngine.run(ScriptEngine.java:194)
	at com.kms.katalon.core.main.ScriptEngine.runScriptAsRawText(ScriptEngine.java:119)
	at com.kms.katalon.core.main.TestCaseExecutor.runScript(TestCaseExecutor.java:448)
	at com.kms.katalon.core.main.TestCaseExecutor.doExecute(TestCaseExecutor.java:439)
	at com.kms.katalon.core.main.TestCaseExecutor.processExecutionPhase(TestCaseExecutor.java:418)
	at com.kms.katalon.core.main.TestCaseExecutor.accessMainPhase(TestCaseExecutor.java:410)
	at com.kms.katalon.core.main.TestCaseExecutor.execute(TestCaseExecutor.java:285)
	at com.kms.katalon.core.common.CommonExecutor.accessTestCaseMainPhase(CommonExecutor.java:65)
	at com.kms.katalon.core.main.TestSuiteExecutor.accessTestSuiteMainPhase(TestSuiteExecutor.java:148)
	at com.kms.katalon.core.main.TestSuiteExecutor.execute(TestSuiteExecutor.java:106)
	at com.kms.katalon.core.main.TestCaseMain.startTestSuite(TestCaseMain.java:187)
	at com.kms.katalon.core.main.TestCaseMain$startTestSuite$0.call(Unknown Source)
	at TempTestSuite1705394043700.run(TempTestSuite1705394043700.groovy:36)
Caused by: org.openqa.selenium.InvalidElementStateException: Unable to clear element that cannot be edited: <ng-select class="w-100 ng-select ng-select-single ng-select-searchable ng-select-clearable ng-untouched ng-pristine ng-invalid ng-select-focused ng-select-opened ng-select-bottom">
Build info: version: '3.141.59', revision: 'e82be7d358', time: '2018-11-14T08:25:53'
System info: host: 'DESKTOP-R03MSOE', ip: '192.168.136.1', os.name: 'Windows 10', os.arch: 'amd64', os.version: '10.0', java.version: '1.8.0_362'
Driver info: com.kms.katalon.core.webui.driver.firefox.CGeckoDriver
Capabilities {acceptInsecureCerts: true, browserName: firefox, browserVersion: 121.0, javascriptEnabled: true, moz:accessibilityChecks: false, moz:buildID: 20231211174248, moz:geckodriverVersion: 0.33.0, moz:headless: false, moz:platformVersion: 10.0, moz:processID: 19924, moz:profile: C:\Users\Jerry\AppData\Loca..., moz:shutdownTimeout: 60000, moz:webdriverClick: true, moz:windowless: false, pageLoadStrategy: normal, platform: WINDOWS, platformName: WINDOWS, proxy: Proxy(direct), setWindowRect: true, strictFileInteractability: false, timeouts: {implicit: 0, pageLoad: 300000, script: 30000}, unhandledPromptBehavior: dismiss and notify}
Session ID: f882c07b-7b7c-4f1a-a99a-9cfadf97dd15
	at org.openqa.selenium.remote.http.W3CHttpResponseCodec.createException(W3CHttpResponseCodec.java:187)
	at org.openqa.selenium.remote.http.W3CHttpResponseCodec.decode(W3CHttpResponseCodec.java:122)
	at org.openqa.selenium.remote.http.W3CHttpResponseCodec.decode(W3CHttpResponseCodec.java:49)
	at org.openqa.selenium.remote.HttpCommandExecutor.execute(HttpCommandExecutor.java:158)
	at org.openqa.selenium.remote.service.DriverCommandExecutor.execute(DriverCommandExecutor.java:83)
	at org.openqa.selenium.remote.RemoteWebDriver.execute(RemoteWebDriver.java:552)
	at com.kms.katalon.selenium.driver.CFirefoxDriver.execute(CFirefoxDriver.java:27)
	at org.openqa.selenium.remote.RemoteWebElement.execute(RemoteWebElement.java:285)
	at org.openqa.selenium.remote.RemoteWebElement.clear(RemoteWebElement.java:124)
	at org.openqa.selenium.support.events.EventFiringWebDriver$EventFiringWebElement.lambda$new$0(EventFiringWebDriver.java:404)
	at com.sun.proxy.$Proxy11.clear(Unknown Source)
	at org.openqa.selenium.support.events.EventFiringWebDriver$EventFiringWebElement.clear(EventFiringWebDriver.java:436)
	at com.kms.katalon.core.webui.keyword.builtin.SetTextKeyword$_setText_closure1.doCall(SetTextKeyword.groovy:53)
	at com.kms.katalon.core.webui.keyword.builtin.SetTextKeyword$_setText_closure1.call(SetTextKeyword.groovy)
	at com.kms.katalon.core.webui.keyword.internal.WebUIKeywordMain.runKeyword(WebUIKeywordMain.groovy:20)
	at com.kms.katalon.core.webui.keyword.builtin.SetTextKeyword.setText(SetTextKeyword.groovy:66)
	at com.kms.katalon.core.webui.keyword.builtin.SetTextKeyword.execute(SetTextKeyword.groovy:37)
	at com.kms.katalon.core.keyword.internal.KeywordExecutor.executeKeywordForPlatform(KeywordExecutor.groovy:74)
	at com.kms.katalon.core.webui.keyword.WebUiBuiltInKeywords.setText(WebUiBuiltInKeywords.groovy:966)
	at com.kms.katalon.core.webui.keyword.WebUiBuiltInKeywords$setText$7.call(Unknown Source)
	at Script1705304616108.run(Script1705304616108.groovy:55)
	... 13 more
)
[[ATTACHMENT|C:\\Users\\Jerry\\Katalon Studio\\me-corp-add-data\\Reports\\20240116_153403\\MECORP\\MECORP\\20240116_153403\\1705394170094.png]]

2024-01-16 15:36:10 - [TEST_STEP][PASSED] - takeFullPageScreenshotAsCheckpoint(ssDir + "scenario-1-input-tujuan-pengajuan.png"): Taking screenshot successfully

2024-01-16 15:36:11 - [MESSAGE][INFO] - 0 hidden object(s)

2024-01-16 15:36:11 - [MESSAGE][PASSED] - Taking screenshot successfully
[[ATTACHMENT|C:\Users\Jerry\Katalon Studio\me-corp-add-data\Screenshoot\Sprint2\Web\keyes\keyes-scenario-1-input-tujuan-pengajuan.png]]

2024-01-16 15:36:11 - [TEST_STEP][PASSED] - click(findTestObject("ME_CollateralandLoan_information/div_Pembelian Aset")): Object: 'Object Repository/ME_CollateralandLoan_information/div_Pembelian Aset' is clicked on

2024-01-16 15:36:12 - [MESSAGE][PASSED] - Object: 'Object Repository/ME_CollateralandLoan_information/div_Pembelian Aset' is clicked on

2024-01-16 15:36:12 - [TEST_STEP][PASSED] - click(findTestObject("ME_CollateralandLoan_information/button_Payment")): Object: 'Object Repository/ME_CollateralandLoan_information/button_Payment' is clicked on

2024-01-16 15:36:12 - [MESSAGE][PASSED] - Object: 'Object Repository/ME_CollateralandLoan_information/button_Payment' is clicked on

2024-01-16 15:36:12 - [TEST_STEP][PASSED] - click(findTestObject("ME_CollateralandLoan_information/input_autodebet")): Object: 'Object Repository/ME_CollateralandLoan_information/input_autodebet' is clicked on

2024-01-16 15:36:13 - [MESSAGE][PASSED] - Object: 'Object Repository/ME_CollateralandLoan_information/input_autodebet' is clicked on

2024-01-16 15:36:13 - [TEST_STEP][PASSED] - takeFullPageScreenshotAsCheckpoint(ssDir + "scenario-1-input-payment.png"): Taking screenshot successfully

2024-01-16 15:36:14 - [MESSAGE][INFO] - 0 hidden object(s)

2024-01-16 15:36:14 - [MESSAGE][PASSED] - Taking screenshot successfully
[[ATTACHMENT|C:\Users\Jerry\Katalon Studio\me-corp-add-data\Screenshoot\Sprint2\Web\keyes\keyes-scenario-1-input-payment.png]]

2024-01-16 15:36:14 - [TEST_STEP][PASSED] - click(findTestObject("ME_CollateralandLoan_information/div_Auto Debet")): Object: 'Object Repository/ME_CollateralandLoan_information/div_Auto Debet' is clicked on

2024-01-16 15:36:15 - [MESSAGE][PASSED] - Object: 'Object Repository/ME_CollateralandLoan_information/div_Auto Debet' is clicked on

2024-01-16 15:36:15 - [TEST_STEP][PASSED] - setText(findTestObject("ME_CollateralandLoan_information/input_Account No. 10 Digit_text-input-account-no"), information_accountNum): Text '11111111111' is set on object 'Object Repository/ME_CollateralandLoan_information/input_Account No. 10 Digit_text-input-account-no'

2024-01-16 15:36:16 - [MESSAGE][PASSED] - Text '11111111111' is set on object 'Object Repository/ME_CollateralandLoan_information/input_Account No. 10 Digit_text-input-account-no'

2024-01-16 15:36:16 - [TEST_STEP][PASSED] - click(findTestObject("ME_CollateralandLoan_information/input_Account No. 10 Digit_inline-checkbox-autodebetNoRek"), OPTIONAL): Object: 'Object Repository/ME_CollateralandLoan_information/input_Account No. 10 Digit_inline-checkbox-autodebetNoRek' is clicked on

2024-01-16 15:36:17 - [MESSAGE][PASSED] - Object: 'Object Repository/ME_CollateralandLoan_information/input_Account No. 10 Digit_inline-checkbox-autodebetNoRek' is clicked on

2024-01-16 15:36:17 - [TEST_STEP][PASSED] - click(findTestObject("ME_CollateralandLoan_information/Capture_rekeningautodebet")): Object: 'Object Repository/ME_CollateralandLoan_information/Capture_rekeningautodebet' is clicked on

2024-01-16 15:36:17 - [MESSAGE][PASSED] - Object: 'Object Repository/ME_CollateralandLoan_information/Capture_rekeningautodebet' is clicked on

2024-01-16 15:36:17 - [TEST_STEP][PASSED] - popup.popup.uploadFile(findTestObject("Object Repository/MEApp_AppBaru_InisiasiKonsumen/Page_Mobile Entry - BCAF/button_Local File"), userDir + pathfinder_npwp.replace("/", "\")): popup.popup.uploadFile is PASSED

2024-01-16 15:36:18 - [MESSAGE][PASSED] - Object: 'Object Repository/MEApp_AppBaru_InisiasiKonsumen/Page_Mobile Entry - BCAF/button_Local File' is clicked on

2024-01-16 15:36:19 - [MESSAGE][PASSED] - Delayed 0.5 second(s)

2024-01-16 15:36:19 - [MESSAGE][PASSED] - popup.popup.uploadFile is PASSED

2024-01-16 15:36:19 - [TEST_STEP][PASSED] - setText(findTestObject("ME_CollateralandLoan_information/input_Account No. 10 Digit_noRekening"), information_accountNum2): Text '11111111111' is set on object 'Object Repository/ME_CollateralandLoan_information/input_Account No. 10 Digit_noRekening'

2024-01-16 15:36:20 - [MESSAGE][PASSED] - Text '11111111111' is set on object 'Object Repository/ME_CollateralandLoan_information/input_Account No. 10 Digit_noRekening'

2024-01-16 15:36:20 - [TEST_STEP][PASSED] - setText(findTestObject("ME_CollateralandLoan_information/input_Cabang BCA_cabangBca"), information_cabang): Text 'jakarta selatan' is set on object 'Object Repository/ME_CollateralandLoan_information/input_Cabang BCA_cabangBca'

2024-01-16 15:36:21 - [MESSAGE][PASSED] - Text 'jakarta selatan' is set on object 'Object Repository/ME_CollateralandLoan_information/input_Cabang BCA_cabangBca'

2024-01-16 15:36:21 - [TEST_STEP][PASSED] - setText(findTestObject("ME_CollateralandLoan_information/input_Nama Pemilik Rekening_form-control ng-untouched ng-pristine ng-invalid"), information_namaPemilikRek): Text 'afgan' is set on object 'Object Repository/ME_CollateralandLoan_information/input_Nama Pemilik Rekening_form-control ng-untouched ng-pristine ng-invalid'

2024-01-16 15:36:22 - [MESSAGE][PASSED] - Text 'afgan' is set on object 'Object Repository/ME_CollateralandLoan_information/input_Nama Pemilik Rekening_form-control ng-untouched ng-pristine ng-invalid'

2024-01-16 15:36:22 - [TEST_STEP][PASSED] - setText(findTestObject("ME_CollateralandLoan_information/input_No KTP_form-control ng-untouched ng-pristine ng-invalid"), information_noKTP): Text '22222222222222' is set on object 'Object Repository/ME_CollateralandLoan_information/input_No KTP_form-control ng-untouched ng-pristine ng-invalid'

2024-01-16 15:36:23 - [MESSAGE][PASSED] - Text '22222222222222' is set on object 'Object Repository/ME_CollateralandLoan_information/input_No KTP_form-control ng-untouched ng-pristine ng-invalid'

2024-01-16 15:36:23 - [TEST_STEP][PASSED] - takeFullPageScreenshotAsCheckpoint(ssDir + "scenario-1-input-data-autodebit.png"): Taking screenshot successfully

2024-01-16 15:36:24 - [MESSAGE][INFO] - 0 hidden object(s)

2024-01-16 15:36:25 - [MESSAGE][PASSED] - Taking screenshot successfully
[[ATTACHMENT|C:\Users\Jerry\Katalon Studio\me-corp-add-data\Screenshoot\Sprint2\Web\keyes\keyes-scenario-1-input-data-autodebit.png]]

2024-01-16 15:36:25 - [TEST_STEP][PASSED] - click(findTestObject("ME_CollateralandLoan_information/button_Mutasi Rekening")): Object: 'Object Repository/ME_CollateralandLoan_information/button_Mutasi Rekening' is clicked on

2024-01-16 15:36:25 - [MESSAGE][PASSED] - Object: 'Object Repository/ME_CollateralandLoan_information/button_Mutasi Rekening' is clicked on

2024-01-16 15:36:25 - [TEST_STEP][PASSED] - takeFullPageScreenshotAsCheckpoint(ssDir + "scenario-1-masuk-submenu-input-mutasi-rekening.png"): Taking screenshot successfully

2024-01-16 15:36:26 - [MESSAGE][INFO] - 0 hidden object(s)

2024-01-16 15:36:27 - [MESSAGE][PASSED] - Taking screenshot successfully
[[ATTACHMENT|C:\Users\Jerry\Katalon Studio\me-corp-add-data\Screenshoot\Sprint2\Web\keyes\keyes-scenario-1-masuk-submenu-input-mutasi-rekening.png]]

2024-01-16 15:36:27 - [TEST_STEP][PASSED] - click(findTestObject("ME_CollateralandLoan_information/button_Add Mutasi Rekening")): Object: 'Object Repository/ME_CollateralandLoan_information/button_Add Mutasi Rekening' is clicked on

2024-01-16 15:36:27 - [MESSAGE][PASSED] - Object: 'Object Repository/ME_CollateralandLoan_information/button_Add Mutasi Rekening' is clicked on

2024-01-16 15:36:27 - [TEST_STEP][PASSED] - takeFullPageScreenshotAsCheckpoint(ssDir + "scenario-1-sebelum-input-data-mutasi-rekening.png"): Taking screenshot successfully

2024-01-16 15:36:28 - [MESSAGE][INFO] - 0 hidden object(s)

2024-01-16 15:36:29 - [MESSAGE][PASSED] - Taking screenshot successfully
[[ATTACHMENT|C:\Users\Jerry\Katalon Studio\me-corp-add-data\Screenshoot\Sprint2\Web\keyes\keyes-scenario-1-sebelum-input-data-mutasi-rekening.png]]

2024-01-16 15:36:29 - [TEST_STEP][PASSED] - click(findTestObject("ME_CollateralandLoan_information/a_Capture File_mutasirek")): Object: 'Object Repository/ME_CollateralandLoan_information/a_Capture File_mutasirek' is clicked on

2024-01-16 15:36:29 - [MESSAGE][PASSED] - Object: 'Object Repository/ME_CollateralandLoan_information/a_Capture File_mutasirek' is clicked on

2024-01-16 15:36:29 - [TEST_STEP][PASSED] - popup.popup.uploadFile(findTestObject("Object Repository/MEApp_AppBaru_InisiasiKonsumen/Page_Mobile Entry - BCAF/button_Local File"), userDir + pathfinder_npwp.replace("/", "\")): popup.popup.uploadFile is PASSED

2024-01-16 15:36:30 - [MESSAGE][PASSED] - Object: 'Object Repository/MEApp_AppBaru_InisiasiKonsumen/Page_Mobile Entry - BCAF/button_Local File' is clicked on

2024-01-16 15:36:31 - [MESSAGE][PASSED] - Delayed 0.5 second(s)

2024-01-16 15:36:31 - [MESSAGE][PASSED] - popup.popup.uploadFile is PASSED

2024-01-16 15:36:31 - [TEST_STEP][PASSED] - setText(findTestObject("ME_CollateralandLoan_information/input_Mutasi Debit_form-control text-right ng-untouched ng-pristine ng-valid"), information_mutasiDebit): Text '10000000' is set on object 'Object Repository/ME_CollateralandLoan_information/input_Mutasi Debit_form-control text-right ng-untouched ng-pristine ng-valid'

2024-01-16 15:36:32 - [MESSAGE][PASSED] - Text '10000000' is set on object 'Object Repository/ME_CollateralandLoan_information/input_Mutasi Debit_form-control text-right ng-untouched ng-pristine ng-valid'

2024-01-16 15:36:32 - [TEST_STEP][PASSED] - setText(findTestObject("ME_CollateralandLoan_information/input_Mutasi Kredit_form-control text-right ng-untouched ng-pristine ng-valid"), information_mutasiKredit): Text '10000000' is set on object 'Object Repository/ME_CollateralandLoan_information/input_Mutasi Kredit_form-control text-right ng-untouched ng-pristine ng-valid'

2024-01-16 15:36:33 - [MESSAGE][PASSED] - Text '10000000' is set on object 'Object Repository/ME_CollateralandLoan_information/input_Mutasi Kredit_form-control text-right ng-untouched ng-pristine ng-valid'

2024-01-16 15:36:33 - [TEST_STEP][PASSED] - setText(findTestObject("ME_CollateralandLoan_information/input_Mutasi Saldo_form-control text-right ng-untouched ng-pristine ng-valid"), information_mutasiSaldo): Text '10000000' is set on object 'Object Repository/ME_CollateralandLoan_information/input_Mutasi Saldo_form-control text-right ng-untouched ng-pristine ng-valid'

2024-01-16 15:36:34 - [MESSAGE][PASSED] - Text '10000000' is set on object 'Object Repository/ME_CollateralandLoan_information/input_Mutasi Saldo_form-control text-right ng-untouched ng-pristine ng-valid'

2024-01-16 15:36:34 - [TEST_STEP][PASSED] - takeFullPageScreenshotAsCheckpoint(ssDir + "scenario-1-input-data-mutasi-rekening.png"): Taking screenshot successfully

2024-01-16 15:36:35 - [MESSAGE][INFO] - 0 hidden object(s)

2024-01-16 15:36:35 - [MESSAGE][PASSED] - Taking screenshot successfully
[[ATTACHMENT|C:\Users\Jerry\Katalon Studio\me-corp-add-data\Screenshoot\Sprint2\Web\keyes\keyes-scenario-1-input-data-mutasi-rekening.png]]

2024-01-16 15:36:35 - [TEST_STEP][PASSED] - click(findTestObject("ME_CollateralandLoan_information/button_Add"), OPTIONAL): Object: 'Object Repository/ME_CollateralandLoan_information/button_Add' is clicked on

2024-01-16 15:36:36 - [MESSAGE][PASSED] - Object: 'Object Repository/ME_CollateralandLoan_information/button_Add' is clicked on

2024-01-16 15:36:36 - [TEST_STEP][PASSED] - click(findTestObject("ME_CollateralandLoan_information/button_View Detail_btn btn-edit ng-star-inserted"), OPTIONAL): Object: 'Object Repository/ME_CollateralandLoan_information/button_View Detail_btn btn-edit ng-star-inserted' is clicked on

2024-01-16 15:36:37 - [MESSAGE][PASSED] - Object: 'Object Repository/ME_CollateralandLoan_information/button_View Detail_btn btn-edit ng-star-inserted' is clicked on

2024-01-16 15:36:37 - [TEST_STEP][PASSED] - click(findTestObject("ME_CollateralandLoan_information/button_Save"), OPTIONAL): Object: 'Object Repository/ME_CollateralandLoan_information/button_Save' is clicked on

2024-01-16 15:36:38 - [MESSAGE][PASSED] - Object: 'Object Repository/ME_CollateralandLoan_information/button_Save' is clicked on

2024-01-16 15:36:38 - [TEST_STEP][PASSED] - click(findTestObject("ME_CollateralandLoan_information/a_View Detail_mutasirekening"), OPTIONAL): Object: 'Object Repository/ME_CollateralandLoan_information/a_View Detail_mutasirekening' is clicked on

2024-01-16 15:36:39 - [MESSAGE][PASSED] - Object: 'Object Repository/ME_CollateralandLoan_information/a_View Detail_mutasirekening' is clicked on

2024-01-16 15:36:39 - [TEST_STEP][PASSED] - takeFullPageScreenshotAsCheckpoint(ssDir + "scenario-1-berhasil-mengisi-data-information.png"): Taking screenshot successfully

2024-01-16 15:36:40 - [MESSAGE][INFO] - 0 hidden object(s)

2024-01-16 15:36:40 - [MESSAGE][PASSED] - Taking screenshot successfully
[[ATTACHMENT|C:\Users\Jerry\Katalon Studio\me-corp-add-data\Screenshoot\Sprint2\Web\keyes\keyes-scenario-1-berhasil-mengisi-data-information.png]]]]></system-out>
         <system-err><![CDATA[]]></system-err>
      </testcase>
      <testcase name="Test Cases/me corp/Transaction-AppPending-InputData-Vehicle" time="37.122" classname="Test Cases/me corp/Transaction-AppPending-InputData-Vehicle" status="ERROR">
         <error type="ERROR" message="Test Cases/me corp/Transaction-AppPending-InputData-Vehicle FAILED.
Reason:
java.lang.IllegalArgumentException: Invalid key code
	at java_awt_Robot$keyPress.call(Unknown Source)
	at popup.popup.writeString(popup.groovy:65)
	at popup.popup.invokeMethod(popup.groovy)
	at com.kms.katalon.core.main.CustomKeywordDelegatingMetaClass.invokeStaticMethod(CustomKeywordDelegatingMetaClass.java:55)
	at Transaction-AppPending-InputData-Vehicle.run(Transaction-AppPending-InputData-Vehicle:108)
	at com.kms.katalon.core.main.ScriptEngine.run(ScriptEngine.java:194)
	at com.kms.katalon.core.main.ScriptEngine.runScriptAsRawText(ScriptEngine.java:119)
	at com.kms.katalon.core.main.TestCaseExecutor.runScript(TestCaseExecutor.java:448)
	at com.kms.katalon.core.main.TestCaseExecutor.doExecute(TestCaseExecutor.java:439)
	at com.kms.katalon.core.main.TestCaseExecutor.processExecutionPhase(TestCaseExecutor.java:418)
	at com.kms.katalon.core.main.TestCaseExecutor.accessMainPhase(TestCaseExecutor.java:410)
	at com.kms.katalon.core.main.TestCaseExecutor.execute(TestCaseExecutor.java:285)
	at com.kms.katalon.core.common.CommonExecutor.accessTestCaseMainPhase(CommonExecutor.java:65)
	at com.kms.katalon.core.main.TestSuiteExecutor.accessTestSuiteMainPhase(TestSuiteExecutor.java:148)
	at com.kms.katalon.core.main.TestSuiteExecutor.execute(TestSuiteExecutor.java:106)
	at com.kms.katalon.core.main.TestCaseMain.startTestSuite(TestCaseMain.java:187)
	at com.kms.katalon.core.main.TestCaseMain$startTestSuite$0.call(Unknown Source)
	at TempTestSuite1705394043700.run(TempTestSuite1705394043700.groovy:36)
"/>
         <system-out><![CDATA[2024-01-16 15:36:40 - [TEST_CASE][ERROR] - Test Cases/me corp/Transaction-AppPending-InputData-Vehicle: Test Cases/me corp/Transaction-AppPending-InputData-Vehicle FAILED.
Reason:
java.lang.IllegalArgumentException: Invalid key code
	at java_awt_Robot$keyPress.call(Unknown Source)
	at popup.popup.writeString(popup.groovy:65)
	at popup.popup.invokeMethod(popup.groovy)
	at com.kms.katalon.core.main.CustomKeywordDelegatingMetaClass.invokeStaticMethod(CustomKeywordDelegatingMetaClass.java:55)
	at Transaction-AppPending-InputData-Vehicle.run(Transaction-AppPending-InputData-Vehicle:108)
	at com.kms.katalon.core.main.ScriptEngine.run(ScriptEngine.java:194)
	at com.kms.katalon.core.main.ScriptEngine.runScriptAsRawText(ScriptEngine.java:119)
	at com.kms.katalon.core.main.TestCaseExecutor.runScript(TestCaseExecutor.java:448)
	at com.kms.katalon.core.main.TestCaseExecutor.doExecute(TestCaseExecutor.java:439)
	at com.kms.katalon.core.main.TestCaseExecutor.processExecutionPhase(TestCaseExecutor.java:418)
	at com.kms.katalon.core.main.TestCaseExecutor.accessMainPhase(TestCaseExecutor.java:410)
	at com.kms.katalon.core.main.TestCaseExecutor.execute(TestCaseExecutor.java:285)
	at com.kms.katalon.core.common.CommonExecutor.accessTestCaseMainPhase(CommonExecutor.java:65)
	at com.kms.katalon.core.main.TestSuiteExecutor.accessTestSuiteMainPhase(TestSuiteExecutor.java:148)
	at com.kms.katalon.core.main.TestSuiteExecutor.execute(TestSuiteExecutor.java:106)
	at com.kms.katalon.core.main.TestCaseMain.startTestSuite(TestCaseMain.java:187)
	at com.kms.katalon.core.main.TestCaseMain$startTestSuite$0.call(Unknown Source)
	at TempTestSuite1705394043700.run(TempTestSuite1705394043700.groovy:36)


2024-01-16 15:36:41 - [TEST_STEP][PASSED] - userDir = getProjectDir(): null

2024-01-16 15:36:41 - [TEST_STEP][PASSED] - ssDir = userDir + sprint2WebScreenshotPath: null

2024-01-16 15:36:41 - [TEST_STEP][PASSED] - scrollToPosition(0, 130): Browser is scrolled to position x = 0, y = 130

2024-01-16 15:36:41 - [MESSAGE][PASSED] - Browser is scrolled to position x = 0, y = 130

2024-01-16 15:36:41 - [TEST_STEP][PASSED] - takeFullPageScreenshotAsCheckpoint(ssDir + "scenario-1-masuk-halaman-collateral-loan-vehicle.png"): Taking screenshot successfully

2024-01-16 15:36:43 - [MESSAGE][INFO] - 0 hidden object(s)

2024-01-16 15:36:43 - [MESSAGE][PASSED] - Taking screenshot successfully
[[ATTACHMENT|C:\Users\Jerry\Katalon Studio\me-corp-add-data\Screenshoot\Sprint2\Web\keyes\keyes-scenario-1-masuk-halaman-collateral-loan-vehicle.png]]

2024-01-16 15:36:43 - [TEST_STEP][PASSED] - markPassed("scenario 1 - Masuk halaman collateral loan vehicle"): scenario 1 - Masuk halaman collateral loan vehicle

2024-01-16 15:36:43 - [MESSAGE][PASSED] - scenario 1 - Masuk halaman collateral loan vehicle

2024-01-16 15:36:43 - [TEST_STEP][PASSED] - click(findTestObject("ME_CollateralAndLoan_Vehicle/li_Vehicle")): Object: 'Object Repository/ME_CollateralAndLoan_Vehicle/li_Vehicle' is clicked on

2024-01-16 15:36:46 - [MESSAGE][PASSED] - Object: 'Object Repository/ME_CollateralAndLoan_Vehicle/li_Vehicle' is clicked on

2024-01-16 15:36:46 - [TEST_STEP][PASSED] - waitForElementPresent(findTestObject("ME_CollateralAndLoan_Vehicle/input_dealername_ketiga"), 0): Object 'Object Repository/ME_CollateralAndLoan_Vehicle/input_dealername_ketiga' is present

2024-01-16 15:36:46 - [MESSAGE][WARNING] - Timeout '0' is invalid. Using default page load timeout: '30'

2024-01-16 15:36:47 - [MESSAGE][PASSED] - Object 'Object Repository/ME_CollateralAndLoan_Vehicle/input_dealername_ketiga' is present

2024-01-16 15:36:47 - [TEST_STEP][PASSED] - click(findTestObject("ME_CollateralAndLoan_Vehicle/input_dealername_ketiga"), OPTIONAL): Object: 'Object Repository/ME_CollateralAndLoan_Vehicle/input_dealername_ketiga' is clicked on

2024-01-16 15:36:47 - [MESSAGE][PASSED] - Object: 'Object Repository/ME_CollateralAndLoan_Vehicle/input_dealername_ketiga' is clicked on

2024-01-16 15:36:47 - [TEST_STEP][PASSED] - setText(findTestObject("ME_CollateralAndLoan_Vehicle/input_dealername_ketiga"), vehicle_dealerName, OPTIONAL): Text 'Agung Automall, PT' is set on object 'Object Repository/ME_CollateralAndLoan_Vehicle/input_dealername_ketiga'

2024-01-16 15:36:49 - [MESSAGE][PASSED] - Text 'Agung Automall, PT' is set on object 'Object Repository/ME_CollateralAndLoan_Vehicle/input_dealername_ketiga'

2024-01-16 15:36:49 - [TEST_STEP][PASSED] - click(findTestObject("ME_CollateralAndLoan_Vehicle/span_Akita Prima Mobilindo, PT", ["index":vehicle_dealerName])): Object: 'Object Repository/ME_CollateralAndLoan_Vehicle/span_Akita Prima Mobilindo, PT' is clicked on

2024-01-16 15:36:50 - [MESSAGE][PASSED] - Object: 'Object Repository/ME_CollateralAndLoan_Vehicle/span_Akita Prima Mobilindo, PT' is clicked on

2024-01-16 15:36:50 - [TEST_STEP][PASSED] - waitForElementPresent(findTestObject("ME_CollateralAndLoan_Vehicle/input_branch_ketiga"), 0): Object 'Object Repository/ME_CollateralAndLoan_Vehicle/input_branch_ketiga' is present

2024-01-16 15:36:50 - [MESSAGE][WARNING] - Timeout '0' is invalid. Using default page load timeout: '30'

2024-01-16 15:36:50 - [MESSAGE][PASSED] - Object 'Object Repository/ME_CollateralAndLoan_Vehicle/input_branch_ketiga' is present

2024-01-16 15:36:50 - [TEST_STEP][PASSED] - click(findTestObject("ME_CollateralAndLoan_Vehicle/input_branch_ketiga")): Object: 'Object Repository/ME_CollateralAndLoan_Vehicle/input_branch_ketiga' is clicked on

2024-01-16 15:36:51 - [MESSAGE][PASSED] - Object: 'Object Repository/ME_CollateralAndLoan_Vehicle/input_branch_ketiga' is clicked on

2024-01-16 15:36:51 - [TEST_STEP][PASSED] - setText(findTestObject("ME_CollateralAndLoan_Vehicle/input_branch_ketiga", ["index":vehicle_branch]), vehicle_branch): Text 'Agung Automall - Kota Baru' is set on object 'Object Repository/ME_CollateralAndLoan_Vehicle/input_branch_ketiga'

2024-01-16 15:36:52 - [MESSAGE][PASSED] - Text 'Agung Automall - Kota Baru' is set on object 'Object Repository/ME_CollateralAndLoan_Vehicle/input_branch_ketiga'

2024-01-16 15:36:52 - [TEST_STEP][PASSED] - click(findTestObject("ME_CollateralAndLoan_Vehicle/span_A1617 - Akita Prima Mobilindo - Pondok Cabe", ["index":vehicle_branch])): Object: 'Object Repository/ME_CollateralAndLoan_Vehicle/span_A1617 - Akita Prima Mobilindo - Pondok Cabe' is clicked on

2024-01-16 15:36:53 - [MESSAGE][PASSED] - Object: 'Object Repository/ME_CollateralAndLoan_Vehicle/span_A1617 - Akita Prima Mobilindo - Pondok Cabe' is clicked on

2024-01-16 15:36:53 - [TEST_STEP][PASSED] - verifyElementPresent(findTestObject("ME_CollateralAndLoan_Vehicle/input_Address_address"), 0): Object 'Object Repository/ME_CollateralAndLoan_Vehicle/input_Address_address' is present

2024-01-16 15:36:53 - [MESSAGE][WARNING] - Timeout '0' is invalid. Using default page load timeout: '30'

2024-01-16 15:36:53 - [MESSAGE][PASSED] - Object 'Object Repository/ME_CollateralAndLoan_Vehicle/input_Address_address' is present

2024-01-16 15:36:53 - [TEST_STEP][PASSED] - verifyElementPresent(findTestObject("ME_CollateralAndLoan_Vehicle/input_City_city"), 0): Object 'Object Repository/ME_CollateralAndLoan_Vehicle/input_City_city' is present

2024-01-16 15:36:54 - [MESSAGE][WARNING] - Timeout '0' is invalid. Using default page load timeout: '30'

2024-01-16 15:36:54 - [MESSAGE][PASSED] - Object 'Object Repository/ME_CollateralAndLoan_Vehicle/input_City_city' is present

2024-01-16 15:36:54 - [TEST_STEP][PASSED] - verifyElementPresent(findTestObject("ME_CollateralAndLoan_Vehicle/input_Telephone_phone"), 0): Object 'Object Repository/ME_CollateralAndLoan_Vehicle/input_Telephone_phone' is present

2024-01-16 15:36:54 - [MESSAGE][WARNING] - Timeout '0' is invalid. Using default page load timeout: '30'

2024-01-16 15:36:54 - [MESSAGE][PASSED] - Object 'Object Repository/ME_CollateralAndLoan_Vehicle/input_Telephone_phone' is present

2024-01-16 15:36:54 - [TEST_STEP][PASSED] - verifyElementPresent(findTestObject("ME_CollateralAndLoan_Vehicle/input_Authorize Dealer_authorizedDealer"), 0): Object 'Object Repository/ME_CollateralAndLoan_Vehicle/input_Authorize Dealer_authorizedDealer' is present

2024-01-16 15:36:54 - [MESSAGE][WARNING] - Timeout '0' is invalid. Using default page load timeout: '30'

2024-01-16 15:36:54 - [MESSAGE][PASSED] - Object 'Object Repository/ME_CollateralAndLoan_Vehicle/input_Authorize Dealer_authorizedDealer' is present

2024-01-16 15:36:54 - [TEST_STEP][PASSED] - verifyElementPresent(findTestObject("ME_CollateralAndLoan_Vehicle/input_Fax_fax"), 0): Object 'Object Repository/ME_CollateralAndLoan_Vehicle/input_Fax_fax' is present

2024-01-16 15:36:54 - [MESSAGE][WARNING] - Timeout '0' is invalid. Using default page load timeout: '30'

2024-01-16 15:36:55 - [MESSAGE][PASSED] - Object 'Object Repository/ME_CollateralAndLoan_Vehicle/input_Fax_fax' is present

2024-01-16 15:36:55 - [TEST_STEP][PASSED] - verifyElementPresent(findTestObject("ME_CollateralAndLoan_Vehicle/td_1-nomorrekening"), 0): Object 'Object Repository/ME_CollateralAndLoan_Vehicle/td_1-nomorrekening' is present

2024-01-16 15:36:55 - [MESSAGE][WARNING] - Timeout '0' is invalid. Using default page load timeout: '30'

2024-01-16 15:36:55 - [MESSAGE][PASSED] - Object 'Object Repository/ME_CollateralAndLoan_Vehicle/td_1-nomorrekening' is present

2024-01-16 15:36:55 - [TEST_STEP][PASSED] - takeFullPageScreenshotAsCheckpoint(ssDir + "scenario-1-masuk-halaman-collateral-loan-vehicle.png"): Taking screenshot successfully

2024-01-16 15:36:56 - [MESSAGE][INFO] - 0 hidden object(s)

2024-01-16 15:36:57 - [MESSAGE][PASSED] - Taking screenshot successfully
[[ATTACHMENT|C:\Users\Jerry\Katalon Studio\me-corp-add-data\Screenshoot\Sprint2\Web\keyes\keyes-scenario-1-masuk-halaman-collateral-loan-vehicle.png]]

2024-01-16 15:36:57 - [TEST_STEP][PASSED] - markPassed("scenario 1 - Masuk halaman collateral loan vehicle"): scenario 1 - Masuk halaman collateral loan vehicle

2024-01-16 15:36:57 - [MESSAGE][PASSED] - scenario 1 - Masuk halaman collateral loan vehicle

2024-01-16 15:36:57 - [TEST_STEP][PASSED] - click(findTestObject("ME_CollateralAndLoan_Vehicle/button_Data Vehicle")): Object: 'Object Repository/ME_CollateralAndLoan_Vehicle/button_Data Vehicle' is clicked on

2024-01-16 15:36:57 - [MESSAGE][PASSED] - Object: 'Object Repository/ME_CollateralAndLoan_Vehicle/button_Data Vehicle' is clicked on

2024-01-16 15:36:57 - [TEST_STEP][PASSED] - takeFullPageScreenshotAsCheckpoint(ssDir + "scenario-1-halaman-input-data-vehicle.png"): Taking screenshot successfully

2024-01-16 15:36:59 - [MESSAGE][INFO] - 0 hidden object(s)

2024-01-16 15:36:59 - [MESSAGE][PASSED] - Taking screenshot successfully
[[ATTACHMENT|C:\Users\Jerry\Katalon Studio\me-corp-add-data\Screenshoot\Sprint2\Web\keyes\keyes-scenario-1-halaman-input-data-vehicle.png]]

2024-01-16 15:36:59 - [TEST_STEP][PASSED] - markPassed("scenario 1 - halaman input data vehicle"): scenario 1 - halaman input data vehicle

2024-01-16 15:36:59 - [MESSAGE][PASSED] - scenario 1 - halaman input data vehicle

2024-01-16 15:36:59 - [TEST_STEP][PASSED] - scrollToElement(findTestObject("ME_CollateralAndLoan_Vehicle/button_Data Vehicle"), 0, STOP_ON_FAILURE): Scroll to object 'Object Repository/ME_CollateralAndLoan_Vehicle/button_Data Vehicle' successfully

2024-01-16 15:36:59 - [MESSAGE][WARNING] - Timeout '0' is invalid. Using default page load timeout: '30'

2024-01-16 15:36:59 - [MESSAGE][PASSED] - Scroll to object 'Object Repository/ME_CollateralAndLoan_Vehicle/button_Data Vehicle' successfully

2024-01-16 15:36:59 - [TEST_STEP][PASSED] - click(findTestObject("ME_CollateralAndLoan_Vehicle/input_used_carCondition-radio")): Object: 'Object Repository/ME_CollateralAndLoan_Vehicle/input_used_carCondition-radio' is clicked on

2024-01-16 15:37:00 - [MESSAGE][PASSED] - Object: 'Object Repository/ME_CollateralAndLoan_Vehicle/input_used_carCondition-radio' is clicked on

2024-01-16 15:37:00 - [TEST_STEP][PASSED] - click(findTestObject("Object Repository/ME_CollateralAndLoan_Vehicle/div_Pilih Product Code"), OPTIONAL): Object: 'Object Repository/ME_CollateralAndLoan_Vehicle/div_Pilih Product Code' is clicked on

2024-01-16 15:37:01 - [MESSAGE][PASSED] - Object: 'Object Repository/ME_CollateralAndLoan_Vehicle/div_Pilih Product Code' is clicked on

2024-01-16 15:37:01 - [TEST_STEP][PASSED] - popup.popup.writeString(vehicle_productCode, true): popup.popup.writeString is PASSED

2024-01-16 15:37:02 - [MESSAGE][PASSED] - popup.popup.writeString is PASSED

2024-01-16 15:37:02 - [TEST_STEP][PASSED] - click(findTestObject("vehiclekedua/input_brand_kedua")): Object: 'Object Repository/vehiclekedua/input_brand_kedua' is clicked on

2024-01-16 15:37:03 - [MESSAGE][PASSED] - Object: 'Object Repository/vehiclekedua/input_brand_kedua' is clicked on

2024-01-16 15:37:03 - [TEST_STEP][PASSED] - popup.popup.writeString(vehicle_brand, true): popup.popup.writeString is PASSED

2024-01-16 15:37:04 - [MESSAGE][PASSED] - popup.popup.writeString is PASSED

2024-01-16 15:37:04 - [TEST_STEP][PASSED] - click(findTestObject("vehiclekedua/input_model_kedua"), OPTIONAL): Object: 'Object Repository/vehiclekedua/input_model_kedua' is clicked on

2024-01-16 15:37:04 - [MESSAGE][PASSED] - Object: 'Object Repository/vehiclekedua/input_model_kedua' is clicked on

2024-01-16 15:37:04 - [TEST_STEP][PASSED] - popup.popup.writeString(vehicle_model, true): popup.popup.writeString is PASSED

2024-01-16 15:37:06 - [MESSAGE][PASSED] - popup.popup.writeString is PASSED

2024-01-16 15:37:06 - [TEST_STEP][PASSED] - click(findTestObject("ME_CollateralAndLoan_Vehicle/input_typekendaraan"), OPTIONAL): Object: 'Object Repository/ME_CollateralAndLoan_Vehicle/input_typekendaraan' is clicked on

2024-01-16 15:37:07 - [MESSAGE][PASSED] - Object: 'Object Repository/ME_CollateralAndLoan_Vehicle/input_typekendaraan' is clicked on

2024-01-16 15:37:07 - [TEST_STEP][PASSED] - popup.popup.writeString(vehicle_tipeKendaraan, true): popup.popup.writeString is PASSED

2024-01-16 15:37:13 - [MESSAGE][PASSED] - popup.popup.writeString is PASSED

2024-01-16 15:37:13 - [TEST_STEP][PASSED] - click(findTestObject("vehiclekedua/input_packet_kedua"), OPTIONAL): Object: 'Object Repository/vehiclekedua/input_packet_kedua' is clicked on

2024-01-16 15:37:14 - [MESSAGE][PASSED] - Object: 'Object Repository/vehiclekedua/input_packet_kedua' is clicked on

2024-01-16 15:37:14 - [TEST_STEP][ERROR] - popup.popup.writeString(vehicle_packet, true): Test Cases/me corp/Transaction-AppPending-InputData-Vehicle FAILED.
Reason:
com.kms.katalon.core.exception.StepErrorException: java.lang.IllegalArgumentException: Invalid key code
	at com.kms.katalon.core.main.CustomKeywordDelegatingMetaClass.throwError(CustomKeywordDelegatingMetaClass.java:101)
	at com.kms.katalon.core.main.CustomKeywordDelegatingMetaClass.invokeStaticMethod(CustomKeywordDelegatingMetaClass.java:73)
	at Transaction-AppPending-InputData-Vehicle.run(Transaction-AppPending-InputData-Vehicle:108)
	at com.kms.katalon.core.main.ScriptEngine.run(ScriptEngine.java:194)
	at com.kms.katalon.core.main.ScriptEngine.runScriptAsRawText(ScriptEngine.java:119)
	at com.kms.katalon.core.main.TestCaseExecutor.runScript(TestCaseExecutor.java:448)
	at com.kms.katalon.core.main.TestCaseExecutor.doExecute(TestCaseExecutor.java:439)
	at com.kms.katalon.core.main.TestCaseExecutor.processExecutionPhase(TestCaseExecutor.java:418)
	at com.kms.katalon.core.main.TestCaseExecutor.accessMainPhase(TestCaseExecutor.java:410)
	at com.kms.katalon.core.main.TestCaseExecutor.execute(TestCaseExecutor.java:285)
	at com.kms.katalon.core.common.CommonExecutor.accessTestCaseMainPhase(CommonExecutor.java:65)
	at com.kms.katalon.core.main.TestSuiteExecutor.accessTestSuiteMainPhase(TestSuiteExecutor.java:148)
	at com.kms.katalon.core.main.TestSuiteExecutor.execute(TestSuiteExecutor.java:106)
	at com.kms.katalon.core.main.TestCaseMain.startTestSuite(TestCaseMain.java:187)
	at com.kms.katalon.core.main.TestCaseMain$startTestSuite$0.call(Unknown Source)
	at TempTestSuite1705394043700.run(TempTestSuite1705394043700.groovy:36)
Caused by: java.lang.IllegalArgumentException: Invalid key code
	at java_awt_Robot$keyPress.call(Unknown Source)
	at popup.popup.writeString(popup.groovy:65)
	at popup.popup.invokeMethod(popup.groovy)
	at com.kms.katalon.core.main.CustomKeywordDelegatingMetaClass.invokeStaticMethod(CustomKeywordDelegatingMetaClass.java:55)
	... 14 more


2024-01-16 15:37:17 - [MESSAGE][ERROR] - Invalid key code

2024-01-16 15:37:17 - [MESSAGE][ERROR] - Test Cases/me corp/Transaction-AppPending-InputData-Vehicle FAILED.
Reason:
com.kms.katalon.core.exception.StepErrorException: java.lang.IllegalArgumentException: Invalid key code
	at com.kms.katalon.core.main.CustomKeywordDelegatingMetaClass.throwError(CustomKeywordDelegatingMetaClass.java:101)
	at com.kms.katalon.core.main.CustomKeywordDelegatingMetaClass.invokeStaticMethod(CustomKeywordDelegatingMetaClass.java:73)
	at Transaction-AppPending-InputData-Vehicle.run(Transaction-AppPending-InputData-Vehicle:108)
	at com.kms.katalon.core.main.ScriptEngine.run(ScriptEngine.java:194)
	at com.kms.katalon.core.main.ScriptEngine.runScriptAsRawText(ScriptEngine.java:119)
	at com.kms.katalon.core.main.TestCaseExecutor.runScript(TestCaseExecutor.java:448)
	at com.kms.katalon.core.main.TestCaseExecutor.doExecute(TestCaseExecutor.java:439)
	at com.kms.katalon.core.main.TestCaseExecutor.processExecutionPhase(TestCaseExecutor.java:418)
	at com.kms.katalon.core.main.TestCaseExecutor.accessMainPhase(TestCaseExecutor.java:410)
	at com.kms.katalon.core.main.TestCaseExecutor.execute(TestCaseExecutor.java:285)
	at com.kms.katalon.core.common.CommonExecutor.accessTestCaseMainPhase(CommonExecutor.java:65)
	at com.kms.katalon.core.main.TestSuiteExecutor.accessTestSuiteMainPhase(TestSuiteExecutor.java:148)
	at com.kms.katalon.core.main.TestSuiteExecutor.execute(TestSuiteExecutor.java:106)
	at com.kms.katalon.core.main.TestCaseMain.startTestSuite(TestCaseMain.java:187)
	at com.kms.katalon.core.main.TestCaseMain$startTestSuite$0.call(Unknown Source)
	at TempTestSuite1705394043700.run(TempTestSuite1705394043700.groovy:36)
Caused by: java.lang.IllegalArgumentException: Invalid key code
	at java_awt_Robot$keyPress.call(Unknown Source)
	at popup.popup.writeString(popup.groovy:65)
	at popup.popup.invokeMethod(popup.groovy)
	at com.kms.katalon.core.main.CustomKeywordDelegatingMetaClass.invokeStaticMethod(CustomKeywordDelegatingMetaClass.java:55)
	... 14 more]]></system-out>
         <system-err><![CDATA[2024-01-16 15:36:40 - [TEST_CASE][ERROR] - Test Cases/me corp/Transaction-AppPending-InputData-Vehicle: Test Cases/me corp/Transaction-AppPending-InputData-Vehicle FAILED.
Reason:
java.lang.IllegalArgumentException: Invalid key code
	at java_awt_Robot$keyPress.call(Unknown Source)
	at popup.popup.writeString(popup.groovy:65)
	at popup.popup.invokeMethod(popup.groovy)
	at com.kms.katalon.core.main.CustomKeywordDelegatingMetaClass.invokeStaticMethod(CustomKeywordDelegatingMetaClass.java:55)
	at Transaction-AppPending-InputData-Vehicle.run(Transaction-AppPending-InputData-Vehicle:108)
	at com.kms.katalon.core.main.ScriptEngine.run(ScriptEngine.java:194)
	at com.kms.katalon.core.main.ScriptEngine.runScriptAsRawText(ScriptEngine.java:119)
	at com.kms.katalon.core.main.TestCaseExecutor.runScript(TestCaseExecutor.java:448)
	at com.kms.katalon.core.main.TestCaseExecutor.doExecute(TestCaseExecutor.java:439)
	at com.kms.katalon.core.main.TestCaseExecutor.processExecutionPhase(TestCaseExecutor.java:418)
	at com.kms.katalon.core.main.TestCaseExecutor.accessMainPhase(TestCaseExecutor.java:410)
	at com.kms.katalon.core.main.TestCaseExecutor.execute(TestCaseExecutor.java:285)
	at com.kms.katalon.core.common.CommonExecutor.accessTestCaseMainPhase(CommonExecutor.java:65)
	at com.kms.katalon.core.main.TestSuiteExecutor.accessTestSuiteMainPhase(TestSuiteExecutor.java:148)
	at com.kms.katalon.core.main.TestSuiteExecutor.execute(TestSuiteExecutor.java:106)
	at com.kms.katalon.core.main.TestCaseMain.startTestSuite(TestCaseMain.java:187)
	at com.kms.katalon.core.main.TestCaseMain$startTestSuite$0.call(Unknown Source)
	at TempTestSuite1705394043700.run(TempTestSuite1705394043700.groovy:36)]]></system-err>
      </testcase>
      <system-out><![CDATA[2024-01-16 15:34:13 - [TEST_SUITE][ERROR] - MECORP: Test Cases/me corp/Transaction-AppPending-InputData-data-entry FAILED.
Reason:
org.codehaus.groovy.control.MultipleCompilationErrorsException: startup failed:
file:/C:/Users/Jerry/Katalon%20Studio/me-corp-add-data/Scripts/me%20corp/Transaction-AppPending-InputData-data-entry/Script1705304602769.groovy: 188: You tried to use a map entry for an index operation, this is not allowed. Maybe something should be set in parentheses or a comma is missing?
 @ line 188, column 136.
   nvalid is-invalid ng-touched'['index':'i
                                 ^

file:/C:/Users/Jerry/Katalon%20Studio/me-corp-add-data/Scripts/me%20corp/Transaction-AppPending-InputData-data-entry/Script1705304602769.groovy: 193: You tried to use a map entry for an index operation, this is not allowed. Maybe something should be set in parentheses or a comma is missing?
 @ line 193, column 136.
   nvalid is-invalid ng-touched'['index':'b
                                 ^

file:/C:/Users/Jerry/Katalon%20Studio/me-corp-add-data/Scripts/me%20corp/Transaction-AppPending-InputData-data-entry/Script1705304602769.groovy: 195: You tried to use a map entry for an index operation, this is not allowed. Maybe something should be set in parentheses or a comma is missing?
 @ line 195, column 136.
   nvalid is-invalid ng-touched'['index':'a
                                 ^

3 errors

	at com.kms.katalon.core.main.ScriptEngine.getScript(ScriptEngine.java:199)
	at com.kms.katalon.core.main.ScriptEngine.run(ScriptEngine.java:194)
	at com.kms.katalon.core.main.ScriptEngine.runScriptAsRawText(ScriptEngine.java:119)
	at com.kms.katalon.core.main.TestCaseExecutor.runScript(TestCaseExecutor.java:448)
	at com.kms.katalon.core.main.TestCaseExecutor.doExecute(TestCaseExecutor.java:439)
	at com.kms.katalon.core.main.TestCaseExecutor.processExecutionPhase(TestCaseExecutor.java:418)
	at com.kms.katalon.core.main.TestCaseExecutor.accessMainPhase(TestCaseExecutor.java:410)
	at com.kms.katalon.core.main.TestCaseExecutor.execute(TestCaseExecutor.java:285)
	at com.kms.katalon.core.common.CommonExecutor.accessTestCaseMainPhase(CommonExecutor.java:65)
	at com.kms.katalon.core.main.TestSuiteExecutor.accessTestSuiteMainPhase(TestSuiteExecutor.java:148)
	at com.kms.katalon.core.main.TestSuiteExecutor.execute(TestSuiteExecutor.java:106)
	at com.kms.katalon.core.main.TestCaseMain.startTestSuite(TestCaseMain.java:187)
	at com.kms.katalon.core.main.TestCaseMain$startTestSuite$0.call(Unknown Source)
	at TempTestSuite1705394043700.run(TempTestSuite1705394043700.groovy:36)]]></system-out>
      <system-err><![CDATA[2024-01-16 15:34:13 - [TEST_SUITE][ERROR] - MECORP: Test Cases/me corp/Transaction-AppPending-InputData-data-entry FAILED.
Reason:
org.codehaus.groovy.control.MultipleCompilationErrorsException: startup failed:
file:/C:/Users/Jerry/Katalon%20Studio/me-corp-add-data/Scripts/me%20corp/Transaction-AppPending-InputData-data-entry/Script1705304602769.groovy: 188: You tried to use a map entry for an index operation, this is not allowed. Maybe something should be set in parentheses or a comma is missing?
 @ line 188, column 136.
   nvalid is-invalid ng-touched'['index':'i
                                 ^

file:/C:/Users/Jerry/Katalon%20Studio/me-corp-add-data/Scripts/me%20corp/Transaction-AppPending-InputData-data-entry/Script1705304602769.groovy: 193: You tried to use a map entry for an index operation, this is not allowed. Maybe something should be set in parentheses or a comma is missing?
 @ line 193, column 136.
   nvalid is-invalid ng-touched'['index':'b
                                 ^

file:/C:/Users/Jerry/Katalon%20Studio/me-corp-add-data/Scripts/me%20corp/Transaction-AppPending-InputData-data-entry/Script1705304602769.groovy: 195: You tried to use a map entry for an index operation, this is not allowed. Maybe something should be set in parentheses or a comma is missing?
 @ line 195, column 136.
   nvalid is-invalid ng-touched'['index':'a
                                 ^

3 errors

	at com.kms.katalon.core.main.ScriptEngine.getScript(ScriptEngine.java:199)
	at com.kms.katalon.core.main.ScriptEngine.run(ScriptEngine.java:194)
	at com.kms.katalon.core.main.ScriptEngine.runScriptAsRawText(ScriptEngine.java:119)
	at com.kms.katalon.core.main.TestCaseExecutor.runScript(TestCaseExecutor.java:448)
	at com.kms.katalon.core.main.TestCaseExecutor.doExecute(TestCaseExecutor.java:439)
	at com.kms.katalon.core.main.TestCaseExecutor.processExecutionPhase(TestCaseExecutor.java:418)
	at com.kms.katalon.core.main.TestCaseExecutor.accessMainPhase(TestCaseExecutor.java:410)
	at com.kms.katalon.core.main.TestCaseExecutor.execute(TestCaseExecutor.java:285)
	at com.kms.katalon.core.common.CommonExecutor.accessTestCaseMainPhase(CommonExecutor.java:65)
	at com.kms.katalon.core.main.TestSuiteExecutor.accessTestSuiteMainPhase(TestSuiteExecutor.java:148)
	at com.kms.katalon.core.main.TestSuiteExecutor.execute(TestSuiteExecutor.java:106)
	at com.kms.katalon.core.main.TestCaseMain.startTestSuite(TestCaseMain.java:187)
	at com.kms.katalon.core.main.TestCaseMain$startTestSuite$0.call(Unknown Source)
	at TempTestSuite1705394043700.run(TempTestSuite1705394043700.groovy:36)]]></system-err>
   </testsuite>
</testsuites>
