<?xml version="1.0" encoding="UTF-8"?>
<testsuites name="skenarioAlin" time="26.118" tests="3" failures="0" errors="0">
   <testsuite name="skenarioAlin" tests="3" failures="0" errors="0" time="26.118" skipped="0" timestamp="26-02-2024T10:51:55" hostname="clarien cahyono - LAPTOP-JTB6QV1G" id="Test Suites/skenarioAlin">
      <properties>
         <property name="deviceName" value=""/>
         <property name="devicePlatform" value=""/>
         <property name="logFolder" value="D:\\BCAF\\me-corp-add-data\\Reports\\20240226_105149\\skenarioAlin\\20240226_105149"/>
         <property name="logFiles" value="D:\\BCAF\\me-corp-add-data\\Reports\\20240226_105149\\skenarioAlin\\20240226_105149\\execution0.log"/>
         <property name="attachments" value="D:\BCAF\me-corp-add-data\Screenshoot\me1\Web\skenario-login.png, D:\BCAF\me-corp-add-data\Screenshoot\me1\Web\skenario-button-aplikasi-baru.png, D:\BCAF\me-corp-add-data\Screenshoot\me1\Web\skenario-login.png, D:\BCAF\me-corp-add-data\Screenshoot\me1\Web\skenario-button-aplikasi-baru.png, D:\BCAF\me-corp-add-data\Screenshoot\me1\Web\skenario-login.png, D:\BCAF\me-corp-add-data\Screenshoot\me1\Web\skenario-button-aplikasi-baru.png"/>
         <property name="hostName" value="clarien cahyono - LAPTOP-JTB6QV1G"/>
         <property name="os" value="Windows 11 64bit"/>
         <property name="katalonVersion" value="9.3.0.212"/>
         <property name="browser" value="Chrome 121.0.0.0"/>
         <property name="hostAddress" value="10.10.13.35"/>
         <property name="sessionId" value="00e9bb63d05b37a68227020a7179032c"/>
         <property name="seleniumVersion" value="3.141.59"/>
         <property name="proxyInformation" value="ProxyInformation { proxyOption=NO_PROXY, proxyServerType=HTTP, username=, password=********, proxyServerAddress=, proxyServerPort=0, executionList=&quot;&quot;, isApplyToDesiredCapabilities=true }"/>
         <property name="platform" value="Windows 11"/>
      </properties>
      <testcase name="Test Cases/me corp - aline/Login" time="8.67" classname="Test Cases/me corp - aline/Login" status="PASSED">
         <system-out><![CDATA[26-02-2024T10:51:55 - [TEST_CASE][PASSED] - Test Cases/me corp - aline/Login: Test Cases/me corp - aline/Login

26-02-2024T10:51:55 - [TEST_STEP][PASSED] - baseDir = System.getProperty("user.dir"): null

26-02-2024T10:51:55 - [TEST_STEP][PASSED] - switch (login_role): null

26-02-2024T10:51:55 - [TEST_STEP][PASSED] - case "cmo":: null

26-02-2024T10:51:55 - [TEST_STEP][PASSED] - username = CMO: null

26-02-2024T10:51:56 - [TEST_STEP][PASSED] - break: null

26-02-2024T10:51:56 - [TEST_STEP][PASSED] - openBrowser(ME_url): Browser is opened with url: 'https://mecorporate.idofocus.co.id:25443/login'

26-02-2024T10:51:56 - [MESSAGE][INFO] - Starting 'Chrome' driver

26-02-2024T10:51:56 - [MESSAGE][INFO] - Action delay is set to 0 milliseconds

26-02-2024T10:51:58 - [MESSAGE][PASSED] - Browser is opened with url: 'https://mecorporate.idofocus.co.id:25443/login'

26-02-2024T10:51:58 - [TEST_STEP][PASSED] - maximizeWindow(): Current window maximized

26-02-2024T10:51:58 - [MESSAGE][PASSED] - Current window maximized

26-02-2024T10:51:58 - [TEST_STEP][PASSED] - setText(findTestObject("Object Repository/xpath_dynamic", ["xpath":"//form//input[@formcontrolname='username']"]), username): Text '20160535' is set on object 'Object Repository/xpath_dynamic'

26-02-2024T10:51:59 - [MESSAGE][PASSED] - Text '20160535' is set on object 'Object Repository/xpath_dynamic'

26-02-2024T10:51:59 - [TEST_STEP][PASSED] - setText(findTestObject("Object Repository/xpath_dynamic", ["xpath":"//form//input[@formcontrolname='password']"]), password): Text 'Mobile123+' is set on object 'Object Repository/xpath_dynamic'

26-02-2024T10:52:00 - [MESSAGE][PASSED] - Text 'Mobile123+' is set on object 'Object Repository/xpath_dynamic'

26-02-2024T10:52:00 - [TEST_STEP][PASSED] - click(findTestObject("Object Repository/xpath_dynamic", ["xpath":"//form//button[@type='submit']"])): Object: 'Object Repository/xpath_dynamic' is clicked on

26-02-2024T10:52:01 - [MESSAGE][PASSED] - Object: 'Object Repository/xpath_dynamic' is clicked on

26-02-2024T10:52:01 - [TEST_STEP][PASSED] - takeScreenshot(baseDir + me1WebScreenshotPath + "skenario-login" + ".png", STOP_ON_FAILURE): Taking screenshot successfully

26-02-2024T10:52:03 - [MESSAGE][PASSED] - Taking screenshot successfully
[[ATTACHMENT|D:\BCAF\me-corp-add-data\Screenshoot\me1\Web\skenario-login.png]]

26-02-2024T10:52:03 - [TEST_STEP][PASSED] - click(findTestObject("Object Repository/xpath_dynamic", ["xpath":"//ul/li[@id='menu0']"])): Object: 'Object Repository/xpath_dynamic' is clicked on

26-02-2024T10:52:03 - [MESSAGE][PASSED] - Object: 'Object Repository/xpath_dynamic' is clicked on

26-02-2024T10:52:03 - [TEST_STEP][PASSED] - click(findTestObject("Object Repository/xpath_dynamic", ["xpath":"//*[@id='sidebar']//a[@href='/aplikasi-baru']"])): Object: 'Object Repository/xpath_dynamic' is clicked on

26-02-2024T10:52:03 - [MESSAGE][PASSED] - Object: 'Object Repository/xpath_dynamic' is clicked on

26-02-2024T10:52:03 - [TEST_STEP][PASSED] - takeScreenshot(baseDir + me1WebScreenshotPath + "skenario-button-aplikasi-baru" + ".png", STOP_ON_FAILURE): Taking screenshot successfully

26-02-2024T10:52:04 - [MESSAGE][PASSED] - Taking screenshot successfully
[[ATTACHMENT|D:\BCAF\me-corp-add-data\Screenshoot\me1\Web\skenario-button-aplikasi-baru.png]]]]></system-out>
         <system-err><![CDATA[]]></system-err>
      </testcase>
      <testcase name="Test Cases/me corp - aline/Login" time="6.503" classname="Test Cases/me corp - aline/Login" status="PASSED">
         <system-out><![CDATA[26-02-2024T10:52:08 - [TEST_CASE][PASSED] - Test Cases/me corp - aline/Login: Test Cases/me corp - aline/Login

26-02-2024T10:52:08 - [TEST_STEP][PASSED] - baseDir = System.getProperty("user.dir"): null

26-02-2024T10:52:08 - [TEST_STEP][PASSED] - switch (login_role): null

26-02-2024T10:52:08 - [TEST_STEP][PASSED] - case "cmo":: null

26-02-2024T10:52:08 - [TEST_STEP][PASSED] - username = CMO: null

26-02-2024T10:52:08 - [TEST_STEP][PASSED] - break: null

26-02-2024T10:52:08 - [TEST_STEP][PASSED] - openBrowser(ME_url): Browser is opened with url: 'https://mecorporate.idofocus.co.id:25443/login'

26-02-2024T10:52:08 - [MESSAGE][WARNING] - A browser is already opened. Closing browser and opening a new one

26-02-2024T10:52:08 - [MESSAGE][INFO] - Starting 'Chrome' driver

26-02-2024T10:52:08 - [MESSAGE][INFO] - Action delay is set to 0 milliseconds

26-02-2024T10:52:10 - [MESSAGE][PASSED] - Browser is opened with url: 'https://mecorporate.idofocus.co.id:25443/login'

26-02-2024T10:52:10 - [TEST_STEP][PASSED] - maximizeWindow(): Current window maximized

26-02-2024T10:52:10 - [MESSAGE][PASSED] - Current window maximized

26-02-2024T10:52:10 - [TEST_STEP][PASSED] - setText(findTestObject("Object Repository/xpath_dynamic", ["xpath":"//form//input[@formcontrolname='username']"]), username): Text '20160535' is set on object 'Object Repository/xpath_dynamic'

26-02-2024T10:52:11 - [MESSAGE][PASSED] - Text '20160535' is set on object 'Object Repository/xpath_dynamic'

26-02-2024T10:52:11 - [TEST_STEP][PASSED] - setText(findTestObject("Object Repository/xpath_dynamic", ["xpath":"//form//input[@formcontrolname='password']"]), password): Text 'Mobile123+' is set on object 'Object Repository/xpath_dynamic'

26-02-2024T10:52:11 - [MESSAGE][PASSED] - Text 'Mobile123+' is set on object 'Object Repository/xpath_dynamic'

26-02-2024T10:52:11 - [TEST_STEP][PASSED] - click(findTestObject("Object Repository/xpath_dynamic", ["xpath":"//form//button[@type='submit']"])): Object: 'Object Repository/xpath_dynamic' is clicked on

26-02-2024T10:52:12 - [MESSAGE][PASSED] - Object: 'Object Repository/xpath_dynamic' is clicked on

26-02-2024T10:52:12 - [TEST_STEP][PASSED] - takeScreenshot(baseDir + me1WebScreenshotPath + "skenario-login" + ".png", STOP_ON_FAILURE): Taking screenshot successfully

26-02-2024T10:52:14 - [MESSAGE][PASSED] - Taking screenshot successfully
[[ATTACHMENT|D:\BCAF\me-corp-add-data\Screenshoot\me1\Web\skenario-login.png]]

26-02-2024T10:52:14 - [TEST_STEP][PASSED] - click(findTestObject("Object Repository/xpath_dynamic", ["xpath":"//ul/li[@id='menu0']"])): Object: 'Object Repository/xpath_dynamic' is clicked on

26-02-2024T10:52:14 - [MESSAGE][PASSED] - Object: 'Object Repository/xpath_dynamic' is clicked on

26-02-2024T10:52:14 - [TEST_STEP][PASSED] - click(findTestObject("Object Repository/xpath_dynamic", ["xpath":"//*[@id='sidebar']//a[@href='/aplikasi-baru']"])): Object: 'Object Repository/xpath_dynamic' is clicked on

26-02-2024T10:52:14 - [MESSAGE][PASSED] - Object: 'Object Repository/xpath_dynamic' is clicked on

26-02-2024T10:52:14 - [TEST_STEP][PASSED] - takeScreenshot(baseDir + me1WebScreenshotPath + "skenario-button-aplikasi-baru" + ".png", STOP_ON_FAILURE): Taking screenshot successfully

26-02-2024T10:52:15 - [MESSAGE][PASSED] - Taking screenshot successfully
[[ATTACHMENT|D:\BCAF\me-corp-add-data\Screenshoot\me1\Web\skenario-button-aplikasi-baru.png]]]]></system-out>
         <system-err><![CDATA[]]></system-err>
      </testcase>
      <testcase name="Test Cases/me corp - aline/Login" time="6.316" classname="Test Cases/me corp - aline/Login" status="PASSED">
         <system-out><![CDATA[26-02-2024T10:52:15 - [TEST_CASE][PASSED] - Test Cases/me corp - aline/Login: Test Cases/me corp - aline/Login

26-02-2024T10:52:15 - [TEST_STEP][PASSED] - baseDir = System.getProperty("user.dir"): null

26-02-2024T10:52:15 - [TEST_STEP][PASSED] - switch (login_role): null

26-02-2024T10:52:15 - [TEST_STEP][PASSED] - case "cmo":: null

26-02-2024T10:52:15 - [TEST_STEP][PASSED] - username = CMO: null

26-02-2024T10:52:15 - [TEST_STEP][PASSED] - break: null

26-02-2024T10:52:15 - [TEST_STEP][PASSED] - openBrowser(ME_url): Browser is opened with url: 'https://mecorporate.idofocus.co.id:25443/login'

26-02-2024T10:52:15 - [MESSAGE][WARNING] - A browser is already opened. Closing browser and opening a new one

26-02-2024T10:52:15 - [MESSAGE][INFO] - Starting 'Chrome' driver

26-02-2024T10:52:15 - [MESSAGE][INFO] - Action delay is set to 0 milliseconds

26-02-2024T10:52:16 - [MESSAGE][PASSED] - Browser is opened with url: 'https://mecorporate.idofocus.co.id:25443/login'

26-02-2024T10:52:16 - [TEST_STEP][PASSED] - maximizeWindow(): Current window maximized

26-02-2024T10:52:16 - [MESSAGE][PASSED] - Current window maximized

26-02-2024T10:52:16 - [TEST_STEP][PASSED] - setText(findTestObject("Object Repository/xpath_dynamic", ["xpath":"//form//input[@formcontrolname='username']"]), username): Text '20160535' is set on object 'Object Repository/xpath_dynamic'

26-02-2024T10:52:17 - [MESSAGE][PASSED] - Text '20160535' is set on object 'Object Repository/xpath_dynamic'

26-02-2024T10:52:17 - [TEST_STEP][PASSED] - setText(findTestObject("Object Repository/xpath_dynamic", ["xpath":"//form//input[@formcontrolname='password']"]), password): Text 'Mobile123+' is set on object 'Object Repository/xpath_dynamic'

26-02-2024T10:52:18 - [MESSAGE][PASSED] - Text 'Mobile123+' is set on object 'Object Repository/xpath_dynamic'

26-02-2024T10:52:18 - [TEST_STEP][PASSED] - click(findTestObject("Object Repository/xpath_dynamic", ["xpath":"//form//button[@type='submit']"])): Object: 'Object Repository/xpath_dynamic' is clicked on

26-02-2024T10:52:18 - [MESSAGE][PASSED] - Object: 'Object Repository/xpath_dynamic' is clicked on

26-02-2024T10:52:18 - [TEST_STEP][PASSED] - takeScreenshot(baseDir + me1WebScreenshotPath + "skenario-login" + ".png", STOP_ON_FAILURE): Taking screenshot successfully

26-02-2024T10:52:20 - [MESSAGE][PASSED] - Taking screenshot successfully
[[ATTACHMENT|D:\BCAF\me-corp-add-data\Screenshoot\me1\Web\skenario-login.png]]

26-02-2024T10:52:20 - [TEST_STEP][PASSED] - click(findTestObject("Object Repository/xpath_dynamic", ["xpath":"//ul/li[@id='menu0']"])): Object: 'Object Repository/xpath_dynamic' is clicked on

26-02-2024T10:52:20 - [MESSAGE][PASSED] - Object: 'Object Repository/xpath_dynamic' is clicked on

26-02-2024T10:52:20 - [TEST_STEP][PASSED] - click(findTestObject("Object Repository/xpath_dynamic", ["xpath":"//*[@id='sidebar']//a[@href='/aplikasi-baru']"])): Object: 'Object Repository/xpath_dynamic' is clicked on

26-02-2024T10:52:20 - [MESSAGE][PASSED] - Object: 'Object Repository/xpath_dynamic' is clicked on

26-02-2024T10:52:20 - [TEST_STEP][PASSED] - takeScreenshot(baseDir + me1WebScreenshotPath + "skenario-button-aplikasi-baru" + ".png", STOP_ON_FAILURE): Taking screenshot successfully

26-02-2024T10:52:21 - [MESSAGE][PASSED] - Taking screenshot successfully
[[ATTACHMENT|D:\BCAF\me-corp-add-data\Screenshoot\me1\Web\skenario-button-aplikasi-baru.png]]]]></system-out>
         <system-err><![CDATA[]]></system-err>
      </testcase>
      <system-out><![CDATA[26-02-2024T10:51:55 - [TEST_SUITE][FAILED] - skenarioAlin: Test Cases/me corp - aline/Login FAILED.
Reason:
com.kms.katalon.core.exception.StepFailedException: Unable to set text 'Mobile123+' of object 'Object Repository/xpath_dynamic'
	at com.kms.katalon.core.webui.keyword.internal.WebUIKeywordMain.stepFailed(WebUIKeywordMain.groovy:64)
	at com.kms.katalon.core.webui.keyword.internal.WebUIKeywordMain.runKeyword(WebUIKeywordMain.groovy:26)
	at com.kms.katalon.core.webui.keyword.builtin.SetTextKeyword.setText(SetTextKeyword.groovy:85)
	at com.kms.katalon.core.webui.keyword.builtin.SetTextKeyword.execute(SetTextKeyword.groovy:39)
	at com.kms.katalon.core.keyword.internal.KeywordExecutor.executeKeywordForPlatform(KeywordExecutor.groovy:74)
	at com.kms.katalon.core.webui.keyword.WebUiBuiltInKeywords.setText(WebUiBuiltInKeywords.groovy:1019)
	at Login.run(Login:41)
	at com.kms.katalon.core.main.ScriptEngine.run(ScriptEngine.java:194)
	at com.kms.katalon.core.main.ScriptEngine.runScriptAsRawText(ScriptEngine.java:119)
	at com.kms.katalon.core.main.TestCaseExecutor.runScript(TestCaseExecutor.java:448)
	at com.kms.katalon.core.main.TestCaseExecutor.doExecute(TestCaseExecutor.java:439)
	at com.kms.katalon.core.main.TestCaseExecutor.processExecutionPhase(TestCaseExecutor.java:418)
	at com.kms.katalon.core.main.TestCaseExecutor.accessMainPhase(TestCaseExecutor.java:410)
	at com.kms.katalon.core.main.TestCaseExecutor.execute(TestCaseExecutor.java:285)
	at com.kms.katalon.core.common.CommonExecutor.accessTestCaseMainPhase(CommonExecutor.java:65)
	at com.kms.katalon.core.main.TestSuiteExecutor.accessTestSuiteMainPhase(TestSuiteExecutor.java:148)
	at com.kms.katalon.core.main.TestSuiteExecutor.execute(TestSuiteExecutor.java:106)
	at com.kms.katalon.core.main.TestCaseMain.startTestSuite(TestCaseMain.java:180)
	at TempTestSuite1708919509442.run(TempTestSuite1708919509442.groovy:36)
	at java.base/jdk.internal.reflect.NativeMethodAccessorImpl.invoke0(Native Method)
	at java.base/jdk.internal.reflect.NativeMethodAccessorImpl.invoke(NativeMethodAccessorImpl.java:77)
	at java.base/jdk.internal.reflect.DelegatingMethodAccessorImpl.invoke(DelegatingMethodAccessorImpl.java:43)
Caused by: org.openqa.selenium.NoSuchWindowException: no such window: target window already closed
from unknown error: web view not found
  (Session info: chrome=121.0.6167.189)
Build info: version: '3.141.59', revision: 'e82be7d358', time: '2018-11-14T08:25:53'
System info: host: 'LAPTOP-JTB6QV1G', ip: '10.10.13.35', os.name: 'Windows 11', os.arch: 'amd64', os.version: '10.0', java.version: '17.0.7'
Driver info: com.kms.katalon.selenium.driver.CChromeDriver
Capabilities {acceptInsecureCerts: false, browserName: chrome, browserVersion: 121.0.6167.189, chrome: {chromedriverVersion: 121.0.6167.85 (3f98d690ad7e..., userDataDir: C:\Users\CLARIE~1\AppData\L...}, fedcm:accounts: true, goog:chromeOptions: {debuggerAddress: localhost:64235}, javascriptEnabled: true, networkConnectionEnabled: false, pageLoadStrategy: normal, platform: WINDOWS, platformName: WINDOWS, proxy: Proxy(), setWindowRect: true, strictFileInteractability: false, timeouts: {implicit: 0, pageLoad: 300000, script: 30000}, unhandledPromptBehavior: dismiss and notify, webauthn:extension:credBlob: true, webauthn:extension:largeBlob: true, webauthn:extension:minPinLength: true, webauthn:extension:prf: true, webauthn:virtualAuthenticators: true}
Session ID: 4e8e951f10188ceacba6d0370270a40a
*** Element info: {Using=xpath, value=//form//input[@formcontrolname='password']}
	at java.base/jdk.internal.reflect.NativeConstructorAccessorImpl.newInstance0(Native Method)
	at java.base/jdk.internal.reflect.NativeConstructorAccessorImpl.newInstance(NativeConstructorAccessorImpl.java:77)
	at java.base/jdk.internal.reflect.DelegatingConstructorAccessorImpl.newInstance(DelegatingConstructorAccessorImpl.java:45)
	at org.openqa.selenium.remote.http.W3CHttpResponseCodec.createException(W3CHttpResponseCodec.java:187)
	at org.openqa.selenium.remote.http.W3CHttpResponseCodec.decode(W3CHttpResponseCodec.java:122)
	at org.openqa.selenium.remote.http.W3CHttpResponseCodec.decode(W3CHttpResponseCodec.java:49)
	at org.openqa.selenium.remote.HttpCommandExecutor.execute(HttpCommandExecutor.java:158)
	at org.openqa.selenium.remote.service.DriverCommandExecutor.execute(DriverCommandExecutor.java:83)
	at org.openqa.selenium.remote.RemoteWebDriver.execute(RemoteWebDriver.java:552)
	at com.kms.katalon.selenium.driver.CChromeDriver.execute(CChromeDriver.java:19)
	at org.openqa.selenium.remote.RemoteWebDriver.findElements(RemoteWebDriver.java:353)
	at org.openqa.selenium.remote.RemoteWebDriver.findElementsByXPath(RemoteWebDriver.java:432)
	at org.openqa.selenium.By$ByXPath.findElements(By.java:348)
	at org.openqa.selenium.remote.RemoteWebDriver.findElements(RemoteWebDriver.java:311)
	at java.base/jdk.internal.reflect.NativeMethodAccessorImpl.invoke0(Native Method)
	at java.base/jdk.internal.reflect.NativeMethodAccessorImpl.invoke(NativeMethodAccessorImpl.java:77)
	at java.base/jdk.internal.reflect.DelegatingMethodAccessorImpl.invoke(DelegatingMethodAccessorImpl.java:43)
	at org.openqa.selenium.support.events.EventFiringWebDriver.lambda$new$1(EventFiringWebDriver.java:105)
	at jdk.proxy2/jdk.proxy2.$Proxy23.findElements(Unknown Source)
	at org.openqa.selenium.support.events.EventFiringWebDriver.findElements(EventFiringWebDriver.java:182)
	at com.kms.katalon.core.webui.common.WebUiCommonHelper.findElementByNormalMethods(WebUiCommonHelper.java:1025)
	at com.kms.katalon.core.webui.common.WebUiCommonHelper.findElementsBySelectedMethod(WebUiCommonHelper.java:915)
	at com.kms.katalon.core.webui.common.WebUiCommonHelper.findElementsBySelectedMethod(WebUiCommonHelper.java:897)
	at com.kms.katalon.core.webui.common.WebUiCommonHelper.findElementsBySelectedMethod(WebUiCommonHelper.java:892)
	at com.kms.katalon.core.webui.common.WebUiCommonHelper.findElementsByDefault(WebUiCommonHelper.java:888)
	at com.kms.katalon.core.webui.common.WebUiCommonHelper.findElementsWithSelfHealing(WebUiCommonHelper.java:734)
	at com.kms.katalon.core.webui.common.WebUiCommonHelper.findWebElements(WebUiCommonHelper.java:718)
	at com.kms.katalon.core.webui.common.WebUiCommonHelper.findWebElement(WebUiCommonHelper.java:1374)
	at com.kms.katalon.core.webui.keyword.internal.WebUIAbstractKeyword.findWebElement(WebUIAbstractKeyword.groovy:27)
	at com.kms.katalon.core.webui.keyword.internal.WebUIAbstractKeyword.findWebElement(WebUIAbstractKeyword.groovy:26)
	at com.kms.katalon.core.webui.keyword.builtin.SetTextKeyword$_setText_closure1.doCall(SetTextKeyword.groovy:53)
	at com.kms.katalon.core.webui.keyword.builtin.SetTextKeyword$_setText_closure1.call(SetTextKeyword.groovy)
	at com.kms.katalon.core.webui.keyword.internal.WebUIKeywordMain.runKeyword(WebUIKeywordMain.groovy:20)
	... 20 more]]></system-out>
      <system-err><![CDATA[26-02-2024T10:51:55 - [TEST_SUITE][FAILED] - skenarioAlin: Test Cases/me corp - aline/Login FAILED.
Reason:
com.kms.katalon.core.exception.StepFailedException: Unable to set text 'Mobile123+' of object 'Object Repository/xpath_dynamic'
	at com.kms.katalon.core.webui.keyword.internal.WebUIKeywordMain.stepFailed(WebUIKeywordMain.groovy:64)
	at com.kms.katalon.core.webui.keyword.internal.WebUIKeywordMain.runKeyword(WebUIKeywordMain.groovy:26)
	at com.kms.katalon.core.webui.keyword.builtin.SetTextKeyword.setText(SetTextKeyword.groovy:85)
	at com.kms.katalon.core.webui.keyword.builtin.SetTextKeyword.execute(SetTextKeyword.groovy:39)
	at com.kms.katalon.core.keyword.internal.KeywordExecutor.executeKeywordForPlatform(KeywordExecutor.groovy:74)
	at com.kms.katalon.core.webui.keyword.WebUiBuiltInKeywords.setText(WebUiBuiltInKeywords.groovy:1019)
	at Login.run(Login:41)
	at com.kms.katalon.core.main.ScriptEngine.run(ScriptEngine.java:194)
	at com.kms.katalon.core.main.ScriptEngine.runScriptAsRawText(ScriptEngine.java:119)
	at com.kms.katalon.core.main.TestCaseExecutor.runScript(TestCaseExecutor.java:448)
	at com.kms.katalon.core.main.TestCaseExecutor.doExecute(TestCaseExecutor.java:439)
	at com.kms.katalon.core.main.TestCaseExecutor.processExecutionPhase(TestCaseExecutor.java:418)
	at com.kms.katalon.core.main.TestCaseExecutor.accessMainPhase(TestCaseExecutor.java:410)
	at com.kms.katalon.core.main.TestCaseExecutor.execute(TestCaseExecutor.java:285)
	at com.kms.katalon.core.common.CommonExecutor.accessTestCaseMainPhase(CommonExecutor.java:65)
	at com.kms.katalon.core.main.TestSuiteExecutor.accessTestSuiteMainPhase(TestSuiteExecutor.java:148)
	at com.kms.katalon.core.main.TestSuiteExecutor.execute(TestSuiteExecutor.java:106)
	at com.kms.katalon.core.main.TestCaseMain.startTestSuite(TestCaseMain.java:180)
	at TempTestSuite1708919509442.run(TempTestSuite1708919509442.groovy:36)
	at java.base/jdk.internal.reflect.NativeMethodAccessorImpl.invoke0(Native Method)
	at java.base/jdk.internal.reflect.NativeMethodAccessorImpl.invoke(NativeMethodAccessorImpl.java:77)
	at java.base/jdk.internal.reflect.DelegatingMethodAccessorImpl.invoke(DelegatingMethodAccessorImpl.java:43)
Caused by: org.openqa.selenium.NoSuchWindowException: no such window: target window already closed
from unknown error: web view not found
  (Session info: chrome=121.0.6167.189)
Build info: version: '3.141.59', revision: 'e82be7d358', time: '2018-11-14T08:25:53'
System info: host: 'LAPTOP-JTB6QV1G', ip: '10.10.13.35', os.name: 'Windows 11', os.arch: 'amd64', os.version: '10.0', java.version: '17.0.7'
Driver info: com.kms.katalon.selenium.driver.CChromeDriver
Capabilities {acceptInsecureCerts: false, browserName: chrome, browserVersion: 121.0.6167.189, chrome: {chromedriverVersion: 121.0.6167.85 (3f98d690ad7e..., userDataDir: C:\Users\CLARIE~1\AppData\L...}, fedcm:accounts: true, goog:chromeOptions: {debuggerAddress: localhost:64235}, javascriptEnabled: true, networkConnectionEnabled: false, pageLoadStrategy: normal, platform: WINDOWS, platformName: WINDOWS, proxy: Proxy(), setWindowRect: true, strictFileInteractability: false, timeouts: {implicit: 0, pageLoad: 300000, script: 30000}, unhandledPromptBehavior: dismiss and notify, webauthn:extension:credBlob: true, webauthn:extension:largeBlob: true, webauthn:extension:minPinLength: true, webauthn:extension:prf: true, webauthn:virtualAuthenticators: true}
Session ID: 4e8e951f10188ceacba6d0370270a40a
*** Element info: {Using=xpath, value=//form//input[@formcontrolname='password']}
	at java.base/jdk.internal.reflect.NativeConstructorAccessorImpl.newInstance0(Native Method)
	at java.base/jdk.internal.reflect.NativeConstructorAccessorImpl.newInstance(NativeConstructorAccessorImpl.java:77)
	at java.base/jdk.internal.reflect.DelegatingConstructorAccessorImpl.newInstance(DelegatingConstructorAccessorImpl.java:45)
	at org.openqa.selenium.remote.http.W3CHttpResponseCodec.createException(W3CHttpResponseCodec.java:187)
	at org.openqa.selenium.remote.http.W3CHttpResponseCodec.decode(W3CHttpResponseCodec.java:122)
	at org.openqa.selenium.remote.http.W3CHttpResponseCodec.decode(W3CHttpResponseCodec.java:49)
	at org.openqa.selenium.remote.HttpCommandExecutor.execute(HttpCommandExecutor.java:158)
	at org.openqa.selenium.remote.service.DriverCommandExecutor.execute(DriverCommandExecutor.java:83)
	at org.openqa.selenium.remote.RemoteWebDriver.execute(RemoteWebDriver.java:552)
	at com.kms.katalon.selenium.driver.CChromeDriver.execute(CChromeDriver.java:19)
	at org.openqa.selenium.remote.RemoteWebDriver.findElements(RemoteWebDriver.java:353)
	at org.openqa.selenium.remote.RemoteWebDriver.findElementsByXPath(RemoteWebDriver.java:432)
	at org.openqa.selenium.By$ByXPath.findElements(By.java:348)
	at org.openqa.selenium.remote.RemoteWebDriver.findElements(RemoteWebDriver.java:311)
	at java.base/jdk.internal.reflect.NativeMethodAccessorImpl.invoke0(Native Method)
	at java.base/jdk.internal.reflect.NativeMethodAccessorImpl.invoke(NativeMethodAccessorImpl.java:77)
	at java.base/jdk.internal.reflect.DelegatingMethodAccessorImpl.invoke(DelegatingMethodAccessorImpl.java:43)
	at org.openqa.selenium.support.events.EventFiringWebDriver.lambda$new$1(EventFiringWebDriver.java:105)
	at jdk.proxy2/jdk.proxy2.$Proxy23.findElements(Unknown Source)
	at org.openqa.selenium.support.events.EventFiringWebDriver.findElements(EventFiringWebDriver.java:182)
	at com.kms.katalon.core.webui.common.WebUiCommonHelper.findElementByNormalMethods(WebUiCommonHelper.java:1025)
	at com.kms.katalon.core.webui.common.WebUiCommonHelper.findElementsBySelectedMethod(WebUiCommonHelper.java:915)
	at com.kms.katalon.core.webui.common.WebUiCommonHelper.findElementsBySelectedMethod(WebUiCommonHelper.java:897)
	at com.kms.katalon.core.webui.common.WebUiCommonHelper.findElementsBySelectedMethod(WebUiCommonHelper.java:892)
	at com.kms.katalon.core.webui.common.WebUiCommonHelper.findElementsByDefault(WebUiCommonHelper.java:888)
	at com.kms.katalon.core.webui.common.WebUiCommonHelper.findElementsWithSelfHealing(WebUiCommonHelper.java:734)
	at com.kms.katalon.core.webui.common.WebUiCommonHelper.findWebElements(WebUiCommonHelper.java:718)
	at com.kms.katalon.core.webui.common.WebUiCommonHelper.findWebElement(WebUiCommonHelper.java:1374)
	at com.kms.katalon.core.webui.keyword.internal.WebUIAbstractKeyword.findWebElement(WebUIAbstractKeyword.groovy:27)
	at com.kms.katalon.core.webui.keyword.internal.WebUIAbstractKeyword.findWebElement(WebUIAbstractKeyword.groovy:26)
	at com.kms.katalon.core.webui.keyword.builtin.SetTextKeyword$_setText_closure1.doCall(SetTextKeyword.groovy:53)
	at com.kms.katalon.core.webui.keyword.builtin.SetTextKeyword$_setText_closure1.call(SetTextKeyword.groovy)
	at com.kms.katalon.core.webui.keyword.internal.WebUIKeywordMain.runKeyword(WebUIKeywordMain.groovy:20)
	... 20 more]]></system-err>
   </testsuite>
</testsuites>
